ARM GAS  C:\Users\oggih\AppData\Local\Temp\ccb0FUjh.s 			page 1


   1              		.syntax unified
   2              		.cpu cortex-m0
   3              		.fpu softvfp
   4              		.eabi_attribute 20, 1
   5              		.eabi_attribute 21, 1
   6              		.eabi_attribute 23, 3
   7              		.eabi_attribute 24, 1
   8              		.eabi_attribute 25, 1
   9              		.eabi_attribute 26, 1
  10              		.eabi_attribute 30, 1
  11              		.eabi_attribute 34, 0
  12              		.eabi_attribute 18, 4
  13              		.thumb
  14              		.syntax unified
  15              		.file	"cyfitter_cfg.c"
  16              		.text
  17              	.Ltext0:
  18              		.cfi_sections	.debug_frame
  19              		.section	.text.cfg_write_bytes32,"ax",%progbits
  20              		.align	2
  21              		.code	16
  22              		.thumb_func
  23              		.type	cfg_write_bytes32, %function
  24              	cfg_write_bytes32:
  25              	.LFB3:
  26              		.file 1 "Generated_Source\\PSoC4\\cyfitter_cfg.c"
   1:Generated_Source\PSoC4/cyfitter_cfg.c **** 
   2:Generated_Source\PSoC4/cyfitter_cfg.c **** /*******************************************************************************
   3:Generated_Source\PSoC4/cyfitter_cfg.c **** * File Name: cyfitter_cfg.c
   4:Generated_Source\PSoC4/cyfitter_cfg.c **** * 
   5:Generated_Source\PSoC4/cyfitter_cfg.c **** * PSoC Creator  4.4
   6:Generated_Source\PSoC4/cyfitter_cfg.c **** *
   7:Generated_Source\PSoC4/cyfitter_cfg.c **** * Description:
   8:Generated_Source\PSoC4/cyfitter_cfg.c **** * This file contains device initialization code.
   9:Generated_Source\PSoC4/cyfitter_cfg.c **** * Except for the user defined sections in CyClockStartupError(), this file should not be modified.
  10:Generated_Source\PSoC4/cyfitter_cfg.c **** * This file is automatically generated by PSoC Creator.
  11:Generated_Source\PSoC4/cyfitter_cfg.c **** *
  12:Generated_Source\PSoC4/cyfitter_cfg.c **** ********************************************************************************
  13:Generated_Source\PSoC4/cyfitter_cfg.c **** * Copyright (c) 2007-2020 Cypress Semiconductor.  All rights reserved.
  14:Generated_Source\PSoC4/cyfitter_cfg.c **** * You may use this file only in accordance with the license, terms, conditions, 
  15:Generated_Source\PSoC4/cyfitter_cfg.c **** * disclaimers, and limitations in the end user license agreement accompanying 
  16:Generated_Source\PSoC4/cyfitter_cfg.c **** * the software package with which this file was provided.
  17:Generated_Source\PSoC4/cyfitter_cfg.c **** ********************************************************************************/
  18:Generated_Source\PSoC4/cyfitter_cfg.c **** 
  19:Generated_Source\PSoC4/cyfitter_cfg.c **** #include <string.h>
  20:Generated_Source\PSoC4/cyfitter_cfg.c **** #include "cytypes.h"
  21:Generated_Source\PSoC4/cyfitter_cfg.c **** #include "cydevice_trm.h"
  22:Generated_Source\PSoC4/cyfitter_cfg.c **** #include "cyfitter.h"
  23:Generated_Source\PSoC4/cyfitter_cfg.c **** #include "CyLib.h"
  24:Generated_Source\PSoC4/cyfitter_cfg.c **** #include "CyLFClk.h"
  25:Generated_Source\PSoC4/cyfitter_cfg.c **** #include "cyfitter_cfg.h"
  26:Generated_Source\PSoC4/cyfitter_cfg.c **** #include "cyapicallbacks.h"
  27:Generated_Source\PSoC4/cyfitter_cfg.c **** 
  28:Generated_Source\PSoC4/cyfitter_cfg.c **** 
  29:Generated_Source\PSoC4/cyfitter_cfg.c **** #if defined(__GNUC__) || defined(__ARMCC_VERSION)
  30:Generated_Source\PSoC4/cyfitter_cfg.c ****     #define CYPACKED 
  31:Generated_Source\PSoC4/cyfitter_cfg.c ****     #define CYPACKED_ATTR __attribute__ ((packed))
ARM GAS  C:\Users\oggih\AppData\Local\Temp\ccb0FUjh.s 			page 2


  32:Generated_Source\PSoC4/cyfitter_cfg.c ****     #define CYALIGNED __attribute__ ((aligned))
  33:Generated_Source\PSoC4/cyfitter_cfg.c ****     #define CY_CFG_UNUSED __attribute__ ((unused))
  34:Generated_Source\PSoC4/cyfitter_cfg.c ****     #ifndef CY_CFG_SECTION
  35:Generated_Source\PSoC4/cyfitter_cfg.c ****         #define CY_CFG_SECTION __attribute__ ((section(".psocinit")))
  36:Generated_Source\PSoC4/cyfitter_cfg.c ****     #endif
  37:Generated_Source\PSoC4/cyfitter_cfg.c ****     
  38:Generated_Source\PSoC4/cyfitter_cfg.c ****     #if defined(__ARMCC_VERSION)
  39:Generated_Source\PSoC4/cyfitter_cfg.c ****         #define CY_CFG_MEMORY_BARRIER() __memory_changed()
  40:Generated_Source\PSoC4/cyfitter_cfg.c ****     #else
  41:Generated_Source\PSoC4/cyfitter_cfg.c ****         #define CY_CFG_MEMORY_BARRIER() __sync_synchronize()
  42:Generated_Source\PSoC4/cyfitter_cfg.c ****     #endif
  43:Generated_Source\PSoC4/cyfitter_cfg.c ****     
  44:Generated_Source\PSoC4/cyfitter_cfg.c **** #elif defined(__ICCARM__)
  45:Generated_Source\PSoC4/cyfitter_cfg.c ****     #include <intrinsics.h>
  46:Generated_Source\PSoC4/cyfitter_cfg.c **** 
  47:Generated_Source\PSoC4/cyfitter_cfg.c ****     #define CYPACKED __packed
  48:Generated_Source\PSoC4/cyfitter_cfg.c ****     #define CYPACKED_ATTR 
  49:Generated_Source\PSoC4/cyfitter_cfg.c ****     #define CYALIGNED _Pragma("data_alignment=4")
  50:Generated_Source\PSoC4/cyfitter_cfg.c ****     #define CY_CFG_UNUSED _Pragma("diag_suppress=Pe177")
  51:Generated_Source\PSoC4/cyfitter_cfg.c ****     #define CY_CFG_SECTION _Pragma("location=\".psocinit\"")
  52:Generated_Source\PSoC4/cyfitter_cfg.c ****     
  53:Generated_Source\PSoC4/cyfitter_cfg.c ****     #define CY_CFG_MEMORY_BARRIER() __DMB()
  54:Generated_Source\PSoC4/cyfitter_cfg.c ****     
  55:Generated_Source\PSoC4/cyfitter_cfg.c **** #else
  56:Generated_Source\PSoC4/cyfitter_cfg.c ****     #error Unsupported toolchain
  57:Generated_Source\PSoC4/cyfitter_cfg.c **** #endif
  58:Generated_Source\PSoC4/cyfitter_cfg.c **** 
  59:Generated_Source\PSoC4/cyfitter_cfg.c **** #ifndef CYCODE
  60:Generated_Source\PSoC4/cyfitter_cfg.c ****     #define CYCODE
  61:Generated_Source\PSoC4/cyfitter_cfg.c **** #endif
  62:Generated_Source\PSoC4/cyfitter_cfg.c **** #ifndef CYDATA
  63:Generated_Source\PSoC4/cyfitter_cfg.c ****     #define CYDATA
  64:Generated_Source\PSoC4/cyfitter_cfg.c **** #endif
  65:Generated_Source\PSoC4/cyfitter_cfg.c **** #ifndef CYFAR
  66:Generated_Source\PSoC4/cyfitter_cfg.c ****     #define CYFAR
  67:Generated_Source\PSoC4/cyfitter_cfg.c **** #endif
  68:Generated_Source\PSoC4/cyfitter_cfg.c **** #ifndef CYXDATA
  69:Generated_Source\PSoC4/cyfitter_cfg.c ****     #define CYXDATA
  70:Generated_Source\PSoC4/cyfitter_cfg.c **** #endif
  71:Generated_Source\PSoC4/cyfitter_cfg.c **** 
  72:Generated_Source\PSoC4/cyfitter_cfg.c **** 
  73:Generated_Source\PSoC4/cyfitter_cfg.c **** CY_CFG_UNUSED
  74:Generated_Source\PSoC4/cyfitter_cfg.c **** static void CYMEMZERO(void *s, size_t n);
  75:Generated_Source\PSoC4/cyfitter_cfg.c **** CY_CFG_UNUSED
  76:Generated_Source\PSoC4/cyfitter_cfg.c **** static void CYMEMZERO(void *s, size_t n)
  77:Generated_Source\PSoC4/cyfitter_cfg.c **** {
  78:Generated_Source\PSoC4/cyfitter_cfg.c **** 	(void)memset(s, 0, n);
  79:Generated_Source\PSoC4/cyfitter_cfg.c **** }
  80:Generated_Source\PSoC4/cyfitter_cfg.c **** CY_CFG_UNUSED
  81:Generated_Source\PSoC4/cyfitter_cfg.c **** static void CYCONFIGCPY(void *dest, const void *src, size_t n);
  82:Generated_Source\PSoC4/cyfitter_cfg.c **** CY_CFG_UNUSED
  83:Generated_Source\PSoC4/cyfitter_cfg.c **** static void CYCONFIGCPY(void *dest, const void *src, size_t n)
  84:Generated_Source\PSoC4/cyfitter_cfg.c **** {
  85:Generated_Source\PSoC4/cyfitter_cfg.c **** 	(void)memcpy(dest, src, n);
  86:Generated_Source\PSoC4/cyfitter_cfg.c **** }
  87:Generated_Source\PSoC4/cyfitter_cfg.c **** CY_CFG_UNUSED
  88:Generated_Source\PSoC4/cyfitter_cfg.c **** static void CYCONFIGCPYCODE(void *dest, const void *src, size_t n);
ARM GAS  C:\Users\oggih\AppData\Local\Temp\ccb0FUjh.s 			page 3


  89:Generated_Source\PSoC4/cyfitter_cfg.c **** CY_CFG_UNUSED
  90:Generated_Source\PSoC4/cyfitter_cfg.c **** static void CYCONFIGCPYCODE(void *dest, const void *src, size_t n)
  91:Generated_Source\PSoC4/cyfitter_cfg.c **** {
  92:Generated_Source\PSoC4/cyfitter_cfg.c **** 	(void)memcpy(dest, src, n);
  93:Generated_Source\PSoC4/cyfitter_cfg.c **** }
  94:Generated_Source\PSoC4/cyfitter_cfg.c **** 
  95:Generated_Source\PSoC4/cyfitter_cfg.c **** 
  96:Generated_Source\PSoC4/cyfitter_cfg.c **** 
  97:Generated_Source\PSoC4/cyfitter_cfg.c **** 
  98:Generated_Source\PSoC4/cyfitter_cfg.c **** /* Clock startup error codes                                                   */
  99:Generated_Source\PSoC4/cyfitter_cfg.c **** #define CYCLOCKSTART_NO_ERROR    0u
 100:Generated_Source\PSoC4/cyfitter_cfg.c **** #define CYCLOCKSTART_XTAL_ERROR  1u
 101:Generated_Source\PSoC4/cyfitter_cfg.c **** #define CYCLOCKSTART_32KHZ_ERROR 2u
 102:Generated_Source\PSoC4/cyfitter_cfg.c **** #define CYCLOCKSTART_PLL_ERROR   3u
 103:Generated_Source\PSoC4/cyfitter_cfg.c **** #define CYCLOCKSTART_FLL_ERROR   4u
 104:Generated_Source\PSoC4/cyfitter_cfg.c **** #define CYCLOCKSTART_WCO_ERROR   5u
 105:Generated_Source\PSoC4/cyfitter_cfg.c **** 
 106:Generated_Source\PSoC4/cyfitter_cfg.c **** 
 107:Generated_Source\PSoC4/cyfitter_cfg.c **** #ifdef CY_NEED_CYCLOCKSTARTUPERROR
 108:Generated_Source\PSoC4/cyfitter_cfg.c **** /*******************************************************************************
 109:Generated_Source\PSoC4/cyfitter_cfg.c **** * Function Name: CyClockStartupError
 110:Generated_Source\PSoC4/cyfitter_cfg.c **** ********************************************************************************
 111:Generated_Source\PSoC4/cyfitter_cfg.c **** * Summary:
 112:Generated_Source\PSoC4/cyfitter_cfg.c **** *  If an error is encountered during clock configuration (crystal startup error,
 113:Generated_Source\PSoC4/cyfitter_cfg.c **** *  PLL lock error, etc.), the system will end up here.  Unless reimplemented by
 114:Generated_Source\PSoC4/cyfitter_cfg.c **** *  the customer, this function will stop in an infinite loop.
 115:Generated_Source\PSoC4/cyfitter_cfg.c **** *
 116:Generated_Source\PSoC4/cyfitter_cfg.c **** * Parameters:
 117:Generated_Source\PSoC4/cyfitter_cfg.c **** *   void
 118:Generated_Source\PSoC4/cyfitter_cfg.c **** *
 119:Generated_Source\PSoC4/cyfitter_cfg.c **** * Return:
 120:Generated_Source\PSoC4/cyfitter_cfg.c **** *   void
 121:Generated_Source\PSoC4/cyfitter_cfg.c **** *
 122:Generated_Source\PSoC4/cyfitter_cfg.c **** *******************************************************************************/
 123:Generated_Source\PSoC4/cyfitter_cfg.c **** CY_CFG_UNUSED
 124:Generated_Source\PSoC4/cyfitter_cfg.c **** static void CyClockStartupError(uint8 errorCode);
 125:Generated_Source\PSoC4/cyfitter_cfg.c **** CY_CFG_UNUSED
 126:Generated_Source\PSoC4/cyfitter_cfg.c **** static void CyClockStartupError(uint8 errorCode)
 127:Generated_Source\PSoC4/cyfitter_cfg.c **** {
 128:Generated_Source\PSoC4/cyfitter_cfg.c ****     /* To remove the compiler warning if errorCode not used.                */
 129:Generated_Source\PSoC4/cyfitter_cfg.c ****     errorCode = errorCode;
 130:Generated_Source\PSoC4/cyfitter_cfg.c **** 
 131:Generated_Source\PSoC4/cyfitter_cfg.c ****     /* If we have a clock startup error (bad MHz crystal, PLL lock, etc.),  */
 132:Generated_Source\PSoC4/cyfitter_cfg.c ****     /* we will end up here to allow the customer to implement something to  */
 133:Generated_Source\PSoC4/cyfitter_cfg.c ****     /* deal with the clock condition.                                       */
 134:Generated_Source\PSoC4/cyfitter_cfg.c **** 
 135:Generated_Source\PSoC4/cyfitter_cfg.c **** #ifdef CY_CFG_CLOCK_STARTUP_ERROR_CALLBACK
 136:Generated_Source\PSoC4/cyfitter_cfg.c ****     CY_CFG_Clock_Startup_ErrorCallback();
 137:Generated_Source\PSoC4/cyfitter_cfg.c **** #else
 138:Generated_Source\PSoC4/cyfitter_cfg.c ****     /*  If not using CY_CFG_CLOCK_STARTUP_ERROR_CALLBACK, place your clock startup code here. */
 139:Generated_Source\PSoC4/cyfitter_cfg.c ****     /* `#START CyClockStartupError` */
 140:Generated_Source\PSoC4/cyfitter_cfg.c **** 
 141:Generated_Source\PSoC4/cyfitter_cfg.c **** 
 142:Generated_Source\PSoC4/cyfitter_cfg.c **** 
 143:Generated_Source\PSoC4/cyfitter_cfg.c ****     /* `#END` */
 144:Generated_Source\PSoC4/cyfitter_cfg.c **** 
 145:Generated_Source\PSoC4/cyfitter_cfg.c ****     while(1) {}
ARM GAS  C:\Users\oggih\AppData\Local\Temp\ccb0FUjh.s 			page 4


 146:Generated_Source\PSoC4/cyfitter_cfg.c **** #endif /* CY_CFG_CLOCK_STARTUP_ERROR_CALLBACK */
 147:Generated_Source\PSoC4/cyfitter_cfg.c **** }
 148:Generated_Source\PSoC4/cyfitter_cfg.c **** #endif
 149:Generated_Source\PSoC4/cyfitter_cfg.c **** 
 150:Generated_Source\PSoC4/cyfitter_cfg.c **** #define CY_CFG_BASE_ADDR_COUNT 6u
 151:Generated_Source\PSoC4/cyfitter_cfg.c **** CYPACKED typedef struct
 152:Generated_Source\PSoC4/cyfitter_cfg.c **** {
 153:Generated_Source\PSoC4/cyfitter_cfg.c **** 	uint8 offset;
 154:Generated_Source\PSoC4/cyfitter_cfg.c **** 	uint8 value;
 155:Generated_Source\PSoC4/cyfitter_cfg.c **** } CYPACKED_ATTR cy_cfg_addrvalue_t;
 156:Generated_Source\PSoC4/cyfitter_cfg.c **** 
 157:Generated_Source\PSoC4/cyfitter_cfg.c **** 
 158:Generated_Source\PSoC4/cyfitter_cfg.c **** 
 159:Generated_Source\PSoC4/cyfitter_cfg.c **** /*******************************************************************************
 160:Generated_Source\PSoC4/cyfitter_cfg.c **** * Function Name: cfg_write_bytes32
 161:Generated_Source\PSoC4/cyfitter_cfg.c **** ********************************************************************************
 162:Generated_Source\PSoC4/cyfitter_cfg.c **** * Summary:
 163:Generated_Source\PSoC4/cyfitter_cfg.c **** *  This function is used for setting up the chip configuration areas that
 164:Generated_Source\PSoC4/cyfitter_cfg.c **** *  contain relatively sparse data.
 165:Generated_Source\PSoC4/cyfitter_cfg.c **** *
 166:Generated_Source\PSoC4/cyfitter_cfg.c **** * Parameters:
 167:Generated_Source\PSoC4/cyfitter_cfg.c **** *   void
 168:Generated_Source\PSoC4/cyfitter_cfg.c **** *
 169:Generated_Source\PSoC4/cyfitter_cfg.c **** * Return:
 170:Generated_Source\PSoC4/cyfitter_cfg.c **** *   void
 171:Generated_Source\PSoC4/cyfitter_cfg.c **** *
 172:Generated_Source\PSoC4/cyfitter_cfg.c **** *******************************************************************************/
 173:Generated_Source\PSoC4/cyfitter_cfg.c **** static void cfg_write_bytes32(const uint32 addr_table[], const cy_cfg_addrvalue_t data_table[]);
 174:Generated_Source\PSoC4/cyfitter_cfg.c **** static void cfg_write_bytes32(const uint32 addr_table[], const cy_cfg_addrvalue_t data_table[])
 175:Generated_Source\PSoC4/cyfitter_cfg.c **** {
  27              		.loc 1 175 0
  28              		.cfi_startproc
  29              		@ args = 0, pretend = 0, frame = 0
  30              		@ frame_needed = 0, uses_anonymous_args = 0
  31              	.LVL0:
  32 0000 F0B5     		push	{r4, r5, r6, r7, lr}
  33              		.cfi_def_cfa_offset 20
  34              		.cfi_offset 4, -20
  35              		.cfi_offset 5, -16
  36              		.cfi_offset 6, -12
  37              		.cfi_offset 7, -8
  38              		.cfi_offset 14, -4
  39              	.LVL1:
 176:Generated_Source\PSoC4/cyfitter_cfg.c **** 	/* For 32-bit little-endian architectures */
 177:Generated_Source\PSoC4/cyfitter_cfg.c **** 	uint32 i, j = 0u;
  40              		.loc 1 177 0
  41 0002 0025     		movs	r5, #0
 178:Generated_Source\PSoC4/cyfitter_cfg.c **** 	for (i = 0u; i < CY_CFG_BASE_ADDR_COUNT; i++)
  42              		.loc 1 178 0
  43 0004 0027     		movs	r7, #0
  44 0006 11E0     		b	.L2
  45              	.LVL2:
  46              	.L5:
  47              	.LBB2:
 179:Generated_Source\PSoC4/cyfitter_cfg.c **** 	{
 180:Generated_Source\PSoC4/cyfitter_cfg.c **** 		uint32 baseAddr = addr_table[i];
  48              		.loc 1 180 0
ARM GAS  C:\Users\oggih\AppData\Local\Temp\ccb0FUjh.s 			page 5


  49 0008 BB00     		lsls	r3, r7, #2
  50 000a C658     		ldr	r6, [r0, r3]
  51              	.LVL3:
 181:Generated_Source\PSoC4/cyfitter_cfg.c **** 		uint8 count = (uint8)baseAddr;
  52              		.loc 1 181 0
  53 000c F3B2     		uxtb	r3, r6
  54              	.LVL4:
 182:Generated_Source\PSoC4/cyfitter_cfg.c **** 		baseAddr &= 0xFFFFFF00u;
  55              		.loc 1 182 0
  56 000e FF22     		movs	r2, #255
  57 0010 9643     		bics	r6, r2
  58              	.LVL5:
 183:Generated_Source\PSoC4/cyfitter_cfg.c **** 		while (count != 0u)
  59              		.loc 1 183 0
  60 0012 08E0     		b	.L3
  61              	.L4:
 184:Generated_Source\PSoC4/cyfitter_cfg.c **** 		{
 185:Generated_Source\PSoC4/cyfitter_cfg.c **** 			CY_SET_REG8((void *)(baseAddr + data_table[j].offset), data_table[j].value);
  62              		.loc 1 185 0
  63 0014 6A00     		lsls	r2, r5, #1
  64 0016 8A18     		adds	r2, r1, r2
  65 0018 1478     		ldrb	r4, [r2]
  66 001a A419     		adds	r4, r4, r6
  67 001c 5278     		ldrb	r2, [r2, #1]
  68 001e 2270     		strb	r2, [r4]
 186:Generated_Source\PSoC4/cyfitter_cfg.c **** 			j++;
  69              		.loc 1 186 0
  70 0020 0135     		adds	r5, r5, #1
  71              	.LVL6:
 187:Generated_Source\PSoC4/cyfitter_cfg.c **** 			count--;
  72              		.loc 1 187 0
  73 0022 013B     		subs	r3, r3, #1
  74              	.LVL7:
  75 0024 DBB2     		uxtb	r3, r3
  76              	.LVL8:
  77              	.L3:
 183:Generated_Source\PSoC4/cyfitter_cfg.c **** 		{
  78              		.loc 1 183 0
  79 0026 002B     		cmp	r3, #0
  80 0028 F4D1     		bne	.L4
  81              	.LBE2:
 178:Generated_Source\PSoC4/cyfitter_cfg.c **** 	{
  82              		.loc 1 178 0 discriminator 2
  83 002a 0137     		adds	r7, r7, #1
  84              	.LVL9:
  85              	.L2:
 178:Generated_Source\PSoC4/cyfitter_cfg.c **** 	{
  86              		.loc 1 178 0 is_stmt 0 discriminator 1
  87 002c 052F     		cmp	r7, #5
  88 002e EBD9     		bls	.L5
 188:Generated_Source\PSoC4/cyfitter_cfg.c **** 		}
 189:Generated_Source\PSoC4/cyfitter_cfg.c **** 	}
 190:Generated_Source\PSoC4/cyfitter_cfg.c **** }
  89              		.loc 1 190 0 is_stmt 1
  90              		@ sp needed
  91              	.LVL10:
  92              	.LVL11:
ARM GAS  C:\Users\oggih\AppData\Local\Temp\ccb0FUjh.s 			page 6


  93 0030 F0BD     		pop	{r4, r5, r6, r7, pc}
  94              		.cfi_endproc
  95              	.LFE3:
  96              		.size	cfg_write_bytes32, .-cfg_write_bytes32
  97 0032 C046     		.section	.text.CYMEMZERO,"ax",%progbits
  98              		.align	2
  99              		.code	16
 100              		.thumb_func
 101              		.type	CYMEMZERO, %function
 102              	CYMEMZERO:
 103              	.LFB0:
  77:Generated_Source\PSoC4/cyfitter_cfg.c **** 	(void)memset(s, 0, n);
 104              		.loc 1 77 0
 105              		.cfi_startproc
 106              		@ args = 0, pretend = 0, frame = 0
 107              		@ frame_needed = 0, uses_anonymous_args = 0
 108              	.LVL12:
 109 0000 10B5     		push	{r4, lr}
 110              		.cfi_def_cfa_offset 8
 111              		.cfi_offset 4, -8
 112              		.cfi_offset 14, -4
 113 0002 0A00     		movs	r2, r1
  78:Generated_Source\PSoC4/cyfitter_cfg.c **** }
 114              		.loc 1 78 0
 115 0004 0021     		movs	r1, #0
 116              	.LVL13:
 117 0006 FFF7FEFF 		bl	memset
 118              	.LVL14:
  79:Generated_Source\PSoC4/cyfitter_cfg.c **** CY_CFG_UNUSED
 119              		.loc 1 79 0
 120              		@ sp needed
 121 000a 10BD     		pop	{r4, pc}
 122              		.cfi_endproc
 123              	.LFE0:
 124              		.size	CYMEMZERO, .-CYMEMZERO
 125              		.section	.psocinit,"ax",%progbits
 126              		.align	2
 127              		.code	16
 128              		.thumb_func
 129              		.type	ClockSetup, %function
 130              	ClockSetup:
 131              	.LFB4:
 191:Generated_Source\PSoC4/cyfitter_cfg.c **** 
 192:Generated_Source\PSoC4/cyfitter_cfg.c **** 
 193:Generated_Source\PSoC4/cyfitter_cfg.c **** /*******************************************************************************
 194:Generated_Source\PSoC4/cyfitter_cfg.c **** * Function Name: ClockSetup
 195:Generated_Source\PSoC4/cyfitter_cfg.c **** ********************************************************************************
 196:Generated_Source\PSoC4/cyfitter_cfg.c **** *
 197:Generated_Source\PSoC4/cyfitter_cfg.c **** * Summary:
 198:Generated_Source\PSoC4/cyfitter_cfg.c **** *   Performs the initialization of all of the clocks in the device based on the
 199:Generated_Source\PSoC4/cyfitter_cfg.c **** *   settings in the Clock tab of the DWR.  This includes enabling the requested
 200:Generated_Source\PSoC4/cyfitter_cfg.c **** *   clocks and setting the necessary dividers to produce the desired frequency. 
 201:Generated_Source\PSoC4/cyfitter_cfg.c **** *
 202:Generated_Source\PSoC4/cyfitter_cfg.c **** * Parameters:
 203:Generated_Source\PSoC4/cyfitter_cfg.c **** *   void
 204:Generated_Source\PSoC4/cyfitter_cfg.c **** *
 205:Generated_Source\PSoC4/cyfitter_cfg.c **** * Return:
ARM GAS  C:\Users\oggih\AppData\Local\Temp\ccb0FUjh.s 			page 7


 206:Generated_Source\PSoC4/cyfitter_cfg.c **** *   void
 207:Generated_Source\PSoC4/cyfitter_cfg.c **** *
 208:Generated_Source\PSoC4/cyfitter_cfg.c **** *******************************************************************************/
 209:Generated_Source\PSoC4/cyfitter_cfg.c **** static void ClockSetup(void);
 210:Generated_Source\PSoC4/cyfitter_cfg.c **** CY_CFG_SECTION
 211:Generated_Source\PSoC4/cyfitter_cfg.c **** static void ClockSetup(void)
 212:Generated_Source\PSoC4/cyfitter_cfg.c **** {
 132              		.loc 1 212 0
 133              		.cfi_startproc
 134              		@ args = 0, pretend = 0, frame = 0
 135              		@ frame_needed = 0, uses_anonymous_args = 0
 136 0000 70B5     		push	{r4, r5, r6, lr}
 137              		.cfi_def_cfa_offset 16
 138              		.cfi_offset 4, -16
 139              		.cfi_offset 5, -12
 140              		.cfi_offset 6, -8
 141              		.cfi_offset 14, -4
 213:Generated_Source\PSoC4/cyfitter_cfg.c **** 	/* Enable HALF_EN before trimming for the flash accelerator. */
 214:Generated_Source\PSoC4/cyfitter_cfg.c **** 	CY_SET_REG32((void CYXDATA *)(CYREG_CLK_SELECT), (CY_GET_REG32((void *)CYREG_CLK_SELECT) | 0x00040
 142              		.loc 1 214 0
 143 0002 0F4C     		ldr	r4, .L8
 144 0004 2368     		ldr	r3, [r4]
 145 0006 8022     		movs	r2, #128
 146 0008 D202     		lsls	r2, r2, #11
 147 000a 1343     		orrs	r3, r2
 148 000c 2360     		str	r3, [r4]
 215:Generated_Source\PSoC4/cyfitter_cfg.c **** 
 216:Generated_Source\PSoC4/cyfitter_cfg.c **** 	/* Setup and trim IMO based on desired frequency. */
 217:Generated_Source\PSoC4/cyfitter_cfg.c **** 	CySysClkWriteImoFreq(24u);
 149              		.loc 1 217 0
 150 000e 1820     		movs	r0, #24
 151 0010 FFF7FEFF 		bl	CySysClkWriteImoFreq
 152              	.LVL15:
 218:Generated_Source\PSoC4/cyfitter_cfg.c **** 
 219:Generated_Source\PSoC4/cyfitter_cfg.c **** 	/* Disable HALF_EN since it is not required at this IMO frequency. */
 220:Generated_Source\PSoC4/cyfitter_cfg.c **** 	CY_SET_REG32((void CYXDATA *)(CYREG_CLK_SELECT), (CY_GET_REG32((void *)CYREG_CLK_SELECT) & 0xFFFBF
 153              		.loc 1 220 0
 154 0014 2268     		ldr	r2, [r4]
 155 0016 0B4B     		ldr	r3, .L8+4
 156 0018 1340     		ands	r3, r2
 157 001a 2360     		str	r3, [r4]
 221:Generated_Source\PSoC4/cyfitter_cfg.c **** 	/* CYDEV_CLK_ILO_CONFIG Starting address: CYDEV_CLK_ILO_CONFIG */
 222:Generated_Source\PSoC4/cyfitter_cfg.c **** 	CY_SET_REG32((void *)(CYREG_CLK_ILO_CONFIG), 0x80000006u);
 158              		.loc 1 222 0
 159 001c 0A4A     		ldr	r2, .L8+8
 160 001e 0B4B     		ldr	r3, .L8+12
 161 0020 1A60     		str	r2, [r3]
 223:Generated_Source\PSoC4/cyfitter_cfg.c **** 
 224:Generated_Source\PSoC4/cyfitter_cfg.c **** 
 225:Generated_Source\PSoC4/cyfitter_cfg.c **** 	/* CYDEV_CLK_IMO_CONFIG Starting address: CYDEV_CLK_IMO_CONFIG */
 226:Generated_Source\PSoC4/cyfitter_cfg.c **** 	CY_SET_REG32((void *)(CYREG_CLK_IMO_CONFIG), 0x80000000u);
 162              		.loc 1 226 0
 163 0022 063A     		subs	r2, r2, #6
 164 0024 0A4B     		ldr	r3, .L8+16
 165 0026 1A60     		str	r2, [r3]
 227:Generated_Source\PSoC4/cyfitter_cfg.c **** 
 228:Generated_Source\PSoC4/cyfitter_cfg.c **** 	/* CYDEV_CLK_SELECT Starting address: CYDEV_CLK_SELECT */
ARM GAS  C:\Users\oggih\AppData\Local\Temp\ccb0FUjh.s 			page 8


 229:Generated_Source\PSoC4/cyfitter_cfg.c **** 	CY_SET_REG32((void *)(CYREG_CLK_SELECT), 0x00000000u);
 166              		.loc 1 229 0
 167 0028 0025     		movs	r5, #0
 168 002a 2560     		str	r5, [r4]
 230:Generated_Source\PSoC4/cyfitter_cfg.c **** 
 231:Generated_Source\PSoC4/cyfitter_cfg.c **** 	(void)CyIntSetVector(9u, &CySysWdtIsr);
 169              		.loc 1 231 0
 170 002c 0949     		ldr	r1, .L8+20
 171 002e 0920     		movs	r0, #9
 172 0030 FFF7FEFF 		bl	CyIntSetVector
 173              	.LVL16:
 232:Generated_Source\PSoC4/cyfitter_cfg.c **** 	CyIntEnable(9u);
 174              		.loc 1 232 0
 175 0034 0920     		movs	r0, #9
 176 0036 FFF7FEFF 		bl	CyIntEnable
 177              	.LVL17:
 233:Generated_Source\PSoC4/cyfitter_cfg.c **** 	CY_SET_REG32((void *)(CYREG_WDT_CONFIG), 0x00000000u);
 178              		.loc 1 233 0
 179 003a 074B     		ldr	r3, .L8+24
 180 003c 1D60     		str	r5, [r3]
 234:Generated_Source\PSoC4/cyfitter_cfg.c **** }
 181              		.loc 1 234 0
 182              		@ sp needed
 183 003e 70BD     		pop	{r4, r5, r6, pc}
 184              	.L9:
 185              		.align	2
 186              	.L8:
 187 0040 00010B40 		.word	1074462976
 188 0044 FFFFFBFF 		.word	-262145
 189 0048 06000080 		.word	-2147483642
 190 004c 04010B40 		.word	1074462980
 191 0050 08010B40 		.word	1074462984
 192 0054 00000000 		.word	CySysWdtIsr
 193 0058 0C020B40 		.word	1074463244
 194              		.cfi_endproc
 195              	.LFE4:
 196              		.size	ClockSetup, .-ClockSetup
 197              		.align	2
 198              		.global	cyfitter_cfg
 199              		.code	16
 200              		.thumb_func
 201              		.type	cyfitter_cfg, %function
 202              	cyfitter_cfg:
 203              	.LFB6:
 235:Generated_Source\PSoC4/cyfitter_cfg.c **** 
 236:Generated_Source\PSoC4/cyfitter_cfg.c **** 
 237:Generated_Source\PSoC4/cyfitter_cfg.c **** /* Analog API Functions */
 238:Generated_Source\PSoC4/cyfitter_cfg.c **** 
 239:Generated_Source\PSoC4/cyfitter_cfg.c **** 
 240:Generated_Source\PSoC4/cyfitter_cfg.c **** /*******************************************************************************
 241:Generated_Source\PSoC4/cyfitter_cfg.c **** * Function Name: AnalogSetDefault
 242:Generated_Source\PSoC4/cyfitter_cfg.c **** ********************************************************************************
 243:Generated_Source\PSoC4/cyfitter_cfg.c **** *
 244:Generated_Source\PSoC4/cyfitter_cfg.c **** * Summary:
 245:Generated_Source\PSoC4/cyfitter_cfg.c **** *  Sets up the analog portions of the chip to default values based on chip
 246:Generated_Source\PSoC4/cyfitter_cfg.c **** *  configuration options from the project.
 247:Generated_Source\PSoC4/cyfitter_cfg.c **** *
ARM GAS  C:\Users\oggih\AppData\Local\Temp\ccb0FUjh.s 			page 9


 248:Generated_Source\PSoC4/cyfitter_cfg.c **** * Parameters:
 249:Generated_Source\PSoC4/cyfitter_cfg.c **** *  void
 250:Generated_Source\PSoC4/cyfitter_cfg.c **** *
 251:Generated_Source\PSoC4/cyfitter_cfg.c **** * Return:
 252:Generated_Source\PSoC4/cyfitter_cfg.c **** *  void
 253:Generated_Source\PSoC4/cyfitter_cfg.c **** *
 254:Generated_Source\PSoC4/cyfitter_cfg.c **** *******************************************************************************/
 255:Generated_Source\PSoC4/cyfitter_cfg.c **** static void AnalogSetDefault(void);
 256:Generated_Source\PSoC4/cyfitter_cfg.c **** static void AnalogSetDefault(void)
 257:Generated_Source\PSoC4/cyfitter_cfg.c **** {
 258:Generated_Source\PSoC4/cyfitter_cfg.c **** }
 259:Generated_Source\PSoC4/cyfitter_cfg.c **** 
 260:Generated_Source\PSoC4/cyfitter_cfg.c **** 
 261:Generated_Source\PSoC4/cyfitter_cfg.c **** 
 262:Generated_Source\PSoC4/cyfitter_cfg.c **** 
 263:Generated_Source\PSoC4/cyfitter_cfg.c **** /*******************************************************************************
 264:Generated_Source\PSoC4/cyfitter_cfg.c **** * Function Name: cyfitter_cfg
 265:Generated_Source\PSoC4/cyfitter_cfg.c **** ********************************************************************************
 266:Generated_Source\PSoC4/cyfitter_cfg.c **** * Summary:
 267:Generated_Source\PSoC4/cyfitter_cfg.c **** *  This function is called by the start-up code for the selected device. It
 268:Generated_Source\PSoC4/cyfitter_cfg.c **** *  performs all of the necessary device configuration based on the design
 269:Generated_Source\PSoC4/cyfitter_cfg.c **** *  settings.  This includes settings from the Design Wide Resources (DWR) such
 270:Generated_Source\PSoC4/cyfitter_cfg.c **** *  as Clocks and Pins as well as any component configuration that is necessary.
 271:Generated_Source\PSoC4/cyfitter_cfg.c **** *
 272:Generated_Source\PSoC4/cyfitter_cfg.c **** * Parameters:
 273:Generated_Source\PSoC4/cyfitter_cfg.c **** *   void
 274:Generated_Source\PSoC4/cyfitter_cfg.c **** *
 275:Generated_Source\PSoC4/cyfitter_cfg.c **** * Return:
 276:Generated_Source\PSoC4/cyfitter_cfg.c **** *   void
 277:Generated_Source\PSoC4/cyfitter_cfg.c **** *
 278:Generated_Source\PSoC4/cyfitter_cfg.c **** *******************************************************************************/
 279:Generated_Source\PSoC4/cyfitter_cfg.c **** CY_CFG_SECTION
 280:Generated_Source\PSoC4/cyfitter_cfg.c **** void cyfitter_cfg(void)
 281:Generated_Source\PSoC4/cyfitter_cfg.c **** {
 204              		.loc 1 281 0
 205              		.cfi_startproc
 206              		@ args = 0, pretend = 0, frame = 0
 207              		@ frame_needed = 0, uses_anonymous_args = 0
 208 005c 10B5     		push	{r4, lr}
 209              		.cfi_def_cfa_offset 8
 210              		.cfi_offset 4, -8
 211              		.cfi_offset 14, -4
 282:Generated_Source\PSoC4/cyfitter_cfg.c **** 	/* Disable interrupts by default. Let user enable if/when they want. */
 283:Generated_Source\PSoC4/cyfitter_cfg.c **** 	CyGlobalIntDisable;
 212              		.loc 1 283 0
 213              		.syntax divided
 214              	@ 283 "Generated_Source\PSoC4\cyfitter_cfg.c" 1
 215 005e 72B6     		CPSID   i
 216              	@ 0 "" 2
 284:Generated_Source\PSoC4/cyfitter_cfg.c **** 
 285:Generated_Source\PSoC4/cyfitter_cfg.c **** 	/* Enable the clock in the interrupt controller for the routed interrupts */
 286:Generated_Source\PSoC4/cyfitter_cfg.c **** 	CY_SET_REG8((void *)CYREG_UDB_UDBIF_INT_CLK_CTL, 0x01u);
 217              		.loc 1 286 0
 218              		.thumb
 219              		.syntax unified
 220 0060 0122     		movs	r2, #1
 221 0062 244B     		ldr	r3, .L13
ARM GAS  C:\Users\oggih\AppData\Local\Temp\ccb0FUjh.s 			page 10


 222 0064 1A70     		strb	r2, [r3]
 223              	.LVL18:
 224              	.LBB3:
 287:Generated_Source\PSoC4/cyfitter_cfg.c **** 	{
 288:Generated_Source\PSoC4/cyfitter_cfg.c **** 		static const uint32 CYCODE cy_cfg_addr_table[] = {
 289:Generated_Source\PSoC4/cyfitter_cfg.c **** 			0x400F0001u, /* Base address: 0x400F0000 Count: 1 */
 290:Generated_Source\PSoC4/cyfitter_cfg.c **** 			0x400F3232u, /* Base address: 0x400F3200 Count: 50 */
 291:Generated_Source\PSoC4/cyfitter_cfg.c **** 			0x400F3315u, /* Base address: 0x400F3300 Count: 21 */
 292:Generated_Source\PSoC4/cyfitter_cfg.c **** 			0x400F4002u, /* Base address: 0x400F4000 Count: 2 */
 293:Generated_Source\PSoC4/cyfitter_cfg.c **** 			0x400F4103u, /* Base address: 0x400F4100 Count: 3 */
 294:Generated_Source\PSoC4/cyfitter_cfg.c **** 			0x400F6002u, /* Base address: 0x400F6000 Count: 2 */
 295:Generated_Source\PSoC4/cyfitter_cfg.c **** 		};
 296:Generated_Source\PSoC4/cyfitter_cfg.c **** 
 297:Generated_Source\PSoC4/cyfitter_cfg.c **** 		static const cy_cfg_addrvalue_t CYCODE cy_cfg_data_table[] = {
 298:Generated_Source\PSoC4/cyfitter_cfg.c **** 			{0x83u, 0x0Du},
 299:Generated_Source\PSoC4/cyfitter_cfg.c **** 			{0x40u, 0x45u},
 300:Generated_Source\PSoC4/cyfitter_cfg.c **** 			{0x49u, 0xFFu},
 301:Generated_Source\PSoC4/cyfitter_cfg.c **** 			{0x4Au, 0xFFu},
 302:Generated_Source\PSoC4/cyfitter_cfg.c **** 			{0x4Bu, 0xFFu},
 303:Generated_Source\PSoC4/cyfitter_cfg.c **** 			{0x4Fu, 0x01u},
 304:Generated_Source\PSoC4/cyfitter_cfg.c **** 			{0x50u, 0x18u},
 305:Generated_Source\PSoC4/cyfitter_cfg.c **** 			{0x5Au, 0x04u},
 306:Generated_Source\PSoC4/cyfitter_cfg.c **** 			{0x5Du, 0x09u},
 307:Generated_Source\PSoC4/cyfitter_cfg.c **** 			{0x5Fu, 0x01u},
 308:Generated_Source\PSoC4/cyfitter_cfg.c **** 			{0x60u, 0x40u},
 309:Generated_Source\PSoC4/cyfitter_cfg.c **** 			{0x62u, 0x40u},
 310:Generated_Source\PSoC4/cyfitter_cfg.c **** 			{0x64u, 0x40u},
 311:Generated_Source\PSoC4/cyfitter_cfg.c **** 			{0x65u, 0x40u},
 312:Generated_Source\PSoC4/cyfitter_cfg.c **** 			{0x66u, 0x80u},
 313:Generated_Source\PSoC4/cyfitter_cfg.c **** 			{0x68u, 0x80u},
 314:Generated_Source\PSoC4/cyfitter_cfg.c **** 			{0x6Au, 0x80u},
 315:Generated_Source\PSoC4/cyfitter_cfg.c **** 			{0x6Cu, 0x80u},
 316:Generated_Source\PSoC4/cyfitter_cfg.c **** 			{0x6Eu, 0x80u},
 317:Generated_Source\PSoC4/cyfitter_cfg.c **** 			{0x8Eu, 0x01u},
 318:Generated_Source\PSoC4/cyfitter_cfg.c **** 			{0x92u, 0x01u},
 319:Generated_Source\PSoC4/cyfitter_cfg.c **** 			{0xB6u, 0x01u},
 320:Generated_Source\PSoC4/cyfitter_cfg.c **** 			{0xBEu, 0x40u},
 321:Generated_Source\PSoC4/cyfitter_cfg.c **** 			{0xC0u, 0x54u},
 322:Generated_Source\PSoC4/cyfitter_cfg.c **** 			{0xC5u, 0xECu},
 323:Generated_Source\PSoC4/cyfitter_cfg.c **** 			{0xC7u, 0x20u},
 324:Generated_Source\PSoC4/cyfitter_cfg.c **** 			{0xC8u, 0x23u},
 325:Generated_Source\PSoC4/cyfitter_cfg.c **** 			{0xC9u, 0xFFu},
 326:Generated_Source\PSoC4/cyfitter_cfg.c **** 			{0xCAu, 0xFFu},
 327:Generated_Source\PSoC4/cyfitter_cfg.c **** 			{0xCBu, 0xFFu},
 328:Generated_Source\PSoC4/cyfitter_cfg.c **** 			{0xCDu, 0x83u},
 329:Generated_Source\PSoC4/cyfitter_cfg.c **** 			{0xCEu, 0x03u},
 330:Generated_Source\PSoC4/cyfitter_cfg.c **** 			{0xCFu, 0x01u},
 331:Generated_Source\PSoC4/cyfitter_cfg.c **** 			{0xD0u, 0x18u},
 332:Generated_Source\PSoC4/cyfitter_cfg.c **** 			{0xD2u, 0x80u},
 333:Generated_Source\PSoC4/cyfitter_cfg.c **** 			{0xD4u, 0x01u},
 334:Generated_Source\PSoC4/cyfitter_cfg.c **** 			{0xD6u, 0x04u},
 335:Generated_Source\PSoC4/cyfitter_cfg.c **** 			{0xD8u, 0x04u},
 336:Generated_Source\PSoC4/cyfitter_cfg.c **** 			{0xDAu, 0x04u},
 337:Generated_Source\PSoC4/cyfitter_cfg.c **** 			{0xDBu, 0x04u},
 338:Generated_Source\PSoC4/cyfitter_cfg.c **** 			{0xDDu, 0x99u},
 339:Generated_Source\PSoC4/cyfitter_cfg.c **** 			{0xDFu, 0x01u},
 340:Generated_Source\PSoC4/cyfitter_cfg.c **** 			{0xE0u, 0x40u},
ARM GAS  C:\Users\oggih\AppData\Local\Temp\ccb0FUjh.s 			page 11


 341:Generated_Source\PSoC4/cyfitter_cfg.c **** 			{0xE2u, 0x40u},
 342:Generated_Source\PSoC4/cyfitter_cfg.c **** 			{0xE4u, 0x40u},
 343:Generated_Source\PSoC4/cyfitter_cfg.c **** 			{0xE5u, 0x40u},
 344:Generated_Source\PSoC4/cyfitter_cfg.c **** 			{0xE6u, 0x80u},
 345:Generated_Source\PSoC4/cyfitter_cfg.c **** 			{0xE8u, 0x80u},
 346:Generated_Source\PSoC4/cyfitter_cfg.c **** 			{0xEAu, 0x80u},
 347:Generated_Source\PSoC4/cyfitter_cfg.c **** 			{0xECu, 0x80u},
 348:Generated_Source\PSoC4/cyfitter_cfg.c **** 			{0xEEu, 0x80u},
 349:Generated_Source\PSoC4/cyfitter_cfg.c **** 			{0x02u, 0x02u},
 350:Generated_Source\PSoC4/cyfitter_cfg.c **** 			{0x0Bu, 0x40u},
 351:Generated_Source\PSoC4/cyfitter_cfg.c **** 			{0x19u, 0x40u},
 352:Generated_Source\PSoC4/cyfitter_cfg.c **** 			{0x41u, 0x01u},
 353:Generated_Source\PSoC4/cyfitter_cfg.c **** 			{0x46u, 0x80u},
 354:Generated_Source\PSoC4/cyfitter_cfg.c **** 			{0x49u, 0x05u},
 355:Generated_Source\PSoC4/cyfitter_cfg.c **** 			{0x4Bu, 0x40u},
 356:Generated_Source\PSoC4/cyfitter_cfg.c **** 			{0x4Eu, 0x02u},
 357:Generated_Source\PSoC4/cyfitter_cfg.c **** 			{0x51u, 0x01u},
 358:Generated_Source\PSoC4/cyfitter_cfg.c **** 			{0x52u, 0x02u},
 359:Generated_Source\PSoC4/cyfitter_cfg.c **** 			{0x59u, 0x45u},
 360:Generated_Source\PSoC4/cyfitter_cfg.c **** 			{0x63u, 0x80u},
 361:Generated_Source\PSoC4/cyfitter_cfg.c **** 			{0x72u, 0x80u},
 362:Generated_Source\PSoC4/cyfitter_cfg.c **** 			{0x73u, 0x40u},
 363:Generated_Source\PSoC4/cyfitter_cfg.c **** 			{0x83u, 0x40u},
 364:Generated_Source\PSoC4/cyfitter_cfg.c **** 			{0xC0u, 0x01u},
 365:Generated_Source\PSoC4/cyfitter_cfg.c **** 			{0xC2u, 0x08u},
 366:Generated_Source\PSoC4/cyfitter_cfg.c **** 			{0xD0u, 0x81u},
 367:Generated_Source\PSoC4/cyfitter_cfg.c **** 			{0xD2u, 0x18u},
 368:Generated_Source\PSoC4/cyfitter_cfg.c **** 			{0xD6u, 0x0Bu},
 369:Generated_Source\PSoC4/cyfitter_cfg.c **** 			{0xD8u, 0x01u},
 370:Generated_Source\PSoC4/cyfitter_cfg.c **** 			{0x6Fu, 0x10u},
 371:Generated_Source\PSoC4/cyfitter_cfg.c **** 			{0xDAu, 0x80u},
 372:Generated_Source\PSoC4/cyfitter_cfg.c **** 			{0x83u, 0x10u},
 373:Generated_Source\PSoC4/cyfitter_cfg.c **** 			{0x9Fu, 0x10u},
 374:Generated_Source\PSoC4/cyfitter_cfg.c **** 			{0xE2u, 0x20u},
 375:Generated_Source\PSoC4/cyfitter_cfg.c **** 			{0x02u, 0x01u},
 376:Generated_Source\PSoC4/cyfitter_cfg.c **** 			{0x11u, 0x01u},
 377:Generated_Source\PSoC4/cyfitter_cfg.c **** 		};
 378:Generated_Source\PSoC4/cyfitter_cfg.c **** 
 379:Generated_Source\PSoC4/cyfitter_cfg.c **** 
 380:Generated_Source\PSoC4/cyfitter_cfg.c **** 
 381:Generated_Source\PSoC4/cyfitter_cfg.c **** 		CYPACKED typedef struct {
 382:Generated_Source\PSoC4/cyfitter_cfg.c **** 			void CYFAR *address;
 383:Generated_Source\PSoC4/cyfitter_cfg.c **** 			uint16 size;
 384:Generated_Source\PSoC4/cyfitter_cfg.c **** 		} CYPACKED_ATTR cfg_memset_t;
 385:Generated_Source\PSoC4/cyfitter_cfg.c **** 
 386:Generated_Source\PSoC4/cyfitter_cfg.c **** 		static const cfg_memset_t CYCODE cfg_memset_list[] = {
 387:Generated_Source\PSoC4/cyfitter_cfg.c **** 			/* address, size */
 388:Generated_Source\PSoC4/cyfitter_cfg.c **** 			{(void CYFAR *)(CYDEV_UDB_P0_U0_BASE), 1024u},
 389:Generated_Source\PSoC4/cyfitter_cfg.c **** 			{(void CYFAR *)(CYDEV_UDB_DSI0_BASE), 1024u},
 390:Generated_Source\PSoC4/cyfitter_cfg.c **** 		};
 391:Generated_Source\PSoC4/cyfitter_cfg.c **** 
 392:Generated_Source\PSoC4/cyfitter_cfg.c **** 		uint8 CYDATA i;
 393:Generated_Source\PSoC4/cyfitter_cfg.c **** 
 394:Generated_Source\PSoC4/cyfitter_cfg.c **** 		/* Zero out critical memory blocks before beginning configuration */
 395:Generated_Source\PSoC4/cyfitter_cfg.c **** 		for (i = 0u; i < (sizeof(cfg_memset_list)/sizeof(cfg_memset_list[0])); i++)
 225              		.loc 1 395 0
 226 0066 0024     		movs	r4, #0
ARM GAS  C:\Users\oggih\AppData\Local\Temp\ccb0FUjh.s 			page 12


 227 0068 0FE0     		b	.L11
 228              	.LVL19:
 229              	.L12:
 230              	.LBB4:
 396:Generated_Source\PSoC4/cyfitter_cfg.c **** 		{
 397:Generated_Source\PSoC4/cyfitter_cfg.c **** 			const cfg_memset_t CYCODE * CYDATA ms = &cfg_memset_list[i];
 398:Generated_Source\PSoC4/cyfitter_cfg.c **** 			CYMEMZERO(ms->address, (size_t)(uint32)(ms->size));
 231              		.loc 1 398 0 discriminator 3
 232 006a 2348     		ldr	r0, .L13+4
 233 006c 6200     		lsls	r2, r4, #1
 234 006e 1319     		adds	r3, r2, r4
 235 0070 5900     		lsls	r1, r3, #1
 236 0072 0B00     		movs	r3, r1
 237 0074 4118     		adds	r1, r0, r1
 238 0076 8988     		ldrh	r1, [r1, #4]
 239 0078 1A5A     		ldrh	r2, [r3, r0]
 240 007a C318     		adds	r3, r0, r3
 241 007c 5888     		ldrh	r0, [r3, #2]
 242 007e 0004     		lsls	r0, r0, #16
 243 0080 1043     		orrs	r0, r2
 244 0082 FFF7FEFF 		bl	CYMEMZERO
 245              	.LVL20:
 246              	.LBE4:
 395:Generated_Source\PSoC4/cyfitter_cfg.c **** 		{
 247              		.loc 1 395 0 discriminator 3
 248 0086 0134     		adds	r4, r4, #1
 249              	.LVL21:
 250 0088 E4B2     		uxtb	r4, r4
 251              	.LVL22:
 252              	.L11:
 395:Generated_Source\PSoC4/cyfitter_cfg.c **** 		{
 253              		.loc 1 395 0 is_stmt 0 discriminator 1
 254 008a 012C     		cmp	r4, #1
 255 008c EDD9     		bls	.L12
 399:Generated_Source\PSoC4/cyfitter_cfg.c **** 		}
 400:Generated_Source\PSoC4/cyfitter_cfg.c **** 
 401:Generated_Source\PSoC4/cyfitter_cfg.c **** 		cfg_write_bytes32(cy_cfg_addr_table, cy_cfg_data_table);
 256              		.loc 1 401 0 is_stmt 1
 257 008e 1A49     		ldr	r1, .L13+4
 258 0090 0C31     		adds	r1, r1, #12
 259 0092 1A48     		ldr	r0, .L13+8
 260 0094 2C30     		adds	r0, r0, #44
 261 0096 FFF7FEFF 		bl	cfg_write_bytes32
 262              	.LVL23:
 402:Generated_Source\PSoC4/cyfitter_cfg.c **** 
 403:Generated_Source\PSoC4/cyfitter_cfg.c **** 		/* HSIOM Starting address: CYDEV_HSIOM_BASE */
 404:Generated_Source\PSoC4/cyfitter_cfg.c **** 		CY_SET_REG32((void *)(CYREG_HSIOM_PORT_SEL3), 0x0000EE00u);
 263              		.loc 1 404 0
 264 009a EE22     		movs	r2, #238
 265 009c 1202     		lsls	r2, r2, #8
 266 009e 184B     		ldr	r3, .L13+12
 267 00a0 1A60     		str	r2, [r3]
 405:Generated_Source\PSoC4/cyfitter_cfg.c **** 
 406:Generated_Source\PSoC4/cyfitter_cfg.c **** 		/* UDB_PA_0 Starting address: CYDEV_UDB_PA0_BASE */
 407:Generated_Source\PSoC4/cyfitter_cfg.c **** 		CY_SET_REG32((void *)(CYDEV_UDB_PA0_BASE), 0x00990000u);
 268              		.loc 1 407 0
 269 00a2 9923     		movs	r3, #153
ARM GAS  C:\Users\oggih\AppData\Local\Temp\ccb0FUjh.s 			page 13


 270 00a4 1B04     		lsls	r3, r3, #16
 271 00a6 174A     		ldr	r2, .L13+16
 272 00a8 1360     		str	r3, [r2]
 408:Generated_Source\PSoC4/cyfitter_cfg.c **** 
 409:Generated_Source\PSoC4/cyfitter_cfg.c **** 		/* UDB_PA_2 Starting address: CYDEV_UDB_PA2_BASE */
 410:Generated_Source\PSoC4/cyfitter_cfg.c **** 		CY_SET_REG32((void *)(CYDEV_UDB_PA2_BASE), 0x00990000u);
 273              		.loc 1 410 0
 274 00aa 174A     		ldr	r2, .L13+20
 275 00ac 1360     		str	r3, [r2]
 411:Generated_Source\PSoC4/cyfitter_cfg.c **** 
 412:Generated_Source\PSoC4/cyfitter_cfg.c **** 		/* UDB_PA_3 Starting address: CYDEV_UDB_PA3_BASE */
 413:Generated_Source\PSoC4/cyfitter_cfg.c **** 		CY_SET_REG32((void *)(CYDEV_UDB_PA3_BASE), 0x00990000u);
 276              		.loc 1 413 0
 277 00ae 174A     		ldr	r2, .L13+24
 278 00b0 1360     		str	r3, [r2]
 414:Generated_Source\PSoC4/cyfitter_cfg.c **** 
 415:Generated_Source\PSoC4/cyfitter_cfg.c **** 		/* INT_SELECT Starting address: CYDEV_CPUSS_INTR_SELECT */
 416:Generated_Source\PSoC4/cyfitter_cfg.c **** 		CY_SET_REG32((void *)(CYREG_CPUSS_INTR_SELECT), 0x00000001u);
 279              		.loc 1 416 0
 280 00b2 0121     		movs	r1, #1
 281 00b4 164B     		ldr	r3, .L13+28
 282 00b6 1960     		str	r1, [r3]
 417:Generated_Source\PSoC4/cyfitter_cfg.c **** 
 418:Generated_Source\PSoC4/cyfitter_cfg.c **** 		/* INT_CONFIG Starting address: CYDEV_UDB_INT_CFG */
 419:Generated_Source\PSoC4/cyfitter_cfg.c **** 		CY_SET_REG32((void *)(CYREG_UDB_INT_CFG), 0x00000002u);
 283              		.loc 1 419 0
 284 00b8 0222     		movs	r2, #2
 285 00ba 164B     		ldr	r3, .L13+32
 286 00bc 1A60     		str	r2, [r3]
 420:Generated_Source\PSoC4/cyfitter_cfg.c **** 
 421:Generated_Source\PSoC4/cyfitter_cfg.c **** 		/* Enable UDB array and digital routing */
 422:Generated_Source\PSoC4/cyfitter_cfg.c **** 		CY_SET_XTND_REG8((void *)CYREG_UDB_UDBIF_WAIT_CFG, (uint8)((CY_GET_XTND_REG8((void *)CYREG_UDB_UD
 287              		.loc 1 422 0
 288 00be 1648     		ldr	r0, .L13+36
 289 00c0 0378     		ldrb	r3, [r0]
 290 00c2 3A32     		adds	r2, r2, #58
 291 00c4 9343     		bics	r3, r2
 292 00c6 1422     		movs	r2, #20
 293 00c8 1343     		orrs	r3, r2
 294 00ca DBB2     		uxtb	r3, r3
 295 00cc 0370     		strb	r3, [r0]
 423:Generated_Source\PSoC4/cyfitter_cfg.c **** 		CY_SET_XTND_REG8((void *)CYREG_UDB_UDBIF_BANK_CTL, (uint8)(CY_GET_XTND_REG8((void *)CYREG_UDB_UDB
 296              		.loc 1 423 0
 297 00ce 134A     		ldr	r2, .L13+40
 298 00d0 1078     		ldrb	r0, [r2]
 299 00d2 1623     		movs	r3, #22
 300 00d4 0343     		orrs	r3, r0
 301 00d6 DBB2     		uxtb	r3, r3
 302 00d8 1370     		strb	r3, [r2]
 303              	.LBE3:
 424:Generated_Source\PSoC4/cyfitter_cfg.c **** 	}
 425:Generated_Source\PSoC4/cyfitter_cfg.c **** 
 426:Generated_Source\PSoC4/cyfitter_cfg.c **** 	/* Perform second pass device configuration. These items must be configured in specific order afte
 427:Generated_Source\PSoC4/cyfitter_cfg.c **** 	/* IOPINS0_0 Starting address: CYDEV_PRT0_BASE */
 428:Generated_Source\PSoC4/cyfitter_cfg.c **** 	CY_SET_REG32((void *)(CYREG_PRT0_PC), 0x00000001u);
 304              		.loc 1 428 0
 305 00da 114B     		ldr	r3, .L13+44
ARM GAS  C:\Users\oggih\AppData\Local\Temp\ccb0FUjh.s 			page 14


 306 00dc 1960     		str	r1, [r3]
 429:Generated_Source\PSoC4/cyfitter_cfg.c **** 
 430:Generated_Source\PSoC4/cyfitter_cfg.c **** 	/* IOPINS0_2 Starting address: CYDEV_PRT2_BASE */
 431:Generated_Source\PSoC4/cyfitter_cfg.c **** 	CY_SET_REG32((void *)(CYREG_PRT2_PC), 0x001B6DB6u);
 307              		.loc 1 431 0
 308 00de 114A     		ldr	r2, .L13+48
 309 00e0 114B     		ldr	r3, .L13+52
 310 00e2 1A60     		str	r2, [r3]
 432:Generated_Source\PSoC4/cyfitter_cfg.c **** 
 433:Generated_Source\PSoC4/cyfitter_cfg.c **** 	/* IOPINS0_3 Starting address: CYDEV_PRT3_BASE */
 434:Generated_Source\PSoC4/cyfitter_cfg.c **** 	CY_SET_REG32((void *)(CYREG_PRT3_PC), 0x00000D80u);
 311              		.loc 1 434 0
 312 00e4 D822     		movs	r2, #216
 313 00e6 1201     		lsls	r2, r2, #4
 314 00e8 104B     		ldr	r3, .L13+56
 315 00ea 1A60     		str	r2, [r3]
 435:Generated_Source\PSoC4/cyfitter_cfg.c **** 
 436:Generated_Source\PSoC4/cyfitter_cfg.c **** 
 437:Generated_Source\PSoC4/cyfitter_cfg.c **** 	/* Setup clocks based on selections from Clock DWR */
 438:Generated_Source\PSoC4/cyfitter_cfg.c **** 	ClockSetup();
 316              		.loc 1 438 0
 317 00ec FFF788FF 		bl	ClockSetup
 318              	.LVL24:
 439:Generated_Source\PSoC4/cyfitter_cfg.c **** 
 440:Generated_Source\PSoC4/cyfitter_cfg.c **** 	/* Perform basic analog initialization to defaults */
 441:Generated_Source\PSoC4/cyfitter_cfg.c **** 	AnalogSetDefault();
 442:Generated_Source\PSoC4/cyfitter_cfg.c **** 
 443:Generated_Source\PSoC4/cyfitter_cfg.c **** }
 319              		.loc 1 443 0
 320              		@ sp needed
 321              	.LVL25:
 322 00f0 10BD     		pop	{r4, pc}
 323              	.L14:
 324 00f2 C046     		.align	2
 325              	.L13:
 326 00f4 1C700F40 		.word	1074753564
 327 00f8 00000000 		.word	.LANCHOR0
 328 00fc 80000000 		.word	.LANCHOR1
 329 0100 0C000140 		.word	1073807372
 330 0104 00500F40 		.word	1074745344
 331 0108 20500F40 		.word	1074745376
 332 010c 30500F40 		.word	1074745392
 333 0110 20000040 		.word	1073741856
 334 0114 00800F40 		.word	1074757632
 335 0118 01700F40 		.word	1074753537
 336 011c 00700F40 		.word	1074753536
 337 0120 08000440 		.word	1074003976
 338 0124 B66D1B00 		.word	1797558
 339 0128 08020440 		.word	1074004488
 340 012c 08030440 		.word	1074004744
 341              		.cfi_endproc
 342              	.LFE6:
 343              		.size	cyfitter_cfg, .-cyfitter_cfg
 344              		.section	.rodata
 345              		.align	2
 346              		.set	.LANCHOR0,. + 0
 347              		.set	.LANCHOR1,. + 128
ARM GAS  C:\Users\oggih\AppData\Local\Temp\ccb0FUjh.s 			page 15


 348              		.type	cfg_memset_list.4870, %object
 349              		.size	cfg_memset_list.4870, 12
 350              	cfg_memset_list.4870:
 351 0000 00300F40 		.word	1074737152
 352 0004 0004     		.short	1024
 353 0006 00400F40 		.4byte	1074741248
 354 000a 0004     		.short	1024
 355              		.type	cy_cfg_data_table.4865, %object
 356              		.size	cy_cfg_data_table.4865, 158
 357              	cy_cfg_data_table.4865:
 358 000c 83       		.byte	-125
 359 000d 0D       		.byte	13
 360 000e 40       		.byte	64
 361 000f 45       		.byte	69
 362 0010 49       		.byte	73
 363 0011 FF       		.byte	-1
 364 0012 4A       		.byte	74
 365 0013 FF       		.byte	-1
 366 0014 4B       		.byte	75
 367 0015 FF       		.byte	-1
 368 0016 4F       		.byte	79
 369 0017 01       		.byte	1
 370 0018 50       		.byte	80
 371 0019 18       		.byte	24
 372 001a 5A       		.byte	90
 373 001b 04       		.byte	4
 374 001c 5D       		.byte	93
 375 001d 09       		.byte	9
 376 001e 5F       		.byte	95
 377 001f 01       		.byte	1
 378 0020 60       		.byte	96
 379 0021 40       		.byte	64
 380 0022 62       		.byte	98
 381 0023 40       		.byte	64
 382 0024 64       		.byte	100
 383 0025 40       		.byte	64
 384 0026 65       		.byte	101
 385 0027 40       		.byte	64
 386 0028 66       		.byte	102
 387 0029 80       		.byte	-128
 388 002a 68       		.byte	104
 389 002b 80       		.byte	-128
 390 002c 6A       		.byte	106
 391 002d 80       		.byte	-128
 392 002e 6C       		.byte	108
 393 002f 80       		.byte	-128
 394 0030 6E       		.byte	110
 395 0031 80       		.byte	-128
 396 0032 8E       		.byte	-114
 397 0033 01       		.byte	1
 398 0034 92       		.byte	-110
 399 0035 01       		.byte	1
 400 0036 B6       		.byte	-74
 401 0037 01       		.byte	1
 402 0038 BE       		.byte	-66
 403 0039 40       		.byte	64
 404 003a C0       		.byte	-64
ARM GAS  C:\Users\oggih\AppData\Local\Temp\ccb0FUjh.s 			page 16


 405 003b 54       		.byte	84
 406 003c C5       		.byte	-59
 407 003d EC       		.byte	-20
 408 003e C7       		.byte	-57
 409 003f 20       		.byte	32
 410 0040 C8       		.byte	-56
 411 0041 23       		.byte	35
 412 0042 C9       		.byte	-55
 413 0043 FF       		.byte	-1
 414 0044 CA       		.byte	-54
 415 0045 FF       		.byte	-1
 416 0046 CB       		.byte	-53
 417 0047 FF       		.byte	-1
 418 0048 CD       		.byte	-51
 419 0049 83       		.byte	-125
 420 004a CE       		.byte	-50
 421 004b 03       		.byte	3
 422 004c CF       		.byte	-49
 423 004d 01       		.byte	1
 424 004e D0       		.byte	-48
 425 004f 18       		.byte	24
 426 0050 D2       		.byte	-46
 427 0051 80       		.byte	-128
 428 0052 D4       		.byte	-44
 429 0053 01       		.byte	1
 430 0054 D6       		.byte	-42
 431 0055 04       		.byte	4
 432 0056 D8       		.byte	-40
 433 0057 04       		.byte	4
 434 0058 DA       		.byte	-38
 435 0059 04       		.byte	4
 436 005a DB       		.byte	-37
 437 005b 04       		.byte	4
 438 005c DD       		.byte	-35
 439 005d 99       		.byte	-103
 440 005e DF       		.byte	-33
 441 005f 01       		.byte	1
 442 0060 E0       		.byte	-32
 443 0061 40       		.byte	64
 444 0062 E2       		.byte	-30
 445 0063 40       		.byte	64
 446 0064 E4       		.byte	-28
 447 0065 40       		.byte	64
 448 0066 E5       		.byte	-27
 449 0067 40       		.byte	64
 450 0068 E6       		.byte	-26
 451 0069 80       		.byte	-128
 452 006a E8       		.byte	-24
 453 006b 80       		.byte	-128
 454 006c EA       		.byte	-22
 455 006d 80       		.byte	-128
 456 006e EC       		.byte	-20
 457 006f 80       		.byte	-128
 458 0070 EE       		.byte	-18
 459 0071 80       		.byte	-128
 460 0072 02       		.byte	2
 461 0073 02       		.byte	2
ARM GAS  C:\Users\oggih\AppData\Local\Temp\ccb0FUjh.s 			page 17


 462 0074 0B       		.byte	11
 463 0075 40       		.byte	64
 464 0076 19       		.byte	25
 465 0077 40       		.byte	64
 466 0078 41       		.byte	65
 467 0079 01       		.byte	1
 468 007a 46       		.byte	70
 469 007b 80       		.byte	-128
 470 007c 49       		.byte	73
 471 007d 05       		.byte	5
 472 007e 4B       		.byte	75
 473 007f 40       		.byte	64
 474 0080 4E       		.byte	78
 475 0081 02       		.byte	2
 476 0082 51       		.byte	81
 477 0083 01       		.byte	1
 478 0084 52       		.byte	82
 479 0085 02       		.byte	2
 480 0086 59       		.byte	89
 481 0087 45       		.byte	69
 482 0088 63       		.byte	99
 483 0089 80       		.byte	-128
 484 008a 72       		.byte	114
 485 008b 80       		.byte	-128
 486 008c 73       		.byte	115
 487 008d 40       		.byte	64
 488 008e 83       		.byte	-125
 489 008f 40       		.byte	64
 490 0090 C0       		.byte	-64
 491 0091 01       		.byte	1
 492 0092 C2       		.byte	-62
 493 0093 08       		.byte	8
 494 0094 D0       		.byte	-48
 495 0095 81       		.byte	-127
 496 0096 D2       		.byte	-46
 497 0097 18       		.byte	24
 498 0098 D6       		.byte	-42
 499 0099 0B       		.byte	11
 500 009a D8       		.byte	-40
 501 009b 01       		.byte	1
 502 009c 6F       		.byte	111
 503 009d 10       		.byte	16
 504 009e DA       		.byte	-38
 505 009f 80       		.byte	-128
 506 00a0 83       		.byte	-125
 507 00a1 10       		.byte	16
 508 00a2 9F       		.byte	-97
 509 00a3 10       		.byte	16
 510 00a4 E2       		.byte	-30
 511 00a5 20       		.byte	32
 512 00a6 02       		.byte	2
 513 00a7 01       		.byte	1
 514 00a8 11       		.byte	17
 515 00a9 01       		.byte	1
 516 00aa 0000     		.space	2
 517              		.type	cy_cfg_addr_table.4864, %object
 518              		.size	cy_cfg_addr_table.4864, 24
ARM GAS  C:\Users\oggih\AppData\Local\Temp\ccb0FUjh.s 			page 18


 519              	cy_cfg_addr_table.4864:
 520 00ac 01000F40 		.word	1074724865
 521 00b0 32320F40 		.word	1074737714
 522 00b4 15330F40 		.word	1074737941
 523 00b8 02400F40 		.word	1074741250
 524 00bc 03410F40 		.word	1074741507
 525 00c0 02600F40 		.word	1074749442
 526              		.text
 527              	.Letext0:
 528              		.file 2 "c:\\program files (x86)\\cypress\\psoc creator\\4.4\\psoc creator\\import\\gnu\\arm\\5.4.
 529              		.file 3 "Generated_Source\\PSoC4\\cytypes.h"
 530              		.file 4 "Generated_Source\\PSoC4\\CyLib.h"
 531              		.section	.debug_info,"",%progbits
 532              	.Ldebug_info0:
 533 0000 9C030000 		.4byte	0x39c
 534 0004 0400     		.2byte	0x4
 535 0006 00000000 		.4byte	.Ldebug_abbrev0
 536 000a 04       		.byte	0x4
 537 000b 01       		.uleb128 0x1
 538 000c 6C010000 		.4byte	.LASF39
 539 0010 0C       		.byte	0xc
 540 0011 99020000 		.4byte	.LASF40
 541 0015 F0000000 		.4byte	.LASF41
 542 0019 00000000 		.4byte	.Ldebug_ranges0+0
 543 001d 00000000 		.4byte	0
 544 0021 00000000 		.4byte	.Ldebug_line0
 545 0025 02       		.uleb128 0x2
 546 0026 04       		.byte	0x4
 547 0027 05       		.byte	0x5
 548 0028 696E7400 		.ascii	"int\000"
 549 002c 03       		.uleb128 0x3
 550 002d 06000000 		.4byte	.LASF12
 551 0031 02       		.byte	0x2
 552 0032 D8       		.byte	0xd8
 553 0033 37000000 		.4byte	0x37
 554 0037 04       		.uleb128 0x4
 555 0038 04       		.byte	0x4
 556 0039 07       		.byte	0x7
 557 003a 33010000 		.4byte	.LASF0
 558 003e 04       		.uleb128 0x4
 559 003f 08       		.byte	0x8
 560 0040 05       		.byte	0x5
 561 0041 2C020000 		.4byte	.LASF1
 562 0045 04       		.uleb128 0x4
 563 0046 08       		.byte	0x8
 564 0047 04       		.byte	0x4
 565 0048 81020000 		.4byte	.LASF2
 566 004c 04       		.uleb128 0x4
 567 004d 01       		.byte	0x1
 568 004e 06       		.byte	0x6
 569 004f 8D020000 		.4byte	.LASF3
 570 0053 04       		.uleb128 0x4
 571 0054 01       		.byte	0x1
 572 0055 08       		.byte	0x8
 573 0056 99000000 		.4byte	.LASF4
 574 005a 04       		.uleb128 0x4
 575 005b 02       		.byte	0x2
ARM GAS  C:\Users\oggih\AppData\Local\Temp\ccb0FUjh.s 			page 19


 576 005c 05       		.byte	0x5
 577 005d 59020000 		.4byte	.LASF5
 578 0061 04       		.uleb128 0x4
 579 0062 02       		.byte	0x2
 580 0063 07       		.byte	0x7
 581 0064 19020000 		.4byte	.LASF6
 582 0068 04       		.uleb128 0x4
 583 0069 04       		.byte	0x4
 584 006a 05       		.byte	0x5
 585 006b 78020000 		.4byte	.LASF7
 586 006f 04       		.uleb128 0x4
 587 0070 04       		.byte	0x4
 588 0071 07       		.byte	0x7
 589 0072 77000000 		.4byte	.LASF8
 590 0076 04       		.uleb128 0x4
 591 0077 08       		.byte	0x8
 592 0078 07       		.byte	0x7
 593 0079 55010000 		.4byte	.LASF9
 594 007d 04       		.uleb128 0x4
 595 007e 04       		.byte	0x4
 596 007f 07       		.byte	0x7
 597 0080 10020000 		.4byte	.LASF10
 598 0084 05       		.uleb128 0x5
 599 0085 04       		.byte	0x4
 600 0086 04       		.uleb128 0x4
 601 0087 01       		.byte	0x1
 602 0088 08       		.byte	0x8
 603 0089 3A020000 		.4byte	.LASF11
 604 008d 06       		.uleb128 0x6
 605 008e 89000000 		.4byte	.LASF13
 606 0092 03       		.byte	0x3
 607 0093 FB01     		.2byte	0x1fb
 608 0095 53000000 		.4byte	0x53
 609 0099 06       		.uleb128 0x6
 610 009a DE000000 		.4byte	.LASF14
 611 009e 03       		.byte	0x3
 612 009f FC01     		.2byte	0x1fc
 613 00a1 61000000 		.4byte	0x61
 614 00a5 06       		.uleb128 0x6
 615 00a6 2C010000 		.4byte	.LASF15
 616 00aa 03       		.byte	0x3
 617 00ab FD01     		.2byte	0x1fd
 618 00ad 6F000000 		.4byte	0x6f
 619 00b1 04       		.uleb128 0x4
 620 00b2 04       		.byte	0x4
 621 00b3 04       		.byte	0x4
 622 00b4 57000000 		.4byte	.LASF16
 623 00b8 04       		.uleb128 0x4
 624 00b9 08       		.byte	0x8
 625 00ba 04       		.byte	0x4
 626 00bb AE000000 		.4byte	.LASF17
 627 00bf 06       		.uleb128 0x6
 628 00c0 72000000 		.4byte	.LASF18
 629 00c4 03       		.byte	0x3
 630 00c5 A502     		.2byte	0x2a5
 631 00c7 CB000000 		.4byte	0xcb
 632 00cb 07       		.uleb128 0x7
ARM GAS  C:\Users\oggih\AppData\Local\Temp\ccb0FUjh.s 			page 20


 633 00cc 8D000000 		.4byte	0x8d
 634 00d0 06       		.uleb128 0x6
 635 00d1 00000000 		.4byte	.LASF19
 636 00d5 03       		.byte	0x3
 637 00d6 A702     		.2byte	0x2a7
 638 00d8 DC000000 		.4byte	0xdc
 639 00dc 07       		.uleb128 0x7
 640 00dd A5000000 		.4byte	0xa5
 641 00e1 08       		.uleb128 0x8
 642 00e2 02       		.byte	0x2
 643 00e3 01       		.byte	0x1
 644 00e4 97       		.byte	0x97
 645 00e5 02010000 		.4byte	0x102
 646 00e9 09       		.uleb128 0x9
 647 00ea 52020000 		.4byte	.LASF20
 648 00ee 01       		.byte	0x1
 649 00ef 99       		.byte	0x99
 650 00f0 8D000000 		.4byte	0x8d
 651 00f4 00       		.byte	0
 652 00f5 09       		.uleb128 0x9
 653 00f6 1C000000 		.4byte	.LASF21
 654 00fa 01       		.byte	0x1
 655 00fb 9A       		.byte	0x9a
 656 00fc 8D000000 		.4byte	0x8d
 657 0100 01       		.byte	0x1
 658 0101 00       		.byte	0
 659 0102 03       		.uleb128 0x3
 660 0103 3F020000 		.4byte	.LASF22
 661 0107 01       		.byte	0x1
 662 0108 9B       		.byte	0x9b
 663 0109 E1000000 		.4byte	0xe1
 664 010d 0A       		.uleb128 0xa
 665 010e B5000000 		.4byte	.LASF27
 666 0112 01       		.byte	0x1
 667 0113 AE       		.byte	0xae
 668 0114 00000000 		.4byte	.LFB3
 669 0118 32000000 		.4byte	.LFE3-.LFB3
 670 011c 01       		.uleb128 0x1
 671 011d 9C       		.byte	0x9c
 672 011e 7F010000 		.4byte	0x17f
 673 0122 0B       		.uleb128 0xb
 674 0123 D3000000 		.4byte	.LASF23
 675 0127 01       		.byte	0x1
 676 0128 AE       		.byte	0xae
 677 0129 7F010000 		.4byte	0x17f
 678 012d 01       		.uleb128 0x1
 679 012e 50       		.byte	0x50
 680 012f 0B       		.uleb128 0xb
 681 0130 E5000000 		.4byte	.LASF24
 682 0134 01       		.byte	0x1
 683 0135 AE       		.byte	0xae
 684 0136 8A010000 		.4byte	0x18a
 685 013a 01       		.uleb128 0x1
 686 013b 51       		.byte	0x51
 687 013c 0C       		.uleb128 0xc
 688 013d 6900     		.ascii	"i\000"
 689 013f 01       		.byte	0x1
ARM GAS  C:\Users\oggih\AppData\Local\Temp\ccb0FUjh.s 			page 21


 690 0140 B1       		.byte	0xb1
 691 0141 A5000000 		.4byte	0xa5
 692 0145 00000000 		.4byte	.LLST0
 693 0149 0C       		.uleb128 0xc
 694 014a 6A00     		.ascii	"j\000"
 695 014c 01       		.byte	0x1
 696 014d B1       		.byte	0xb1
 697 014e A5000000 		.4byte	0xa5
 698 0152 1F000000 		.4byte	.LLST1
 699 0156 0D       		.uleb128 0xd
 700 0157 08000000 		.4byte	.LBB2
 701 015b 22000000 		.4byte	.LBE2-.LBB2
 702 015f 0E       		.uleb128 0xe
 703 0160 07020000 		.4byte	.LASF25
 704 0164 01       		.byte	0x1
 705 0165 B4       		.byte	0xb4
 706 0166 A5000000 		.4byte	0xa5
 707 016a 3E000000 		.4byte	.LLST2
 708 016e 0E       		.uleb128 0xe
 709 016f 22000000 		.4byte	.LASF26
 710 0173 01       		.byte	0x1
 711 0174 B5       		.byte	0xb5
 712 0175 8D000000 		.4byte	0x8d
 713 0179 51000000 		.4byte	.LLST3
 714 017d 00       		.byte	0
 715 017e 00       		.byte	0
 716 017f 0F       		.uleb128 0xf
 717 0180 04       		.byte	0x4
 718 0181 85010000 		.4byte	0x185
 719 0185 10       		.uleb128 0x10
 720 0186 A5000000 		.4byte	0xa5
 721 018a 0F       		.uleb128 0xf
 722 018b 04       		.byte	0x4
 723 018c 90010000 		.4byte	0x190
 724 0190 10       		.uleb128 0x10
 725 0191 02010000 		.4byte	0x102
 726 0195 0A       		.uleb128 0xa
 727 0196 8F000000 		.4byte	.LASF28
 728 019a 01       		.byte	0x1
 729 019b 4C       		.byte	0x4c
 730 019c 00000000 		.4byte	.LFB0
 731 01a0 0C000000 		.4byte	.LFE0-.LFB0
 732 01a4 01       		.uleb128 0x1
 733 01a5 9C       		.byte	0x9c
 734 01a6 E2010000 		.4byte	0x1e2
 735 01aa 11       		.uleb128 0x11
 736 01ab 7300     		.ascii	"s\000"
 737 01ad 01       		.byte	0x1
 738 01ae 4C       		.byte	0x4c
 739 01af 84000000 		.4byte	0x84
 740 01b3 6F000000 		.4byte	.LLST4
 741 01b7 11       		.uleb128 0x11
 742 01b8 6E00     		.ascii	"n\000"
 743 01ba 01       		.byte	0x1
 744 01bb 4C       		.byte	0x4c
 745 01bc 2C000000 		.4byte	0x2c
 746 01c0 90000000 		.4byte	.LLST5
ARM GAS  C:\Users\oggih\AppData\Local\Temp\ccb0FUjh.s 			page 22


 747 01c4 12       		.uleb128 0x12
 748 01c5 0A000000 		.4byte	.LVL14
 749 01c9 75030000 		.4byte	0x375
 750 01cd 13       		.uleb128 0x13
 751 01ce 01       		.uleb128 0x1
 752 01cf 50       		.byte	0x50
 753 01d0 03       		.uleb128 0x3
 754 01d1 F3       		.byte	0xf3
 755 01d2 01       		.uleb128 0x1
 756 01d3 50       		.byte	0x50
 757 01d4 13       		.uleb128 0x13
 758 01d5 01       		.uleb128 0x1
 759 01d6 51       		.byte	0x51
 760 01d7 01       		.uleb128 0x1
 761 01d8 30       		.byte	0x30
 762 01d9 13       		.uleb128 0x13
 763 01da 01       		.uleb128 0x1
 764 01db 52       		.byte	0x52
 765 01dc 03       		.uleb128 0x3
 766 01dd F3       		.byte	0xf3
 767 01de 01       		.uleb128 0x1
 768 01df 51       		.byte	0x51
 769 01e0 00       		.byte	0
 770 01e1 00       		.byte	0
 771 01e2 0A       		.uleb128 0xa
 772 01e3 28000000 		.4byte	.LASF29
 773 01e7 01       		.byte	0x1
 774 01e8 D3       		.byte	0xd3
 775 01e9 00000000 		.4byte	.LFB4
 776 01ed 5C000000 		.4byte	.LFE4-.LFB4
 777 01f1 01       		.uleb128 0x1
 778 01f2 9C       		.byte	0x9c
 779 01f3 2D020000 		.4byte	0x22d
 780 01f7 14       		.uleb128 0x14
 781 01f8 14000000 		.4byte	.LVL15
 782 01fc 7E030000 		.4byte	0x37e
 783 0200 0A020000 		.4byte	0x20a
 784 0204 13       		.uleb128 0x13
 785 0205 01       		.uleb128 0x1
 786 0206 50       		.byte	0x50
 787 0207 01       		.uleb128 0x1
 788 0208 48       		.byte	0x48
 789 0209 00       		.byte	0
 790 020a 14       		.uleb128 0x14
 791 020b 34000000 		.4byte	.LVL16
 792 020f 89030000 		.4byte	0x389
 793 0213 1D020000 		.4byte	0x21d
 794 0217 13       		.uleb128 0x13
 795 0218 01       		.uleb128 0x1
 796 0219 50       		.byte	0x50
 797 021a 01       		.uleb128 0x1
 798 021b 39       		.byte	0x39
 799 021c 00       		.byte	0
 800 021d 12       		.uleb128 0x12
 801 021e 3A000000 		.4byte	.LVL17
 802 0222 94030000 		.4byte	0x394
 803 0226 13       		.uleb128 0x13
ARM GAS  C:\Users\oggih\AppData\Local\Temp\ccb0FUjh.s 			page 23


 804 0227 01       		.uleb128 0x1
 805 0228 50       		.byte	0x50
 806 0229 01       		.uleb128 0x1
 807 022a 39       		.byte	0x39
 808 022b 00       		.byte	0
 809 022c 00       		.byte	0
 810 022d 15       		.uleb128 0x15
 811 022e 40010000 		.4byte	.LASF42
 812 0232 01       		.byte	0x1
 813 0233 1801     		.2byte	0x118
 814 0235 5C000000 		.4byte	.LFB6
 815 0239 D4000000 		.4byte	.LFE6-.LFB6
 816 023d 01       		.uleb128 0x1
 817 023e 9C       		.byte	0x9c
 818 023f 4B030000 		.4byte	0x34b
 819 0243 16       		.uleb128 0x16
 820 0244 66000000 		.4byte	.LBB3
 821 0248 74000000 		.4byte	.LBE3-.LBB3
 822 024c 41030000 		.4byte	0x341
 823 0250 17       		.uleb128 0x17
 824 0251 33000000 		.4byte	.LASF30
 825 0255 01       		.byte	0x1
 826 0256 2001     		.2byte	0x120
 827 0258 5B030000 		.4byte	0x35b
 828 025c 05       		.uleb128 0x5
 829 025d 03       		.byte	0x3
 830 025e AC000000 		.4byte	cy_cfg_addr_table.4864
 831 0262 17       		.uleb128 0x17
 832 0263 45000000 		.4byte	.LASF31
 833 0267 01       		.byte	0x1
 834 0268 2901     		.2byte	0x129
 835 026a 70030000 		.4byte	0x370
 836 026e 05       		.uleb128 0x5
 837 026f 03       		.byte	0x3
 838 0270 0C000000 		.4byte	cy_cfg_data_table.4865
 839 0274 18       		.uleb128 0x18
 840 0275 06       		.byte	0x6
 841 0276 01       		.byte	0x1
 842 0277 7D01     		.2byte	0x17d
 843 0279 98020000 		.4byte	0x298
 844 027d 19       		.uleb128 0x19
 845 027e 4D010000 		.4byte	.LASF32
 846 0282 01       		.byte	0x1
 847 0283 7E01     		.2byte	0x17e
 848 0285 84000000 		.4byte	0x84
 849 0289 00       		.byte	0
 850 028a 19       		.uleb128 0x19
 851 028b 6D000000 		.4byte	.LASF33
 852 028f 01       		.byte	0x1
 853 0290 7F01     		.2byte	0x17f
 854 0292 99000000 		.4byte	0x99
 855 0296 04       		.byte	0x4
 856 0297 00       		.byte	0
 857 0298 06       		.uleb128 0x6
 858 0299 FA010000 		.4byte	.LASF34
 859 029d 01       		.byte	0x1
 860 029e 8001     		.2byte	0x180
ARM GAS  C:\Users\oggih\AppData\Local\Temp\ccb0FUjh.s 			page 24


 861 02a0 74020000 		.4byte	0x274
 862 02a4 1A       		.uleb128 0x1a
 863 02a5 B4020000 		.4byte	0x2b4
 864 02a9 B4020000 		.4byte	0x2b4
 865 02ad 1B       		.uleb128 0x1b
 866 02ae 7D000000 		.4byte	0x7d
 867 02b2 01       		.byte	0x1
 868 02b3 00       		.byte	0
 869 02b4 10       		.uleb128 0x10
 870 02b5 98020000 		.4byte	0x298
 871 02b9 17       		.uleb128 0x17
 872 02ba 5D000000 		.4byte	.LASF35
 873 02be 01       		.byte	0x1
 874 02bf 8201     		.2byte	0x182
 875 02c1 CB020000 		.4byte	0x2cb
 876 02c5 05       		.uleb128 0x5
 877 02c6 03       		.byte	0x3
 878 02c7 00000000 		.4byte	cfg_memset_list.4870
 879 02cb 10       		.uleb128 0x10
 880 02cc A4020000 		.4byte	0x2a4
 881 02d0 1C       		.uleb128 0x1c
 882 02d1 6900     		.ascii	"i\000"
 883 02d3 01       		.byte	0x1
 884 02d4 8801     		.2byte	0x188
 885 02d6 8D000000 		.4byte	0x8d
 886 02da BC000000 		.4byte	.LLST6
 887 02de 16       		.uleb128 0x16
 888 02df 6A000000 		.4byte	.LBB4
 889 02e3 1C000000 		.4byte	.LBE4-.LBB4
 890 02e7 24030000 		.4byte	0x324
 891 02eb 1C       		.uleb128 0x1c
 892 02ec 6D7300   		.ascii	"ms\000"
 893 02ef 01       		.byte	0x1
 894 02f0 8D01     		.2byte	0x18d
 895 02f2 FA020000 		.4byte	0x2fa
 896 02f6 E6000000 		.4byte	.LLST7
 897 02fa 0F       		.uleb128 0xf
 898 02fb 04       		.byte	0x4
 899 02fc B4020000 		.4byte	0x2b4
 900 0300 12       		.uleb128 0x12
 901 0301 86000000 		.4byte	.LVL20
 902 0305 95010000 		.4byte	0x195
 903 0309 13       		.uleb128 0x13
 904 030a 01       		.uleb128 0x1
 905 030b 51       		.byte	0x51
 906 030c 15       		.uleb128 0x15
 907 030d 74       		.byte	0x74
 908 030e 00       		.sleb128 0
 909 030f 31       		.byte	0x31
 910 0310 24       		.byte	0x24
 911 0311 74       		.byte	0x74
 912 0312 00       		.sleb128 0
 913 0313 22       		.byte	0x22
 914 0314 31       		.byte	0x31
 915 0315 24       		.byte	0x24
 916 0316 03       		.byte	0x3
 917 0317 04000000 		.4byte	.LANCHOR0+4
ARM GAS  C:\Users\oggih\AppData\Local\Temp\ccb0FUjh.s 			page 25


 918 031b 22       		.byte	0x22
 919 031c 94       		.byte	0x94
 920 031d 02       		.byte	0x2
 921 031e 0A       		.byte	0xa
 922 031f FFFF     		.2byte	0xffff
 923 0321 1A       		.byte	0x1a
 924 0322 00       		.byte	0
 925 0323 00       		.byte	0
 926 0324 12       		.uleb128 0x12
 927 0325 9A000000 		.4byte	.LVL23
 928 0329 0D010000 		.4byte	0x10d
 929 032d 13       		.uleb128 0x13
 930 032e 01       		.uleb128 0x1
 931 032f 50       		.byte	0x50
 932 0330 05       		.uleb128 0x5
 933 0331 03       		.byte	0x3
 934 0332 AC000000 		.4byte	.LANCHOR1+44
 935 0336 13       		.uleb128 0x13
 936 0337 01       		.uleb128 0x1
 937 0338 51       		.byte	0x51
 938 0339 05       		.uleb128 0x5
 939 033a 03       		.byte	0x3
 940 033b 0C000000 		.4byte	.LANCHOR0+12
 941 033f 00       		.byte	0
 942 0340 00       		.byte	0
 943 0341 1D       		.uleb128 0x1d
 944 0342 F0000000 		.4byte	.LVL24
 945 0346 E2010000 		.4byte	0x1e2
 946 034a 00       		.byte	0
 947 034b 1A       		.uleb128 0x1a
 948 034c 85010000 		.4byte	0x185
 949 0350 5B030000 		.4byte	0x35b
 950 0354 1B       		.uleb128 0x1b
 951 0355 7D000000 		.4byte	0x7d
 952 0359 05       		.byte	0x5
 953 035a 00       		.byte	0
 954 035b 10       		.uleb128 0x10
 955 035c 4B030000 		.4byte	0x34b
 956 0360 1A       		.uleb128 0x1a
 957 0361 90010000 		.4byte	0x190
 958 0365 70030000 		.4byte	0x370
 959 0369 1B       		.uleb128 0x1b
 960 036a 7D000000 		.4byte	0x7d
 961 036e 4E       		.byte	0x4e
 962 036f 00       		.byte	0
 963 0370 10       		.uleb128 0x10
 964 0371 60030000 		.4byte	0x360
 965 0375 1E       		.uleb128 0x1e
 966 0376 A7000000 		.4byte	.LASF43
 967 037a A7000000 		.4byte	.LASF43
 968 037e 1F       		.uleb128 0x1f
 969 037f 63020000 		.4byte	.LASF36
 970 0383 63020000 		.4byte	.LASF36
 971 0387 04       		.byte	0x4
 972 0388 6C       		.byte	0x6c
 973 0389 1F       		.uleb128 0x1f
 974 038a 0D000000 		.4byte	.LASF37
ARM GAS  C:\Users\oggih\AppData\Local\Temp\ccb0FUjh.s 			page 26


 975 038e 0D000000 		.4byte	.LASF37
 976 0392 04       		.byte	0x4
 977 0393 D0       		.byte	0xd0
 978 0394 1F       		.uleb128 0x1f
 979 0395 C7000000 		.4byte	.LASF38
 980 0399 C7000000 		.4byte	.LASF38
 981 039d 04       		.byte	0x4
 982 039e D6       		.byte	0xd6
 983 039f 00       		.byte	0
 984              		.section	.debug_abbrev,"",%progbits
 985              	.Ldebug_abbrev0:
 986 0000 01       		.uleb128 0x1
 987 0001 11       		.uleb128 0x11
 988 0002 01       		.byte	0x1
 989 0003 25       		.uleb128 0x25
 990 0004 0E       		.uleb128 0xe
 991 0005 13       		.uleb128 0x13
 992 0006 0B       		.uleb128 0xb
 993 0007 03       		.uleb128 0x3
 994 0008 0E       		.uleb128 0xe
 995 0009 1B       		.uleb128 0x1b
 996 000a 0E       		.uleb128 0xe
 997 000b 55       		.uleb128 0x55
 998 000c 17       		.uleb128 0x17
 999 000d 11       		.uleb128 0x11
 1000 000e 01       		.uleb128 0x1
 1001 000f 10       		.uleb128 0x10
 1002 0010 17       		.uleb128 0x17
 1003 0011 00       		.byte	0
 1004 0012 00       		.byte	0
 1005 0013 02       		.uleb128 0x2
 1006 0014 24       		.uleb128 0x24
 1007 0015 00       		.byte	0
 1008 0016 0B       		.uleb128 0xb
 1009 0017 0B       		.uleb128 0xb
 1010 0018 3E       		.uleb128 0x3e
 1011 0019 0B       		.uleb128 0xb
 1012 001a 03       		.uleb128 0x3
 1013 001b 08       		.uleb128 0x8
 1014 001c 00       		.byte	0
 1015 001d 00       		.byte	0
 1016 001e 03       		.uleb128 0x3
 1017 001f 16       		.uleb128 0x16
 1018 0020 00       		.byte	0
 1019 0021 03       		.uleb128 0x3
 1020 0022 0E       		.uleb128 0xe
 1021 0023 3A       		.uleb128 0x3a
 1022 0024 0B       		.uleb128 0xb
 1023 0025 3B       		.uleb128 0x3b
 1024 0026 0B       		.uleb128 0xb
 1025 0027 49       		.uleb128 0x49
 1026 0028 13       		.uleb128 0x13
 1027 0029 00       		.byte	0
 1028 002a 00       		.byte	0
 1029 002b 04       		.uleb128 0x4
 1030 002c 24       		.uleb128 0x24
 1031 002d 00       		.byte	0
ARM GAS  C:\Users\oggih\AppData\Local\Temp\ccb0FUjh.s 			page 27


 1032 002e 0B       		.uleb128 0xb
 1033 002f 0B       		.uleb128 0xb
 1034 0030 3E       		.uleb128 0x3e
 1035 0031 0B       		.uleb128 0xb
 1036 0032 03       		.uleb128 0x3
 1037 0033 0E       		.uleb128 0xe
 1038 0034 00       		.byte	0
 1039 0035 00       		.byte	0
 1040 0036 05       		.uleb128 0x5
 1041 0037 0F       		.uleb128 0xf
 1042 0038 00       		.byte	0
 1043 0039 0B       		.uleb128 0xb
 1044 003a 0B       		.uleb128 0xb
 1045 003b 00       		.byte	0
 1046 003c 00       		.byte	0
 1047 003d 06       		.uleb128 0x6
 1048 003e 16       		.uleb128 0x16
 1049 003f 00       		.byte	0
 1050 0040 03       		.uleb128 0x3
 1051 0041 0E       		.uleb128 0xe
 1052 0042 3A       		.uleb128 0x3a
 1053 0043 0B       		.uleb128 0xb
 1054 0044 3B       		.uleb128 0x3b
 1055 0045 05       		.uleb128 0x5
 1056 0046 49       		.uleb128 0x49
 1057 0047 13       		.uleb128 0x13
 1058 0048 00       		.byte	0
 1059 0049 00       		.byte	0
 1060 004a 07       		.uleb128 0x7
 1061 004b 35       		.uleb128 0x35
 1062 004c 00       		.byte	0
 1063 004d 49       		.uleb128 0x49
 1064 004e 13       		.uleb128 0x13
 1065 004f 00       		.byte	0
 1066 0050 00       		.byte	0
 1067 0051 08       		.uleb128 0x8
 1068 0052 13       		.uleb128 0x13
 1069 0053 01       		.byte	0x1
 1070 0054 0B       		.uleb128 0xb
 1071 0055 0B       		.uleb128 0xb
 1072 0056 3A       		.uleb128 0x3a
 1073 0057 0B       		.uleb128 0xb
 1074 0058 3B       		.uleb128 0x3b
 1075 0059 0B       		.uleb128 0xb
 1076 005a 01       		.uleb128 0x1
 1077 005b 13       		.uleb128 0x13
 1078 005c 00       		.byte	0
 1079 005d 00       		.byte	0
 1080 005e 09       		.uleb128 0x9
 1081 005f 0D       		.uleb128 0xd
 1082 0060 00       		.byte	0
 1083 0061 03       		.uleb128 0x3
 1084 0062 0E       		.uleb128 0xe
 1085 0063 3A       		.uleb128 0x3a
 1086 0064 0B       		.uleb128 0xb
 1087 0065 3B       		.uleb128 0x3b
 1088 0066 0B       		.uleb128 0xb
ARM GAS  C:\Users\oggih\AppData\Local\Temp\ccb0FUjh.s 			page 28


 1089 0067 49       		.uleb128 0x49
 1090 0068 13       		.uleb128 0x13
 1091 0069 38       		.uleb128 0x38
 1092 006a 0B       		.uleb128 0xb
 1093 006b 00       		.byte	0
 1094 006c 00       		.byte	0
 1095 006d 0A       		.uleb128 0xa
 1096 006e 2E       		.uleb128 0x2e
 1097 006f 01       		.byte	0x1
 1098 0070 03       		.uleb128 0x3
 1099 0071 0E       		.uleb128 0xe
 1100 0072 3A       		.uleb128 0x3a
 1101 0073 0B       		.uleb128 0xb
 1102 0074 3B       		.uleb128 0x3b
 1103 0075 0B       		.uleb128 0xb
 1104 0076 27       		.uleb128 0x27
 1105 0077 19       		.uleb128 0x19
 1106 0078 11       		.uleb128 0x11
 1107 0079 01       		.uleb128 0x1
 1108 007a 12       		.uleb128 0x12
 1109 007b 06       		.uleb128 0x6
 1110 007c 40       		.uleb128 0x40
 1111 007d 18       		.uleb128 0x18
 1112 007e 9742     		.uleb128 0x2117
 1113 0080 19       		.uleb128 0x19
 1114 0081 01       		.uleb128 0x1
 1115 0082 13       		.uleb128 0x13
 1116 0083 00       		.byte	0
 1117 0084 00       		.byte	0
 1118 0085 0B       		.uleb128 0xb
 1119 0086 05       		.uleb128 0x5
 1120 0087 00       		.byte	0
 1121 0088 03       		.uleb128 0x3
 1122 0089 0E       		.uleb128 0xe
 1123 008a 3A       		.uleb128 0x3a
 1124 008b 0B       		.uleb128 0xb
 1125 008c 3B       		.uleb128 0x3b
 1126 008d 0B       		.uleb128 0xb
 1127 008e 49       		.uleb128 0x49
 1128 008f 13       		.uleb128 0x13
 1129 0090 02       		.uleb128 0x2
 1130 0091 18       		.uleb128 0x18
 1131 0092 00       		.byte	0
 1132 0093 00       		.byte	0
 1133 0094 0C       		.uleb128 0xc
 1134 0095 34       		.uleb128 0x34
 1135 0096 00       		.byte	0
 1136 0097 03       		.uleb128 0x3
 1137 0098 08       		.uleb128 0x8
 1138 0099 3A       		.uleb128 0x3a
 1139 009a 0B       		.uleb128 0xb
 1140 009b 3B       		.uleb128 0x3b
 1141 009c 0B       		.uleb128 0xb
 1142 009d 49       		.uleb128 0x49
 1143 009e 13       		.uleb128 0x13
 1144 009f 02       		.uleb128 0x2
 1145 00a0 17       		.uleb128 0x17
ARM GAS  C:\Users\oggih\AppData\Local\Temp\ccb0FUjh.s 			page 29


 1146 00a1 00       		.byte	0
 1147 00a2 00       		.byte	0
 1148 00a3 0D       		.uleb128 0xd
 1149 00a4 0B       		.uleb128 0xb
 1150 00a5 01       		.byte	0x1
 1151 00a6 11       		.uleb128 0x11
 1152 00a7 01       		.uleb128 0x1
 1153 00a8 12       		.uleb128 0x12
 1154 00a9 06       		.uleb128 0x6
 1155 00aa 00       		.byte	0
 1156 00ab 00       		.byte	0
 1157 00ac 0E       		.uleb128 0xe
 1158 00ad 34       		.uleb128 0x34
 1159 00ae 00       		.byte	0
 1160 00af 03       		.uleb128 0x3
 1161 00b0 0E       		.uleb128 0xe
 1162 00b1 3A       		.uleb128 0x3a
 1163 00b2 0B       		.uleb128 0xb
 1164 00b3 3B       		.uleb128 0x3b
 1165 00b4 0B       		.uleb128 0xb
 1166 00b5 49       		.uleb128 0x49
 1167 00b6 13       		.uleb128 0x13
 1168 00b7 02       		.uleb128 0x2
 1169 00b8 17       		.uleb128 0x17
 1170 00b9 00       		.byte	0
 1171 00ba 00       		.byte	0
 1172 00bb 0F       		.uleb128 0xf
 1173 00bc 0F       		.uleb128 0xf
 1174 00bd 00       		.byte	0
 1175 00be 0B       		.uleb128 0xb
 1176 00bf 0B       		.uleb128 0xb
 1177 00c0 49       		.uleb128 0x49
 1178 00c1 13       		.uleb128 0x13
 1179 00c2 00       		.byte	0
 1180 00c3 00       		.byte	0
 1181 00c4 10       		.uleb128 0x10
 1182 00c5 26       		.uleb128 0x26
 1183 00c6 00       		.byte	0
 1184 00c7 49       		.uleb128 0x49
 1185 00c8 13       		.uleb128 0x13
 1186 00c9 00       		.byte	0
 1187 00ca 00       		.byte	0
 1188 00cb 11       		.uleb128 0x11
 1189 00cc 05       		.uleb128 0x5
 1190 00cd 00       		.byte	0
 1191 00ce 03       		.uleb128 0x3
 1192 00cf 08       		.uleb128 0x8
 1193 00d0 3A       		.uleb128 0x3a
 1194 00d1 0B       		.uleb128 0xb
 1195 00d2 3B       		.uleb128 0x3b
 1196 00d3 0B       		.uleb128 0xb
 1197 00d4 49       		.uleb128 0x49
 1198 00d5 13       		.uleb128 0x13
 1199 00d6 02       		.uleb128 0x2
 1200 00d7 17       		.uleb128 0x17
 1201 00d8 00       		.byte	0
 1202 00d9 00       		.byte	0
ARM GAS  C:\Users\oggih\AppData\Local\Temp\ccb0FUjh.s 			page 30


 1203 00da 12       		.uleb128 0x12
 1204 00db 898201   		.uleb128 0x4109
 1205 00de 01       		.byte	0x1
 1206 00df 11       		.uleb128 0x11
 1207 00e0 01       		.uleb128 0x1
 1208 00e1 31       		.uleb128 0x31
 1209 00e2 13       		.uleb128 0x13
 1210 00e3 00       		.byte	0
 1211 00e4 00       		.byte	0
 1212 00e5 13       		.uleb128 0x13
 1213 00e6 8A8201   		.uleb128 0x410a
 1214 00e9 00       		.byte	0
 1215 00ea 02       		.uleb128 0x2
 1216 00eb 18       		.uleb128 0x18
 1217 00ec 9142     		.uleb128 0x2111
 1218 00ee 18       		.uleb128 0x18
 1219 00ef 00       		.byte	0
 1220 00f0 00       		.byte	0
 1221 00f1 14       		.uleb128 0x14
 1222 00f2 898201   		.uleb128 0x4109
 1223 00f5 01       		.byte	0x1
 1224 00f6 11       		.uleb128 0x11
 1225 00f7 01       		.uleb128 0x1
 1226 00f8 31       		.uleb128 0x31
 1227 00f9 13       		.uleb128 0x13
 1228 00fa 01       		.uleb128 0x1
 1229 00fb 13       		.uleb128 0x13
 1230 00fc 00       		.byte	0
 1231 00fd 00       		.byte	0
 1232 00fe 15       		.uleb128 0x15
 1233 00ff 2E       		.uleb128 0x2e
 1234 0100 01       		.byte	0x1
 1235 0101 3F       		.uleb128 0x3f
 1236 0102 19       		.uleb128 0x19
 1237 0103 03       		.uleb128 0x3
 1238 0104 0E       		.uleb128 0xe
 1239 0105 3A       		.uleb128 0x3a
 1240 0106 0B       		.uleb128 0xb
 1241 0107 3B       		.uleb128 0x3b
 1242 0108 05       		.uleb128 0x5
 1243 0109 27       		.uleb128 0x27
 1244 010a 19       		.uleb128 0x19
 1245 010b 11       		.uleb128 0x11
 1246 010c 01       		.uleb128 0x1
 1247 010d 12       		.uleb128 0x12
 1248 010e 06       		.uleb128 0x6
 1249 010f 40       		.uleb128 0x40
 1250 0110 18       		.uleb128 0x18
 1251 0111 9742     		.uleb128 0x2117
 1252 0113 19       		.uleb128 0x19
 1253 0114 01       		.uleb128 0x1
 1254 0115 13       		.uleb128 0x13
 1255 0116 00       		.byte	0
 1256 0117 00       		.byte	0
 1257 0118 16       		.uleb128 0x16
 1258 0119 0B       		.uleb128 0xb
 1259 011a 01       		.byte	0x1
ARM GAS  C:\Users\oggih\AppData\Local\Temp\ccb0FUjh.s 			page 31


 1260 011b 11       		.uleb128 0x11
 1261 011c 01       		.uleb128 0x1
 1262 011d 12       		.uleb128 0x12
 1263 011e 06       		.uleb128 0x6
 1264 011f 01       		.uleb128 0x1
 1265 0120 13       		.uleb128 0x13
 1266 0121 00       		.byte	0
 1267 0122 00       		.byte	0
 1268 0123 17       		.uleb128 0x17
 1269 0124 34       		.uleb128 0x34
 1270 0125 00       		.byte	0
 1271 0126 03       		.uleb128 0x3
 1272 0127 0E       		.uleb128 0xe
 1273 0128 3A       		.uleb128 0x3a
 1274 0129 0B       		.uleb128 0xb
 1275 012a 3B       		.uleb128 0x3b
 1276 012b 05       		.uleb128 0x5
 1277 012c 49       		.uleb128 0x49
 1278 012d 13       		.uleb128 0x13
 1279 012e 02       		.uleb128 0x2
 1280 012f 18       		.uleb128 0x18
 1281 0130 00       		.byte	0
 1282 0131 00       		.byte	0
 1283 0132 18       		.uleb128 0x18
 1284 0133 13       		.uleb128 0x13
 1285 0134 01       		.byte	0x1
 1286 0135 0B       		.uleb128 0xb
 1287 0136 0B       		.uleb128 0xb
 1288 0137 3A       		.uleb128 0x3a
 1289 0138 0B       		.uleb128 0xb
 1290 0139 3B       		.uleb128 0x3b
 1291 013a 05       		.uleb128 0x5
 1292 013b 01       		.uleb128 0x1
 1293 013c 13       		.uleb128 0x13
 1294 013d 00       		.byte	0
 1295 013e 00       		.byte	0
 1296 013f 19       		.uleb128 0x19
 1297 0140 0D       		.uleb128 0xd
 1298 0141 00       		.byte	0
 1299 0142 03       		.uleb128 0x3
 1300 0143 0E       		.uleb128 0xe
 1301 0144 3A       		.uleb128 0x3a
 1302 0145 0B       		.uleb128 0xb
 1303 0146 3B       		.uleb128 0x3b
 1304 0147 05       		.uleb128 0x5
 1305 0148 49       		.uleb128 0x49
 1306 0149 13       		.uleb128 0x13
 1307 014a 38       		.uleb128 0x38
 1308 014b 0B       		.uleb128 0xb
 1309 014c 00       		.byte	0
 1310 014d 00       		.byte	0
 1311 014e 1A       		.uleb128 0x1a
 1312 014f 01       		.uleb128 0x1
 1313 0150 01       		.byte	0x1
 1314 0151 49       		.uleb128 0x49
 1315 0152 13       		.uleb128 0x13
 1316 0153 01       		.uleb128 0x1
ARM GAS  C:\Users\oggih\AppData\Local\Temp\ccb0FUjh.s 			page 32


 1317 0154 13       		.uleb128 0x13
 1318 0155 00       		.byte	0
 1319 0156 00       		.byte	0
 1320 0157 1B       		.uleb128 0x1b
 1321 0158 21       		.uleb128 0x21
 1322 0159 00       		.byte	0
 1323 015a 49       		.uleb128 0x49
 1324 015b 13       		.uleb128 0x13
 1325 015c 2F       		.uleb128 0x2f
 1326 015d 0B       		.uleb128 0xb
 1327 015e 00       		.byte	0
 1328 015f 00       		.byte	0
 1329 0160 1C       		.uleb128 0x1c
 1330 0161 34       		.uleb128 0x34
 1331 0162 00       		.byte	0
 1332 0163 03       		.uleb128 0x3
 1333 0164 08       		.uleb128 0x8
 1334 0165 3A       		.uleb128 0x3a
 1335 0166 0B       		.uleb128 0xb
 1336 0167 3B       		.uleb128 0x3b
 1337 0168 05       		.uleb128 0x5
 1338 0169 49       		.uleb128 0x49
 1339 016a 13       		.uleb128 0x13
 1340 016b 02       		.uleb128 0x2
 1341 016c 17       		.uleb128 0x17
 1342 016d 00       		.byte	0
 1343 016e 00       		.byte	0
 1344 016f 1D       		.uleb128 0x1d
 1345 0170 898201   		.uleb128 0x4109
 1346 0173 00       		.byte	0
 1347 0174 11       		.uleb128 0x11
 1348 0175 01       		.uleb128 0x1
 1349 0176 31       		.uleb128 0x31
 1350 0177 13       		.uleb128 0x13
 1351 0178 00       		.byte	0
 1352 0179 00       		.byte	0
 1353 017a 1E       		.uleb128 0x1e
 1354 017b 2E       		.uleb128 0x2e
 1355 017c 00       		.byte	0
 1356 017d 3F       		.uleb128 0x3f
 1357 017e 19       		.uleb128 0x19
 1358 017f 3C       		.uleb128 0x3c
 1359 0180 19       		.uleb128 0x19
 1360 0181 6E       		.uleb128 0x6e
 1361 0182 0E       		.uleb128 0xe
 1362 0183 03       		.uleb128 0x3
 1363 0184 0E       		.uleb128 0xe
 1364 0185 00       		.byte	0
 1365 0186 00       		.byte	0
 1366 0187 1F       		.uleb128 0x1f
 1367 0188 2E       		.uleb128 0x2e
 1368 0189 00       		.byte	0
 1369 018a 3F       		.uleb128 0x3f
 1370 018b 19       		.uleb128 0x19
 1371 018c 3C       		.uleb128 0x3c
 1372 018d 19       		.uleb128 0x19
 1373 018e 6E       		.uleb128 0x6e
ARM GAS  C:\Users\oggih\AppData\Local\Temp\ccb0FUjh.s 			page 33


 1374 018f 0E       		.uleb128 0xe
 1375 0190 03       		.uleb128 0x3
 1376 0191 0E       		.uleb128 0xe
 1377 0192 3A       		.uleb128 0x3a
 1378 0193 0B       		.uleb128 0xb
 1379 0194 3B       		.uleb128 0x3b
 1380 0195 0B       		.uleb128 0xb
 1381 0196 00       		.byte	0
 1382 0197 00       		.byte	0
 1383 0198 00       		.byte	0
 1384              		.section	.debug_loc,"",%progbits
 1385              	.Ldebug_loc0:
 1386              	.LLST0:
 1387 0000 02000000 		.4byte	.LVL1
 1388 0004 08000000 		.4byte	.LVL2
 1389 0008 0200     		.2byte	0x2
 1390 000a 30       		.byte	0x30
 1391 000b 9F       		.byte	0x9f
 1392 000c 08000000 		.4byte	.LVL2
 1393 0010 30000000 		.4byte	.LVL11
 1394 0014 0100     		.2byte	0x1
 1395 0016 57       		.byte	0x57
 1396 0017 00000000 		.4byte	0
 1397 001b 00000000 		.4byte	0
 1398              	.LLST1:
 1399 001f 02000000 		.4byte	.LVL1
 1400 0023 08000000 		.4byte	.LVL2
 1401 0027 0200     		.2byte	0x2
 1402 0029 30       		.byte	0x30
 1403 002a 9F       		.byte	0x9f
 1404 002b 08000000 		.4byte	.LVL2
 1405 002f 30000000 		.4byte	.LVL10
 1406 0033 0100     		.2byte	0x1
 1407 0035 55       		.byte	0x55
 1408 0036 00000000 		.4byte	0
 1409 003a 00000000 		.4byte	0
 1410              	.LLST2:
 1411 003e 0C000000 		.4byte	.LVL3
 1412 0042 2C000000 		.4byte	.LVL9
 1413 0046 0100     		.2byte	0x1
 1414 0048 56       		.byte	0x56
 1415 0049 00000000 		.4byte	0
 1416 004d 00000000 		.4byte	0
 1417              	.LLST3:
 1418 0051 0E000000 		.4byte	.LVL4
 1419 0055 24000000 		.4byte	.LVL7
 1420 0059 0100     		.2byte	0x1
 1421 005b 53       		.byte	0x53
 1422 005c 26000000 		.4byte	.LVL8
 1423 0060 2C000000 		.4byte	.LVL9
 1424 0064 0100     		.2byte	0x1
 1425 0066 53       		.byte	0x53
 1426 0067 00000000 		.4byte	0
 1427 006b 00000000 		.4byte	0
 1428              	.LLST4:
 1429 006f 00000000 		.4byte	.LVL12
 1430 0073 09000000 		.4byte	.LVL14-1
ARM GAS  C:\Users\oggih\AppData\Local\Temp\ccb0FUjh.s 			page 34


 1431 0077 0100     		.2byte	0x1
 1432 0079 50       		.byte	0x50
 1433 007a 09000000 		.4byte	.LVL14-1
 1434 007e 0C000000 		.4byte	.LFE0
 1435 0082 0400     		.2byte	0x4
 1436 0084 F3       		.byte	0xf3
 1437 0085 01       		.uleb128 0x1
 1438 0086 50       		.byte	0x50
 1439 0087 9F       		.byte	0x9f
 1440 0088 00000000 		.4byte	0
 1441 008c 00000000 		.4byte	0
 1442              	.LLST5:
 1443 0090 00000000 		.4byte	.LVL12
 1444 0094 06000000 		.4byte	.LVL13
 1445 0098 0100     		.2byte	0x1
 1446 009a 51       		.byte	0x51
 1447 009b 06000000 		.4byte	.LVL13
 1448 009f 09000000 		.4byte	.LVL14-1
 1449 00a3 0100     		.2byte	0x1
 1450 00a5 52       		.byte	0x52
 1451 00a6 09000000 		.4byte	.LVL14-1
 1452 00aa 0C000000 		.4byte	.LFE0
 1453 00ae 0400     		.2byte	0x4
 1454 00b0 F3       		.byte	0xf3
 1455 00b1 01       		.uleb128 0x1
 1456 00b2 51       		.byte	0x51
 1457 00b3 9F       		.byte	0x9f
 1458 00b4 00000000 		.4byte	0
 1459 00b8 00000000 		.4byte	0
 1460              	.LLST6:
 1461 00bc 66000000 		.4byte	.LVL18
 1462 00c0 6A000000 		.4byte	.LVL19
 1463 00c4 0200     		.2byte	0x2
 1464 00c6 30       		.byte	0x30
 1465 00c7 9F       		.byte	0x9f
 1466 00c8 6A000000 		.4byte	.LVL19
 1467 00cc 88000000 		.4byte	.LVL21
 1468 00d0 0100     		.2byte	0x1
 1469 00d2 54       		.byte	0x54
 1470 00d3 8A000000 		.4byte	.LVL22
 1471 00d7 F0000000 		.4byte	.LVL25
 1472 00db 0100     		.2byte	0x1
 1473 00dd 54       		.byte	0x54
 1474 00de 00000000 		.4byte	0
 1475 00e2 00000000 		.4byte	0
 1476              	.LLST7:
 1477 00e6 6A000000 		.4byte	.LVL19
 1478 00ea 88000000 		.4byte	.LVL21
 1479 00ee 0B00     		.2byte	0xb
 1480 00f0 74       		.byte	0x74
 1481 00f1 00       		.sleb128 0
 1482 00f2 36       		.byte	0x36
 1483 00f3 1E       		.byte	0x1e
 1484 00f4 03       		.byte	0x3
 1485 00f5 00000000 		.4byte	cfg_memset_list.4870
 1486 00f9 22       		.byte	0x22
 1487 00fa 9F       		.byte	0x9f
ARM GAS  C:\Users\oggih\AppData\Local\Temp\ccb0FUjh.s 			page 35


 1488 00fb 88000000 		.4byte	.LVL21
 1489 00ff 8A000000 		.4byte	.LVL22
 1490 0103 0B00     		.2byte	0xb
 1491 0105 74       		.byte	0x74
 1492 0106 7F       		.sleb128 -1
 1493 0107 36       		.byte	0x36
 1494 0108 1E       		.byte	0x1e
 1495 0109 03       		.byte	0x3
 1496 010a 00000000 		.4byte	cfg_memset_list.4870
 1497 010e 22       		.byte	0x22
 1498 010f 9F       		.byte	0x9f
 1499 0110 00000000 		.4byte	0
 1500 0114 00000000 		.4byte	0
 1501              		.section	.debug_aranges,"",%progbits
 1502 0000 34000000 		.4byte	0x34
 1503 0004 0200     		.2byte	0x2
 1504 0006 00000000 		.4byte	.Ldebug_info0
 1505 000a 04       		.byte	0x4
 1506 000b 00       		.byte	0
 1507 000c 0000     		.2byte	0
 1508 000e 0000     		.2byte	0
 1509 0010 00000000 		.4byte	.LFB3
 1510 0014 32000000 		.4byte	.LFE3-.LFB3
 1511 0018 00000000 		.4byte	.LFB0
 1512 001c 0C000000 		.4byte	.LFE0-.LFB0
 1513 0020 00000000 		.4byte	.LFB4
 1514 0024 5C000000 		.4byte	.LFE4-.LFB4
 1515 0028 5C000000 		.4byte	.LFB6
 1516 002c D4000000 		.4byte	.LFE6-.LFB6
 1517 0030 00000000 		.4byte	0
 1518 0034 00000000 		.4byte	0
 1519              		.section	.debug_ranges,"",%progbits
 1520              	.Ldebug_ranges0:
 1521 0000 00000000 		.4byte	.LFB3
 1522 0004 32000000 		.4byte	.LFE3
 1523 0008 00000000 		.4byte	.LFB0
 1524 000c 0C000000 		.4byte	.LFE0
 1525 0010 00000000 		.4byte	.LFB4
 1526 0014 5C000000 		.4byte	.LFE4
 1527 0018 5C000000 		.4byte	.LFB6
 1528 001c 30010000 		.4byte	.LFE6
 1529 0020 00000000 		.4byte	0
 1530 0024 00000000 		.4byte	0
 1531              		.section	.debug_line,"",%progbits
 1532              	.Ldebug_line0:
 1533 0000 59010000 		.section	.debug_str,"MS",%progbits,1
 1533      0200D600 
 1533      00000201 
 1533      FB0E0D00 
 1533      01010101 
 1534              	.LASF19:
 1535 0000 72656733 		.ascii	"reg32\000"
 1535      3200
 1536              	.LASF12:
 1537 0006 73697A65 		.ascii	"size_t\000"
 1537      5F7400
 1538              	.LASF37:
ARM GAS  C:\Users\oggih\AppData\Local\Temp\ccb0FUjh.s 			page 36


 1539 000d 4379496E 		.ascii	"CyIntSetVector\000"
 1539      74536574 
 1539      56656374 
 1539      6F7200
 1540              	.LASF21:
 1541 001c 76616C75 		.ascii	"value\000"
 1541      6500
 1542              	.LASF26:
 1543 0022 636F756E 		.ascii	"count\000"
 1543      7400
 1544              	.LASF29:
 1545 0028 436C6F63 		.ascii	"ClockSetup\000"
 1545      6B536574 
 1545      757000
 1546              	.LASF30:
 1547 0033 63795F63 		.ascii	"cy_cfg_addr_table\000"
 1547      66675F61 
 1547      6464725F 
 1547      7461626C 
 1547      6500
 1548              	.LASF31:
 1549 0045 63795F63 		.ascii	"cy_cfg_data_table\000"
 1549      66675F64 
 1549      6174615F 
 1549      7461626C 
 1549      6500
 1550              	.LASF16:
 1551 0057 666C6F61 		.ascii	"float\000"
 1551      7400
 1552              	.LASF35:
 1553 005d 6366675F 		.ascii	"cfg_memset_list\000"
 1553      6D656D73 
 1553      65745F6C 
 1553      69737400 
 1554              	.LASF33:
 1555 006d 73697A65 		.ascii	"size\000"
 1555      00
 1556              	.LASF18:
 1557 0072 72656738 		.ascii	"reg8\000"
 1557      00
 1558              	.LASF8:
 1559 0077 6C6F6E67 		.ascii	"long unsigned int\000"
 1559      20756E73 
 1559      69676E65 
 1559      6420696E 
 1559      7400
 1560              	.LASF13:
 1561 0089 75696E74 		.ascii	"uint8\000"
 1561      3800
 1562              	.LASF28:
 1563 008f 43594D45 		.ascii	"CYMEMZERO\000"
 1563      4D5A4552 
 1563      4F00
 1564              	.LASF4:
 1565 0099 756E7369 		.ascii	"unsigned char\000"
 1565      676E6564 
 1565      20636861 
ARM GAS  C:\Users\oggih\AppData\Local\Temp\ccb0FUjh.s 			page 37


 1565      7200
 1566              	.LASF43:
 1567 00a7 6D656D73 		.ascii	"memset\000"
 1567      657400
 1568              	.LASF17:
 1569 00ae 646F7562 		.ascii	"double\000"
 1569      6C6500
 1570              	.LASF27:
 1571 00b5 6366675F 		.ascii	"cfg_write_bytes32\000"
 1571      77726974 
 1571      655F6279 
 1571      74657333 
 1571      3200
 1572              	.LASF38:
 1573 00c7 4379496E 		.ascii	"CyIntEnable\000"
 1573      74456E61 
 1573      626C6500 
 1574              	.LASF23:
 1575 00d3 61646472 		.ascii	"addr_table\000"
 1575      5F746162 
 1575      6C6500
 1576              	.LASF14:
 1577 00de 75696E74 		.ascii	"uint16\000"
 1577      313600
 1578              	.LASF24:
 1579 00e5 64617461 		.ascii	"data_table\000"
 1579      5F746162 
 1579      6C6500
 1580              	.LASF41:
 1581 00f0 433A5C55 		.ascii	"C:\\Users\\oggih\\OneDrive\\Documents\\PSoC Creator"
 1581      73657273 
 1581      5C6F6767 
 1581      69685C4F 
 1581      6E654472 
 1582 011e 5C4C525C 		.ascii	"\\LR\\LR7.cydsn\000"
 1582      4C52372E 
 1582      63796473 
 1582      6E00
 1583              	.LASF15:
 1584 012c 75696E74 		.ascii	"uint32\000"
 1584      333200
 1585              	.LASF0:
 1586 0133 756E7369 		.ascii	"unsigned int\000"
 1586      676E6564 
 1586      20696E74 
 1586      00
 1587              	.LASF42:
 1588 0140 63796669 		.ascii	"cyfitter_cfg\000"
 1588      74746572 
 1588      5F636667 
 1588      00
 1589              	.LASF32:
 1590 014d 61646472 		.ascii	"address\000"
 1590      65737300 
 1591              	.LASF9:
 1592 0155 6C6F6E67 		.ascii	"long long unsigned int\000"
 1592      206C6F6E 
ARM GAS  C:\Users\oggih\AppData\Local\Temp\ccb0FUjh.s 			page 38


 1592      6720756E 
 1592      7369676E 
 1592      65642069 
 1593              	.LASF39:
 1594 016c 474E5520 		.ascii	"GNU C11 5.4.1 20160609 (release) [ARM/embedded-5-br"
 1594      43313120 
 1594      352E342E 
 1594      31203230 
 1594      31363036 
 1595 019f 616E6368 		.ascii	"anch revision 237715] -mcpu=cortex-m0 -mthumb -g -O"
 1595      20726576 
 1595      6973696F 
 1595      6E203233 
 1595      37373135 
 1596 01d2 67202D66 		.ascii	"g -ffunction-sections -ffat-lto-objects\000"
 1596      66756E63 
 1596      74696F6E 
 1596      2D736563 
 1596      74696F6E 
 1597              	.LASF34:
 1598 01fa 6366675F 		.ascii	"cfg_memset_t\000"
 1598      6D656D73 
 1598      65745F74 
 1598      00
 1599              	.LASF25:
 1600 0207 62617365 		.ascii	"baseAddr\000"
 1600      41646472 
 1600      00
 1601              	.LASF10:
 1602 0210 73697A65 		.ascii	"sizetype\000"
 1602      74797065 
 1602      00
 1603              	.LASF6:
 1604 0219 73686F72 		.ascii	"short unsigned int\000"
 1604      7420756E 
 1604      7369676E 
 1604      65642069 
 1604      6E7400
 1605              	.LASF1:
 1606 022c 6C6F6E67 		.ascii	"long long int\000"
 1606      206C6F6E 
 1606      6720696E 
 1606      7400
 1607              	.LASF11:
 1608 023a 63686172 		.ascii	"char\000"
 1608      00
 1609              	.LASF22:
 1610 023f 63795F63 		.ascii	"cy_cfg_addrvalue_t\000"
 1610      66675F61 
 1610      64647276 
 1610      616C7565 
 1610      5F7400
 1611              	.LASF20:
 1612 0252 6F666673 		.ascii	"offset\000"
 1612      657400
 1613              	.LASF5:
 1614 0259 73686F72 		.ascii	"short int\000"
ARM GAS  C:\Users\oggih\AppData\Local\Temp\ccb0FUjh.s 			page 39


 1614      7420696E 
 1614      7400
 1615              	.LASF36:
 1616 0263 43795379 		.ascii	"CySysClkWriteImoFreq\000"
 1616      73436C6B 
 1616      57726974 
 1616      65496D6F 
 1616      46726571 
 1617              	.LASF7:
 1618 0278 6C6F6E67 		.ascii	"long int\000"
 1618      20696E74 
 1618      00
 1619              	.LASF2:
 1620 0281 6C6F6E67 		.ascii	"long double\000"
 1620      20646F75 
 1620      626C6500 
 1621              	.LASF3:
 1622 028d 7369676E 		.ascii	"signed char\000"
 1622      65642063 
 1622      68617200 
 1623              	.LASF40:
 1624 0299 47656E65 		.ascii	"Generated_Source\\PSoC4\\cyfitter_cfg.c\000"
 1624      72617465 
 1624      645F536F 
 1624      75726365 
 1624      5C50536F 
 1625              		.ident	"GCC: (GNU Tools for ARM Embedded Processors) 5.4.1 20160609 (release) [ARM/embedded-5-bran
