ARM GAS  C:\Users\oggih\AppData\Local\Temp\ccsBGXbi.s 			page 1


   1              		.syntax unified
   2              		.cpu cortex-m0
   3              		.fpu softvfp
   4              		.eabi_attribute 20, 1
   5              		.eabi_attribute 21, 1
   6              		.eabi_attribute 23, 3
   7              		.eabi_attribute 24, 1
   8              		.eabi_attribute 25, 1
   9              		.eabi_attribute 26, 1
  10              		.eabi_attribute 30, 1
  11              		.eabi_attribute 34, 0
  12              		.eabi_attribute 18, 4
  13              		.thumb
  14              		.syntax unified
  15              		.file	"main.c"
  16              		.text
  17              	.Ltext0:
  18              		.cfi_sections	.debug_frame
  19              		.section	.text.update_lcd,"ax",%progbits
  20              		.align	2
  21              		.global	update_lcd
  22              		.code	16
  23              		.thumb_func
  24              		.type	update_lcd, %function
  25              	update_lcd:
  26              	.LFB33:
  27              		.file 1 "main.c"
   1:main.c        **** /* ========================================
   2:main.c        ****  *
   3:main.c        ****  * Copyright YOUR COMPANY, THE YEAR
   4:main.c        ****  * All Rights Reserved
   5:main.c        ****  * UNPUBLISHED, LICENSED SOFTWARE.
   6:main.c        ****  *
   7:main.c        ****  * CONFIDENTIAL AND PROPRIETARY INFORMATION
   8:main.c        ****  * WHICH IS THE PROPERTY OF your company.
   9:main.c        ****  *
  10:main.c        ****  * ========================================
  11:main.c        **** */
  12:main.c        **** #include "project.h"
  13:main.c        **** #include "stdio.h"
  14:main.c        **** int ms_count, seconds, minutes=0;
  15:main.c        **** 
  16:main.c        **** char lcd_string[16];
  17:main.c        **** 
  18:main.c        **** void update_lcd()
  19:main.c        **** {
  28              		.loc 1 19 0
  29              		.cfi_startproc
  30              		@ args = 0, pretend = 0, frame = 0
  31              		@ frame_needed = 0, uses_anonymous_args = 0
  32 0000 10B5     		push	{r4, lr}
  33              		.cfi_def_cfa_offset 8
  34              		.cfi_offset 4, -8
  35              		.cfi_offset 14, -4
  20:main.c        ****     LCD_ClearDisplay();
  36              		.loc 1 20 0
  37 0002 0120     		movs	r0, #1
ARM GAS  C:\Users\oggih\AppData\Local\Temp\ccsBGXbi.s 			page 2


  38 0004 FFF7FEFF 		bl	LCD_WriteControl
  39              	.LVL0:
  21:main.c        ****     sprintf(lcd_string,"%02u:%02u",minutes,seconds);
  40              		.loc 1 21 0
  41 0008 084B     		ldr	r3, .L2
  42 000a 1B68     		ldr	r3, [r3]
  43 000c 084A     		ldr	r2, .L2+4
  44 000e 1268     		ldr	r2, [r2]
  45 0010 084C     		ldr	r4, .L2+8
  46 0012 0949     		ldr	r1, .L2+12
  47 0014 2000     		movs	r0, r4
  48 0016 FFF7FEFF 		bl	sprintf
  49              	.LVL1:
  22:main.c        ****     LCD_Position(0,0);
  50              		.loc 1 22 0
  51 001a 0021     		movs	r1, #0
  52 001c 0020     		movs	r0, #0
  53 001e FFF7FEFF 		bl	LCD_Position
  54              	.LVL2:
  23:main.c        ****     LCD_PrintString(lcd_string);
  55              		.loc 1 23 0
  56 0022 2000     		movs	r0, r4
  57 0024 FFF7FEFF 		bl	LCD_PrintString
  58              	.LVL3:
  24:main.c        **** }
  59              		.loc 1 24 0
  60              		@ sp needed
  61 0028 10BD     		pop	{r4, pc}
  62              	.L3:
  63 002a C046     		.align	2
  64              	.L2:
  65 002c 00000000 		.word	seconds
  66 0030 00000000 		.word	.LANCHOR0
  67 0034 00000000 		.word	lcd_string
  68 0038 00000000 		.word	.LC2
  69              		.cfi_endproc
  70              	.LFE33:
  71              		.size	update_lcd, .-update_lcd
  72              		.section	.text.ISR,"ax",%progbits
  73              		.align	2
  74              		.global	ISR
  75              		.code	16
  76              		.thumb_func
  77              		.type	ISR, %function
  78              	ISR:
  79              	.LFB34:
  25:main.c        **** 
  26:main.c        **** CY_ISR(ISR)
  27:main.c        **** {
  80              		.loc 1 27 0
  81              		.cfi_startproc
  82              		@ args = 0, pretend = 0, frame = 0
  83              		@ frame_needed = 0, uses_anonymous_args = 0
  84 0000 10B5     		push	{r4, lr}
  85              		.cfi_def_cfa_offset 8
  86              		.cfi_offset 4, -8
  87              		.cfi_offset 14, -4
ARM GAS  C:\Users\oggih\AppData\Local\Temp\ccsBGXbi.s 			page 3


  28:main.c        ****     ms_count++;
  88              		.loc 1 28 0
  89 0002 104A     		ldr	r2, .L7
  90 0004 1368     		ldr	r3, [r2]
  91 0006 0133     		adds	r3, r3, #1
  92 0008 1360     		str	r3, [r2]
  29:main.c        ****     
  30:main.c        ****     if(ms_count == 1000)
  93              		.loc 1 30 0
  94 000a FA22     		movs	r2, #250
  95 000c 9200     		lsls	r2, r2, #2
  96 000e 9342     		cmp	r3, r2
  97 0010 16D1     		bne	.L4
  31:main.c        ****     {
  32:main.c        ****         seconds++;
  98              		.loc 1 32 0
  99 0012 0D4A     		ldr	r2, .L7+4
 100 0014 1368     		ldr	r3, [r2]
 101 0016 0133     		adds	r3, r3, #1
 102 0018 1360     		str	r3, [r2]
  33:main.c        ****         ms_count=0;
 103              		.loc 1 33 0
 104 001a 0021     		movs	r1, #0
 105 001c 094A     		ldr	r2, .L7
 106 001e 1160     		str	r1, [r2]
  34:main.c        ****         if(seconds >=60)
 107              		.loc 1 34 0
 108 0020 3B2B     		cmp	r3, #59
 109 0022 0BDD     		ble	.L6
  35:main.c        ****         {
  36:main.c        ****             seconds =0;
 110              		.loc 1 36 0
 111 0024 0022     		movs	r2, #0
 112 0026 084B     		ldr	r3, .L7+4
 113 0028 1A60     		str	r2, [r3]
  37:main.c        ****             minutes++;
 114              		.loc 1 37 0
 115 002a 084A     		ldr	r2, .L7+8
 116 002c 1368     		ldr	r3, [r2]
 117 002e 0133     		adds	r3, r3, #1
 118 0030 1360     		str	r3, [r2]
  38:main.c        ****             if(minutes >=60)
 119              		.loc 1 38 0
 120 0032 3B2B     		cmp	r3, #59
 121 0034 02DD     		ble	.L6
  39:main.c        ****             {
  40:main.c        ****                 minutes=0;
 122              		.loc 1 40 0
 123 0036 0022     		movs	r2, #0
 124 0038 044B     		ldr	r3, .L7+8
 125 003a 1A60     		str	r2, [r3]
 126              	.L6:
  41:main.c        ****             }
  42:main.c        ****         }
  43:main.c        ****         update_lcd();
 127              		.loc 1 43 0
 128 003c FFF7FEFF 		bl	update_lcd
ARM GAS  C:\Users\oggih\AppData\Local\Temp\ccsBGXbi.s 			page 4


 129              	.LVL4:
 130              	.L4:
  44:main.c        ****     }
  45:main.c        **** }
 131              		.loc 1 45 0
 132              		@ sp needed
 133 0040 10BD     		pop	{r4, pc}
 134              	.L8:
 135 0042 C046     		.align	2
 136              	.L7:
 137 0044 00000000 		.word	ms_count
 138 0048 00000000 		.word	seconds
 139 004c 00000000 		.word	.LANCHOR0
 140              		.cfi_endproc
 141              	.LFE34:
 142              		.size	ISR, .-ISR
 143              		.section	.text.main,"ax",%progbits
 144              		.align	2
 145              		.global	main
 146              		.code	16
 147              		.thumb_func
 148              		.type	main, %function
 149              	main:
 150              	.LFB35:
  46:main.c        **** int main(void)
  47:main.c        **** {
 151              		.loc 1 47 0
 152              		.cfi_startproc
 153              		@ Volatile: function does not return.
 154              		@ args = 0, pretend = 0, frame = 0
 155              		@ frame_needed = 0, uses_anonymous_args = 0
 156 0000 10B5     		push	{r4, lr}
 157              		.cfi_def_cfa_offset 8
 158              		.cfi_offset 4, -8
 159              		.cfi_offset 14, -4
  48:main.c        ****     CyGlobalIntEnable; /* Enable global interrupts. */
 160              		.loc 1 48 0
 161              		.syntax divided
 162              	@ 48 "main.c" 1
 163 0002 62B6     		CPSIE   i
 164              	@ 0 "" 2
  49:main.c        **** 
  50:main.c        ****     /* Place your initialization/startup code here (e.g. MyInst_Start()) */
  51:main.c        ****     LCD_Start();
 165              		.loc 1 51 0
 166              		.thumb
 167              		.syntax unified
 168 0004 FFF7FEFF 		bl	LCD_Start
 169              	.LVL5:
  52:main.c        ****     Timer_Start();
 170              		.loc 1 52 0
 171 0008 FFF7FEFF 		bl	Timer_Start
 172              	.LVL6:
  53:main.c        ****     isr_StartEx(ISR);
 173              		.loc 1 53 0
 174 000c 0248     		ldr	r0, .L11
 175 000e FFF7FEFF 		bl	isr_StartEx
ARM GAS  C:\Users\oggih\AppData\Local\Temp\ccsBGXbi.s 			page 5


 176              	.LVL7:
  54:main.c        ****     CyGlobalIntEnable;
 177              		.loc 1 54 0
 178              		.syntax divided
 179              	@ 54 "main.c" 1
 180 0012 62B6     		CPSIE   i
 181              	@ 0 "" 2
 182              		.thumb
 183              		.syntax unified
 184              	.L10:
 185 0014 FEE7     		b	.L10
 186              	.L12:
 187 0016 C046     		.align	2
 188              	.L11:
 189 0018 00000000 		.word	ISR
 190              		.cfi_endproc
 191              	.LFE35:
 192              		.size	main, .-main
 193              		.comm	lcd_string,16,4
 194              		.global	minutes
 195              		.comm	seconds,4,4
 196              		.comm	ms_count,4,4
 197              		.section	.rodata.str1.4,"aMS",%progbits,1
 198              		.align	2
 199              	.LC2:
 200 0000 25303275 		.ascii	"%02u:%02u\000"
 200      3A253032 
 200      7500
 201              		.bss
 202              		.align	2
 203              		.set	.LANCHOR0,. + 0
 204              		.type	minutes, %object
 205              		.size	minutes, 4
 206              	minutes:
 207 0000 00000000 		.space	4
 208              		.text
 209              	.Letext0:
 210              		.file 2 "Generated_Source\\PSoC4/LCD.h"
 211              		.file 3 "c:\\program files (x86)\\cypress\\psoc creator\\4.4\\psoc creator\\import\\gnu\\arm\\5.4.
 212              		.file 4 "Generated_Source\\PSoC4/Timer.h"
 213              		.file 5 "Generated_Source\\PSoC4/isr.h"
 214              		.section	.debug_info,"",%progbits
 215              	.Ldebug_info0:
 216 0000 F8010000 		.4byte	0x1f8
 217 0004 0400     		.2byte	0x4
 218 0006 00000000 		.4byte	.Ldebug_abbrev0
 219 000a 04       		.byte	0x4
 220 000b 01       		.uleb128 0x1
 221 000c 13010000 		.4byte	.LASF25
 222 0010 0C       		.byte	0xc
 223 0011 C0010000 		.4byte	.LASF26
 224 0015 9A000000 		.4byte	.LASF27
 225 0019 00000000 		.4byte	.Ldebug_ranges0+0
 226 001d 00000000 		.4byte	0
 227 0021 00000000 		.4byte	.Ldebug_line0
 228 0025 02       		.uleb128 0x2
 229 0026 01       		.byte	0x1
ARM GAS  C:\Users\oggih\AppData\Local\Temp\ccsBGXbi.s 			page 6


 230 0027 06       		.byte	0x6
 231 0028 F4010000 		.4byte	.LASF0
 232 002c 02       		.uleb128 0x2
 233 002d 01       		.byte	0x1
 234 002e 08       		.byte	0x8
 235 002f 47000000 		.4byte	.LASF1
 236 0033 02       		.uleb128 0x2
 237 0034 02       		.byte	0x2
 238 0035 05       		.byte	0x5
 239 0036 D5010000 		.4byte	.LASF2
 240 003a 02       		.uleb128 0x2
 241 003b 02       		.byte	0x2
 242 003c 07       		.byte	0x7
 243 003d 24000000 		.4byte	.LASF3
 244 0041 02       		.uleb128 0x2
 245 0042 04       		.byte	0x4
 246 0043 05       		.byte	0x5
 247 0044 DF010000 		.4byte	.LASF4
 248 0048 02       		.uleb128 0x2
 249 0049 04       		.byte	0x4
 250 004a 07       		.byte	0x7
 251 004b 55000000 		.4byte	.LASF5
 252 004f 02       		.uleb128 0x2
 253 0050 08       		.byte	0x8
 254 0051 05       		.byte	0x5
 255 0052 AA010000 		.4byte	.LASF6
 256 0056 02       		.uleb128 0x2
 257 0057 08       		.byte	0x8
 258 0058 07       		.byte	0x7
 259 0059 EF000000 		.4byte	.LASF7
 260 005d 03       		.uleb128 0x3
 261 005e 04       		.byte	0x4
 262 005f 05       		.byte	0x5
 263 0060 696E7400 		.ascii	"int\000"
 264 0064 02       		.uleb128 0x2
 265 0065 04       		.byte	0x4
 266 0066 07       		.byte	0x7
 267 0067 E2000000 		.4byte	.LASF8
 268 006b 02       		.uleb128 0x2
 269 006c 04       		.byte	0x4
 270 006d 04       		.byte	0x4
 271 006e 37000000 		.4byte	.LASF9
 272 0072 02       		.uleb128 0x2
 273 0073 08       		.byte	0x8
 274 0074 04       		.byte	0x4
 275 0075 72000000 		.4byte	.LASF10
 276 0079 02       		.uleb128 0x2
 277 007a 01       		.byte	0x1
 278 007b 08       		.byte	0x8
 279 007c C7010000 		.4byte	.LASF11
 280 0080 02       		.uleb128 0x2
 281 0081 08       		.byte	0x8
 282 0082 04       		.byte	0x4
 283 0083 E8010000 		.4byte	.LASF12
 284 0087 02       		.uleb128 0x2
 285 0088 04       		.byte	0x4
 286 0089 07       		.byte	0x7
ARM GAS  C:\Users\oggih\AppData\Local\Temp\ccsBGXbi.s 			page 7


 287 008a A1010000 		.4byte	.LASF13
 288 008e 04       		.uleb128 0x4
 289 008f 19000000 		.4byte	.LASF28
 290 0093 01       		.byte	0x1
 291 0094 12       		.byte	0x12
 292 0095 00000000 		.4byte	.LFB33
 293 0099 3C000000 		.4byte	.LFE33-.LFB33
 294 009d 01       		.uleb128 0x1
 295 009e 9C       		.byte	0x9c
 296 009f FC000000 		.4byte	0xfc
 297 00a3 05       		.uleb128 0x5
 298 00a4 08000000 		.4byte	.LVL0
 299 00a8 AE010000 		.4byte	0x1ae
 300 00ac B6000000 		.4byte	0xb6
 301 00b0 06       		.uleb128 0x6
 302 00b1 01       		.uleb128 0x1
 303 00b2 50       		.byte	0x50
 304 00b3 01       		.uleb128 0x1
 305 00b4 31       		.byte	0x31
 306 00b5 00       		.byte	0
 307 00b6 05       		.uleb128 0x5
 308 00b7 1A000000 		.4byte	.LVL1
 309 00bb B9010000 		.4byte	0x1b9
 310 00bf D3000000 		.4byte	0xd3
 311 00c3 06       		.uleb128 0x6
 312 00c4 01       		.uleb128 0x1
 313 00c5 50       		.byte	0x50
 314 00c6 02       		.uleb128 0x2
 315 00c7 74       		.byte	0x74
 316 00c8 00       		.sleb128 0
 317 00c9 06       		.uleb128 0x6
 318 00ca 01       		.uleb128 0x1
 319 00cb 51       		.byte	0x51
 320 00cc 05       		.uleb128 0x5
 321 00cd 03       		.byte	0x3
 322 00ce 00000000 		.4byte	.LC2
 323 00d2 00       		.byte	0
 324 00d3 05       		.uleb128 0x5
 325 00d4 22000000 		.4byte	.LVL2
 326 00d8 C4010000 		.4byte	0x1c4
 327 00dc EB000000 		.4byte	0xeb
 328 00e0 06       		.uleb128 0x6
 329 00e1 01       		.uleb128 0x1
 330 00e2 50       		.byte	0x50
 331 00e3 01       		.uleb128 0x1
 332 00e4 30       		.byte	0x30
 333 00e5 06       		.uleb128 0x6
 334 00e6 01       		.uleb128 0x1
 335 00e7 51       		.byte	0x51
 336 00e8 01       		.uleb128 0x1
 337 00e9 30       		.byte	0x30
 338 00ea 00       		.byte	0
 339 00eb 07       		.uleb128 0x7
 340 00ec 28000000 		.4byte	.LVL3
 341 00f0 CF010000 		.4byte	0x1cf
 342 00f4 06       		.uleb128 0x6
 343 00f5 01       		.uleb128 0x1
ARM GAS  C:\Users\oggih\AppData\Local\Temp\ccsBGXbi.s 			page 8


 344 00f6 50       		.byte	0x50
 345 00f7 02       		.uleb128 0x2
 346 00f8 74       		.byte	0x74
 347 00f9 00       		.sleb128 0
 348 00fa 00       		.byte	0
 349 00fb 00       		.byte	0
 350 00fc 08       		.uleb128 0x8
 351 00fd 49535200 		.ascii	"ISR\000"
 352 0101 01       		.byte	0x1
 353 0102 1A       		.byte	0x1a
 354 0103 00000000 		.4byte	.LFB34
 355 0107 50000000 		.4byte	.LFE34-.LFB34
 356 010b 01       		.uleb128 0x1
 357 010c 9C       		.byte	0x9c
 358 010d 1B010000 		.4byte	0x11b
 359 0111 09       		.uleb128 0x9
 360 0112 40000000 		.4byte	.LVL4
 361 0116 8E000000 		.4byte	0x8e
 362 011a 00       		.byte	0
 363 011b 0A       		.uleb128 0xa
 364 011c 79000000 		.4byte	.LASF29
 365 0120 01       		.byte	0x1
 366 0121 2E       		.byte	0x2e
 367 0122 5D000000 		.4byte	0x5d
 368 0126 00000000 		.4byte	.LFB35
 369 012a 1C000000 		.4byte	.LFE35-.LFB35
 370 012e 01       		.uleb128 0x1
 371 012f 9C       		.byte	0x9c
 372 0130 5A010000 		.4byte	0x15a
 373 0134 09       		.uleb128 0x9
 374 0135 08000000 		.4byte	.LVL5
 375 0139 DA010000 		.4byte	0x1da
 376 013d 09       		.uleb128 0x9
 377 013e 0C000000 		.4byte	.LVL6
 378 0142 E5010000 		.4byte	0x1e5
 379 0146 07       		.uleb128 0x7
 380 0147 12000000 		.4byte	.LVL7
 381 014b F0010000 		.4byte	0x1f0
 382 014f 06       		.uleb128 0x6
 383 0150 01       		.uleb128 0x1
 384 0151 50       		.byte	0x50
 385 0152 05       		.uleb128 0x5
 386 0153 03       		.byte	0x3
 387 0154 00000000 		.4byte	ISR
 388 0158 00       		.byte	0
 389 0159 00       		.byte	0
 390 015a 0B       		.uleb128 0xb
 391 015b CC010000 		.4byte	.LASF14
 392 015f 01       		.byte	0x1
 393 0160 0E       		.byte	0xe
 394 0161 5D000000 		.4byte	0x5d
 395 0165 05       		.uleb128 0x5
 396 0166 03       		.byte	0x3
 397 0167 00000000 		.4byte	ms_count
 398 016b 0B       		.uleb128 0xb
 399 016c B8010000 		.4byte	.LASF15
 400 0170 01       		.byte	0x1
ARM GAS  C:\Users\oggih\AppData\Local\Temp\ccsBGXbi.s 			page 9


 401 0171 0E       		.byte	0xe
 402 0172 5D000000 		.4byte	0x5d
 403 0176 05       		.uleb128 0x5
 404 0177 03       		.byte	0x3
 405 0178 00000000 		.4byte	seconds
 406 017c 0B       		.uleb128 0xb
 407 017d 00000000 		.4byte	.LASF16
 408 0181 01       		.byte	0x1
 409 0182 0E       		.byte	0xe
 410 0183 5D000000 		.4byte	0x5d
 411 0187 05       		.uleb128 0x5
 412 0188 03       		.byte	0x3
 413 0189 00000000 		.4byte	minutes
 414 018d 0C       		.uleb128 0xc
 415 018e 79000000 		.4byte	0x79
 416 0192 9D010000 		.4byte	0x19d
 417 0196 0D       		.uleb128 0xd
 418 0197 87000000 		.4byte	0x87
 419 019b 0F       		.byte	0xf
 420 019c 00       		.byte	0
 421 019d 0B       		.uleb128 0xb
 422 019e 67000000 		.4byte	.LASF17
 423 01a2 01       		.byte	0x1
 424 01a3 10       		.byte	0x10
 425 01a4 8D010000 		.4byte	0x18d
 426 01a8 05       		.uleb128 0x5
 427 01a9 03       		.byte	0x3
 428 01aa 00000000 		.4byte	lcd_string
 429 01ae 0E       		.uleb128 0xe
 430 01af 08000000 		.4byte	.LASF18
 431 01b3 08000000 		.4byte	.LASF18
 432 01b7 02       		.byte	0x2
 433 01b8 3A       		.byte	0x3a
 434 01b9 0E       		.uleb128 0xe
 435 01ba 00020000 		.4byte	.LASF19
 436 01be 00020000 		.4byte	.LASF19
 437 01c2 03       		.byte	0x3
 438 01c3 E7       		.byte	0xe7
 439 01c4 0E       		.uleb128 0xe
 440 01c5 06010000 		.4byte	.LASF20
 441 01c9 06010000 		.4byte	.LASF20
 442 01cd 02       		.byte	0x2
 443 01ce 3D       		.byte	0x3d
 444 01cf 0E       		.uleb128 0xe
 445 01d0 7E000000 		.4byte	.LASF21
 446 01d4 7E000000 		.4byte	.LASF21
 447 01d8 02       		.byte	0x2
 448 01d9 3C       		.byte	0x3c
 449 01da 0E       		.uleb128 0xe
 450 01db 3D000000 		.4byte	.LASF22
 451 01df 3D000000 		.4byte	.LASF22
 452 01e3 02       		.byte	0x2
 453 01e4 38       		.byte	0x38
 454 01e5 0E       		.uleb128 0xe
 455 01e6 D6000000 		.4byte	.LASF23
 456 01ea D6000000 		.4byte	.LASF23
 457 01ee 04       		.byte	0x4
ARM GAS  C:\Users\oggih\AppData\Local\Temp\ccsBGXbi.s 			page 10


 458 01ef 5A       		.byte	0x5a
 459 01f0 0E       		.uleb128 0xe
 460 01f1 8E000000 		.4byte	.LASF24
 461 01f5 8E000000 		.4byte	.LASF24
 462 01f9 05       		.byte	0x5
 463 01fa 18       		.byte	0x18
 464 01fb 00       		.byte	0
 465              		.section	.debug_abbrev,"",%progbits
 466              	.Ldebug_abbrev0:
 467 0000 01       		.uleb128 0x1
 468 0001 11       		.uleb128 0x11
 469 0002 01       		.byte	0x1
 470 0003 25       		.uleb128 0x25
 471 0004 0E       		.uleb128 0xe
 472 0005 13       		.uleb128 0x13
 473 0006 0B       		.uleb128 0xb
 474 0007 03       		.uleb128 0x3
 475 0008 0E       		.uleb128 0xe
 476 0009 1B       		.uleb128 0x1b
 477 000a 0E       		.uleb128 0xe
 478 000b 55       		.uleb128 0x55
 479 000c 17       		.uleb128 0x17
 480 000d 11       		.uleb128 0x11
 481 000e 01       		.uleb128 0x1
 482 000f 10       		.uleb128 0x10
 483 0010 17       		.uleb128 0x17
 484 0011 00       		.byte	0
 485 0012 00       		.byte	0
 486 0013 02       		.uleb128 0x2
 487 0014 24       		.uleb128 0x24
 488 0015 00       		.byte	0
 489 0016 0B       		.uleb128 0xb
 490 0017 0B       		.uleb128 0xb
 491 0018 3E       		.uleb128 0x3e
 492 0019 0B       		.uleb128 0xb
 493 001a 03       		.uleb128 0x3
 494 001b 0E       		.uleb128 0xe
 495 001c 00       		.byte	0
 496 001d 00       		.byte	0
 497 001e 03       		.uleb128 0x3
 498 001f 24       		.uleb128 0x24
 499 0020 00       		.byte	0
 500 0021 0B       		.uleb128 0xb
 501 0022 0B       		.uleb128 0xb
 502 0023 3E       		.uleb128 0x3e
 503 0024 0B       		.uleb128 0xb
 504 0025 03       		.uleb128 0x3
 505 0026 08       		.uleb128 0x8
 506 0027 00       		.byte	0
 507 0028 00       		.byte	0
 508 0029 04       		.uleb128 0x4
 509 002a 2E       		.uleb128 0x2e
 510 002b 01       		.byte	0x1
 511 002c 3F       		.uleb128 0x3f
 512 002d 19       		.uleb128 0x19
 513 002e 03       		.uleb128 0x3
 514 002f 0E       		.uleb128 0xe
ARM GAS  C:\Users\oggih\AppData\Local\Temp\ccsBGXbi.s 			page 11


 515 0030 3A       		.uleb128 0x3a
 516 0031 0B       		.uleb128 0xb
 517 0032 3B       		.uleb128 0x3b
 518 0033 0B       		.uleb128 0xb
 519 0034 11       		.uleb128 0x11
 520 0035 01       		.uleb128 0x1
 521 0036 12       		.uleb128 0x12
 522 0037 06       		.uleb128 0x6
 523 0038 40       		.uleb128 0x40
 524 0039 18       		.uleb128 0x18
 525 003a 9742     		.uleb128 0x2117
 526 003c 19       		.uleb128 0x19
 527 003d 01       		.uleb128 0x1
 528 003e 13       		.uleb128 0x13
 529 003f 00       		.byte	0
 530 0040 00       		.byte	0
 531 0041 05       		.uleb128 0x5
 532 0042 898201   		.uleb128 0x4109
 533 0045 01       		.byte	0x1
 534 0046 11       		.uleb128 0x11
 535 0047 01       		.uleb128 0x1
 536 0048 31       		.uleb128 0x31
 537 0049 13       		.uleb128 0x13
 538 004a 01       		.uleb128 0x1
 539 004b 13       		.uleb128 0x13
 540 004c 00       		.byte	0
 541 004d 00       		.byte	0
 542 004e 06       		.uleb128 0x6
 543 004f 8A8201   		.uleb128 0x410a
 544 0052 00       		.byte	0
 545 0053 02       		.uleb128 0x2
 546 0054 18       		.uleb128 0x18
 547 0055 9142     		.uleb128 0x2111
 548 0057 18       		.uleb128 0x18
 549 0058 00       		.byte	0
 550 0059 00       		.byte	0
 551 005a 07       		.uleb128 0x7
 552 005b 898201   		.uleb128 0x4109
 553 005e 01       		.byte	0x1
 554 005f 11       		.uleb128 0x11
 555 0060 01       		.uleb128 0x1
 556 0061 31       		.uleb128 0x31
 557 0062 13       		.uleb128 0x13
 558 0063 00       		.byte	0
 559 0064 00       		.byte	0
 560 0065 08       		.uleb128 0x8
 561 0066 2E       		.uleb128 0x2e
 562 0067 01       		.byte	0x1
 563 0068 3F       		.uleb128 0x3f
 564 0069 19       		.uleb128 0x19
 565 006a 03       		.uleb128 0x3
 566 006b 08       		.uleb128 0x8
 567 006c 3A       		.uleb128 0x3a
 568 006d 0B       		.uleb128 0xb
 569 006e 3B       		.uleb128 0x3b
 570 006f 0B       		.uleb128 0xb
 571 0070 27       		.uleb128 0x27
ARM GAS  C:\Users\oggih\AppData\Local\Temp\ccsBGXbi.s 			page 12


 572 0071 19       		.uleb128 0x19
 573 0072 11       		.uleb128 0x11
 574 0073 01       		.uleb128 0x1
 575 0074 12       		.uleb128 0x12
 576 0075 06       		.uleb128 0x6
 577 0076 40       		.uleb128 0x40
 578 0077 18       		.uleb128 0x18
 579 0078 9742     		.uleb128 0x2117
 580 007a 19       		.uleb128 0x19
 581 007b 01       		.uleb128 0x1
 582 007c 13       		.uleb128 0x13
 583 007d 00       		.byte	0
 584 007e 00       		.byte	0
 585 007f 09       		.uleb128 0x9
 586 0080 898201   		.uleb128 0x4109
 587 0083 00       		.byte	0
 588 0084 11       		.uleb128 0x11
 589 0085 01       		.uleb128 0x1
 590 0086 31       		.uleb128 0x31
 591 0087 13       		.uleb128 0x13
 592 0088 00       		.byte	0
 593 0089 00       		.byte	0
 594 008a 0A       		.uleb128 0xa
 595 008b 2E       		.uleb128 0x2e
 596 008c 01       		.byte	0x1
 597 008d 3F       		.uleb128 0x3f
 598 008e 19       		.uleb128 0x19
 599 008f 03       		.uleb128 0x3
 600 0090 0E       		.uleb128 0xe
 601 0091 3A       		.uleb128 0x3a
 602 0092 0B       		.uleb128 0xb
 603 0093 3B       		.uleb128 0x3b
 604 0094 0B       		.uleb128 0xb
 605 0095 27       		.uleb128 0x27
 606 0096 19       		.uleb128 0x19
 607 0097 49       		.uleb128 0x49
 608 0098 13       		.uleb128 0x13
 609 0099 8701     		.uleb128 0x87
 610 009b 19       		.uleb128 0x19
 611 009c 11       		.uleb128 0x11
 612 009d 01       		.uleb128 0x1
 613 009e 12       		.uleb128 0x12
 614 009f 06       		.uleb128 0x6
 615 00a0 40       		.uleb128 0x40
 616 00a1 18       		.uleb128 0x18
 617 00a2 9742     		.uleb128 0x2117
 618 00a4 19       		.uleb128 0x19
 619 00a5 01       		.uleb128 0x1
 620 00a6 13       		.uleb128 0x13
 621 00a7 00       		.byte	0
 622 00a8 00       		.byte	0
 623 00a9 0B       		.uleb128 0xb
 624 00aa 34       		.uleb128 0x34
 625 00ab 00       		.byte	0
 626 00ac 03       		.uleb128 0x3
 627 00ad 0E       		.uleb128 0xe
 628 00ae 3A       		.uleb128 0x3a
ARM GAS  C:\Users\oggih\AppData\Local\Temp\ccsBGXbi.s 			page 13


 629 00af 0B       		.uleb128 0xb
 630 00b0 3B       		.uleb128 0x3b
 631 00b1 0B       		.uleb128 0xb
 632 00b2 49       		.uleb128 0x49
 633 00b3 13       		.uleb128 0x13
 634 00b4 3F       		.uleb128 0x3f
 635 00b5 19       		.uleb128 0x19
 636 00b6 02       		.uleb128 0x2
 637 00b7 18       		.uleb128 0x18
 638 00b8 00       		.byte	0
 639 00b9 00       		.byte	0
 640 00ba 0C       		.uleb128 0xc
 641 00bb 01       		.uleb128 0x1
 642 00bc 01       		.byte	0x1
 643 00bd 49       		.uleb128 0x49
 644 00be 13       		.uleb128 0x13
 645 00bf 01       		.uleb128 0x1
 646 00c0 13       		.uleb128 0x13
 647 00c1 00       		.byte	0
 648 00c2 00       		.byte	0
 649 00c3 0D       		.uleb128 0xd
 650 00c4 21       		.uleb128 0x21
 651 00c5 00       		.byte	0
 652 00c6 49       		.uleb128 0x49
 653 00c7 13       		.uleb128 0x13
 654 00c8 2F       		.uleb128 0x2f
 655 00c9 0B       		.uleb128 0xb
 656 00ca 00       		.byte	0
 657 00cb 00       		.byte	0
 658 00cc 0E       		.uleb128 0xe
 659 00cd 2E       		.uleb128 0x2e
 660 00ce 00       		.byte	0
 661 00cf 3F       		.uleb128 0x3f
 662 00d0 19       		.uleb128 0x19
 663 00d1 3C       		.uleb128 0x3c
 664 00d2 19       		.uleb128 0x19
 665 00d3 6E       		.uleb128 0x6e
 666 00d4 0E       		.uleb128 0xe
 667 00d5 03       		.uleb128 0x3
 668 00d6 0E       		.uleb128 0xe
 669 00d7 3A       		.uleb128 0x3a
 670 00d8 0B       		.uleb128 0xb
 671 00d9 3B       		.uleb128 0x3b
 672 00da 0B       		.uleb128 0xb
 673 00db 00       		.byte	0
 674 00dc 00       		.byte	0
 675 00dd 00       		.byte	0
 676              		.section	.debug_aranges,"",%progbits
 677 0000 2C000000 		.4byte	0x2c
 678 0004 0200     		.2byte	0x2
 679 0006 00000000 		.4byte	.Ldebug_info0
 680 000a 04       		.byte	0x4
 681 000b 00       		.byte	0
 682 000c 0000     		.2byte	0
 683 000e 0000     		.2byte	0
 684 0010 00000000 		.4byte	.LFB33
 685 0014 3C000000 		.4byte	.LFE33-.LFB33
ARM GAS  C:\Users\oggih\AppData\Local\Temp\ccsBGXbi.s 			page 14


 686 0018 00000000 		.4byte	.LFB34
 687 001c 50000000 		.4byte	.LFE34-.LFB34
 688 0020 00000000 		.4byte	.LFB35
 689 0024 1C000000 		.4byte	.LFE35-.LFB35
 690 0028 00000000 		.4byte	0
 691 002c 00000000 		.4byte	0
 692              		.section	.debug_ranges,"",%progbits
 693              	.Ldebug_ranges0:
 694 0000 00000000 		.4byte	.LFB33
 695 0004 3C000000 		.4byte	.LFE33
 696 0008 00000000 		.4byte	.LFB34
 697 000c 50000000 		.4byte	.LFE34
 698 0010 00000000 		.4byte	.LFB35
 699 0014 1C000000 		.4byte	.LFE35
 700 0018 00000000 		.4byte	0
 701 001c 00000000 		.4byte	0
 702              		.section	.debug_line,"",%progbits
 703              	.Ldebug_line0:
 704 0000 0C010000 		.section	.debug_str,"MS",%progbits,1
 704      0200C400 
 704      00000201 
 704      FB0E0D00 
 704      01010101 
 705              	.LASF16:
 706 0000 6D696E75 		.ascii	"minutes\000"
 706      74657300 
 707              	.LASF18:
 708 0008 4C43445F 		.ascii	"LCD_WriteControl\000"
 708      57726974 
 708      65436F6E 
 708      74726F6C 
 708      00
 709              	.LASF28:
 710 0019 75706461 		.ascii	"update_lcd\000"
 710      74655F6C 
 710      636400
 711              	.LASF3:
 712 0024 73686F72 		.ascii	"short unsigned int\000"
 712      7420756E 
 712      7369676E 
 712      65642069 
 712      6E7400
 713              	.LASF9:
 714 0037 666C6F61 		.ascii	"float\000"
 714      7400
 715              	.LASF22:
 716 003d 4C43445F 		.ascii	"LCD_Start\000"
 716      53746172 
 716      7400
 717              	.LASF1:
 718 0047 756E7369 		.ascii	"unsigned char\000"
 718      676E6564 
 718      20636861 
 718      7200
 719              	.LASF5:
 720 0055 6C6F6E67 		.ascii	"long unsigned int\000"
 720      20756E73 
ARM GAS  C:\Users\oggih\AppData\Local\Temp\ccsBGXbi.s 			page 15


 720      69676E65 
 720      6420696E 
 720      7400
 721              	.LASF17:
 722 0067 6C63645F 		.ascii	"lcd_string\000"
 722      73747269 
 722      6E6700
 723              	.LASF10:
 724 0072 646F7562 		.ascii	"double\000"
 724      6C6500
 725              	.LASF29:
 726 0079 6D61696E 		.ascii	"main\000"
 726      00
 727              	.LASF21:
 728 007e 4C43445F 		.ascii	"LCD_PrintString\000"
 728      5072696E 
 728      74537472 
 728      696E6700 
 729              	.LASF24:
 730 008e 6973725F 		.ascii	"isr_StartEx\000"
 730      53746172 
 730      74457800 
 731              	.LASF27:
 732 009a 433A5C55 		.ascii	"C:\\Users\\oggih\\OneDrive\\Documents\\PSoC Creator"
 732      73657273 
 732      5C6F6767 
 732      69685C4F 
 732      6E654472 
 733 00c8 5C4C525C 		.ascii	"\\LR\\LR7.cydsn\000"
 733      4C52372E 
 733      63796473 
 733      6E00
 734              	.LASF23:
 735 00d6 54696D65 		.ascii	"Timer_Start\000"
 735      725F5374 
 735      61727400 
 736              	.LASF8:
 737 00e2 756E7369 		.ascii	"unsigned int\000"
 737      676E6564 
 737      20696E74 
 737      00
 738              	.LASF7:
 739 00ef 6C6F6E67 		.ascii	"long long unsigned int\000"
 739      206C6F6E 
 739      6720756E 
 739      7369676E 
 739      65642069 
 740              	.LASF20:
 741 0106 4C43445F 		.ascii	"LCD_Position\000"
 741      506F7369 
 741      74696F6E 
 741      00
 742              	.LASF25:
 743 0113 474E5520 		.ascii	"GNU C11 5.4.1 20160609 (release) [ARM/embedded-5-br"
 743      43313120 
 743      352E342E 
 743      31203230 
ARM GAS  C:\Users\oggih\AppData\Local\Temp\ccsBGXbi.s 			page 16


 743      31363036 
 744 0146 616E6368 		.ascii	"anch revision 237715] -mcpu=cortex-m0 -mthumb -g -O"
 744      20726576 
 744      6973696F 
 744      6E203233 
 744      37373135 
 745 0179 67202D66 		.ascii	"g -ffunction-sections -ffat-lto-objects\000"
 745      66756E63 
 745      74696F6E 
 745      2D736563 
 745      74696F6E 
 746              	.LASF13:
 747 01a1 73697A65 		.ascii	"sizetype\000"
 747      74797065 
 747      00
 748              	.LASF6:
 749 01aa 6C6F6E67 		.ascii	"long long int\000"
 749      206C6F6E 
 749      6720696E 
 749      7400
 750              	.LASF15:
 751 01b8 7365636F 		.ascii	"seconds\000"
 751      6E647300 
 752              	.LASF26:
 753 01c0 6D61696E 		.ascii	"main.c\000"
 753      2E6300
 754              	.LASF11:
 755 01c7 63686172 		.ascii	"char\000"
 755      00
 756              	.LASF14:
 757 01cc 6D735F63 		.ascii	"ms_count\000"
 757      6F756E74 
 757      00
 758              	.LASF2:
 759 01d5 73686F72 		.ascii	"short int\000"
 759      7420696E 
 759      7400
 760              	.LASF4:
 761 01df 6C6F6E67 		.ascii	"long int\000"
 761      20696E74 
 761      00
 762              	.LASF12:
 763 01e8 6C6F6E67 		.ascii	"long double\000"
 763      20646F75 
 763      626C6500 
 764              	.LASF0:
 765 01f4 7369676E 		.ascii	"signed char\000"
 765      65642063 
 765      68617200 
 766              	.LASF19:
 767 0200 73707269 		.ascii	"sprintf\000"
 767      6E746600 
 768              		.ident	"GCC: (GNU Tools for ARM Embedded Processors) 5.4.1 20160609 (release) [ARM/embedded-5-bran
