--------------- Clean Started: 06/14/2023 01:43:07 Project: LR4, Configuration: ARM GCC 5.4-2016-q2-update Debug ---------------
Deleting file ".\CortexM0\ARM_GCC_541\Debug\main.o"
Deleting file ".\CortexM0\ARM_GCC_541\Debug\cyfitter_cfg.o"
Deleting file ".\CortexM0\ARM_GCC_541\Debug\cymetadata.o"
Deleting file ".\CortexM0\ARM_GCC_541\Debug\Cm0Start.o"
Deleting file ".\CortexM0\ARM_GCC_541\Debug\CyFlash.o"
Deleting file ".\CortexM0\ARM_GCC_541\Debug\CyLib.o"
Deleting file ".\CortexM0\ARM_GCC_541\Debug\cyPm.o"
Deleting file ".\CortexM0\ARM_GCC_541\Debug\cyutils.o"
Deleting file ".\CortexM0\ARM_GCC_541\Debug\CyBootAsmGnu.o"
Deleting file ".\CortexM0\ARM_GCC_541\Debug\CyLFClk.o"
Deleting file ".\CortexM0\ARM_GCC_541\Debug\cy_em_eeprom.o"
Deleting file ".\CortexM0\ARM_GCC_541\Debug\IDAC.o"
Deleting file ".\CortexM0\ARM_GCC_541\Debug\IDAC_PM.o"
Deleting file ".\CortexM0\ARM_GCC_541\Debug\Timer.o"
Deleting file ".\CortexM0\ARM_GCC_541\Debug\Timer_PM.o"
Deleting file ".\CortexM0\ARM_GCC_541\Debug\isr.o"
Deleting file ".\CortexM0\ARM_GCC_541\Debug\Pin.o"
Deleting file ".\CortexM0\ARM_GCC_541\Debug\Pin_PM.o"
Deleting file ".\CortexM0\ARM_GCC_541\Debug\LR4.hex"
Deleting file ".\CortexM0\ARM_GCC_541\Debug\LR4.elf"
Deleting file ".\CortexM0\ARM_GCC_541\Debug\LR4.map"
Deleting file ".\LR4.cycdx"
Deleting file ".\LR4.svd"
Deleting file ".\LR4.rpt"
Deleting file ".\LR4_timing.html"
Deleting file ".\CortexM0\ARM_GCC_541\Debug\.deps\SOURCE_C__ARM_GCC_GENERIC.P"
Deleting file ".\CortexM0\ARM_GCC_541\Debug\.deps\SOURCE_ASM__ARM_GCC_GENERIC.P"
--------------- Clean Succeeded: 06/14/2023 01:43:07 ---------------
