ARM GAS  C:\Users\oggih\AppData\Local\Temp\ccGwDKBT.s 			page 1


   1              		.syntax unified
   2              		.cpu cortex-m0
   3              		.fpu softvfp
   4              		.eabi_attribute 20, 1
   5              		.eabi_attribute 21, 1
   6              		.eabi_attribute 23, 3
   7              		.eabi_attribute 24, 1
   8              		.eabi_attribute 25, 1
   9              		.eabi_attribute 26, 1
  10              		.eabi_attribute 30, 1
  11              		.eabi_attribute 34, 0
  12              		.eabi_attribute 18, 4
  13              		.thumb
  14              		.syntax unified
  15              		.file	"main.c"
  16              		.text
  17              	.Ltext0:
  18              		.cfi_sections	.debug_frame
  19              		.section	.text.main,"ax",%progbits
  20              		.align	2
  21              		.global	main
  22              		.code	16
  23              		.thumb_func
  24              		.type	main, %function
  25              	main:
  26              	.LFB32:
  27              		.file 1 "main.c"
   1:main.c        **** #include "project.h"
   2:main.c        **** 
   3:main.c        **** int main(void)
   4:main.c        **** {
  28              		.loc 1 4 0
  29              		.cfi_startproc
  30              		@ Volatile: function does not return.
  31              		@ args = 0, pretend = 0, frame = 0
  32              		@ frame_needed = 0, uses_anonymous_args = 0
  33 0000 10B5     		push	{r4, lr}
  34              		.cfi_def_cfa_offset 8
  35              		.cfi_offset 4, -8
  36              		.cfi_offset 14, -4
   5:main.c        ****     CyGlobalIntEnable; /* Enable global interrupts. */
  37              		.loc 1 5 0
  38              		.syntax divided
  39              	@ 5 "main.c" 1
  40 0002 62B6     		CPSIE   i
  41              	@ 0 "" 2
   6:main.c        ****    
   7:main.c        ****     /* Place your initialization/startup code here (e.g. MyInst_Start()) */
   8:main.c        ****     UART_1_Start();
  42              		.loc 1 8 0
  43              		.thumb
  44              		.syntax unified
  45 0004 FFF7FEFF 		bl	UART_1_Start
  46              	.LVL0:
  47              	.L2:
   9:main.c        ****     
  10:main.c        ****     for(;;)
ARM GAS  C:\Users\oggih\AppData\Local\Temp\ccGwDKBT.s 			page 2


  11:main.c        ****     {
  12:main.c        ****         /* Place your application code here. */
  13:main.c        ****        
  14:main.c        ****         UART_1_UartPutString("Volodimir Petrashek TR-34\r");
  48              		.loc 1 14 0 discriminator 1
  49 0008 0348     		ldr	r0, .L3
  50 000a FFF7FEFF 		bl	UART_1_UartPutString
  51              	.LVL1:
  15:main.c        ****         CyDelay(1000);
  52              		.loc 1 15 0 discriminator 1
  53 000e FA20     		movs	r0, #250
  54 0010 8000     		lsls	r0, r0, #2
  55 0012 FFF7FEFF 		bl	CyDelay
  56              	.LVL2:
  57 0016 F7E7     		b	.L2
  58              	.L4:
  59              		.align	2
  60              	.L3:
  61 0018 00000000 		.word	.LC0
  62              		.cfi_endproc
  63              	.LFE32:
  64              		.size	main, .-main
  65              		.section	.rodata.str1.4,"aMS",%progbits,1
  66              		.align	2
  67              	.LC0:
  68 0000 566F6C6F 		.ascii	"Volodimir Petrashek TR-34\015\000"
  68      64696D69 
  68      72205065 
  68      74726173 
  68      68656B20 
  69              		.text
  70              	.Letext0:
  71              		.file 2 "Generated_Source\\PSoC4/UART_1.h"
  72              		.file 3 "Generated_Source\\PSoC4/UART_1_SPI_UART.h"
  73              		.file 4 "Generated_Source\\PSoC4/CyLib.h"
  74              		.section	.debug_info,"",%progbits
  75              	.Ldebug_info0:
  76 0000 F8000000 		.4byte	0xf8
  77 0004 0400     		.2byte	0x4
  78 0006 00000000 		.4byte	.Ldebug_abbrev0
  79 000a 04       		.byte	0x4
  80 000b 01       		.uleb128 0x1
  81 000c DF000000 		.4byte	.LASF17
  82 0010 0C       		.byte	0xc
  83 0011 1B000000 		.4byte	.LASF18
  84 0015 80000000 		.4byte	.LASF19
  85 0019 00000000 		.4byte	.Ldebug_ranges0+0
  86 001d 00000000 		.4byte	0
  87 0021 00000000 		.4byte	.Ldebug_line0
  88 0025 02       		.uleb128 0x2
  89 0026 01       		.byte	0x1
  90 0027 06       		.byte	0x6
  91 0028 80010000 		.4byte	.LASF0
  92 002c 02       		.uleb128 0x2
  93 002d 01       		.byte	0x1
  94 002e 08       		.byte	0x8
  95 002f BC000000 		.4byte	.LASF1
ARM GAS  C:\Users\oggih\AppData\Local\Temp\ccGwDKBT.s 			page 3


  96 0033 02       		.uleb128 0x2
  97 0034 02       		.byte	0x2
  98 0035 05       		.byte	0x5
  99 0036 98010000 		.4byte	.LASF2
 100 003a 02       		.uleb128 0x2
 101 003b 02       		.byte	0x2
 102 003c 07       		.byte	0x7
 103 003d 6D010000 		.4byte	.LASF3
 104 0041 02       		.uleb128 0x2
 105 0042 04       		.byte	0x4
 106 0043 05       		.byte	0x5
 107 0044 CF000000 		.4byte	.LASF4
 108 0048 02       		.uleb128 0x2
 109 0049 04       		.byte	0x4
 110 004a 07       		.byte	0x7
 111 004b 44000000 		.4byte	.LASF5
 112 004f 02       		.uleb128 0x2
 113 0050 08       		.byte	0x8
 114 0051 05       		.byte	0x5
 115 0052 00000000 		.4byte	.LASF6
 116 0056 02       		.uleb128 0x2
 117 0057 08       		.byte	0x8
 118 0058 07       		.byte	0x7
 119 0059 56000000 		.4byte	.LASF7
 120 005d 03       		.uleb128 0x3
 121 005e 04       		.byte	0x4
 122 005f 05       		.byte	0x5
 123 0060 696E7400 		.ascii	"int\000"
 124 0064 02       		.uleb128 0x2
 125 0065 04       		.byte	0x4
 126 0066 07       		.byte	0x7
 127 0067 0E000000 		.4byte	.LASF8
 128 006b 02       		.uleb128 0x2
 129 006c 04       		.byte	0x4
 130 006d 04       		.byte	0x4
 131 006e 6D000000 		.4byte	.LASF9
 132 0072 02       		.uleb128 0x2
 133 0073 08       		.byte	0x8
 134 0074 04       		.byte	0x4
 135 0075 D8000000 		.4byte	.LASF10
 136 0079 02       		.uleb128 0x2
 137 007a 01       		.byte	0x1
 138 007b 08       		.byte	0x8
 139 007c CA000000 		.4byte	.LASF11
 140 0080 02       		.uleb128 0x2
 141 0081 08       		.byte	0x8
 142 0082 04       		.byte	0x4
 143 0083 8C010000 		.4byte	.LASF12
 144 0087 02       		.uleb128 0x2
 145 0088 04       		.byte	0x4
 146 0089 07       		.byte	0x7
 147 008a A2010000 		.4byte	.LASF13
 148 008e 04       		.uleb128 0x4
 149 008f 22000000 		.4byte	.LASF20
 150 0093 01       		.byte	0x1
 151 0094 03       		.byte	0x3
 152 0095 5D000000 		.4byte	0x5d
ARM GAS  C:\Users\oggih\AppData\Local\Temp\ccGwDKBT.s 			page 4


 153 0099 00000000 		.4byte	.LFB32
 154 009d 1C000000 		.4byte	.LFE32-.LFB32
 155 00a1 01       		.uleb128 0x1
 156 00a2 9C       		.byte	0x9c
 157 00a3 D9000000 		.4byte	0xd9
 158 00a7 05       		.uleb128 0x5
 159 00a8 08000000 		.4byte	.LVL0
 160 00ac D9000000 		.4byte	0xd9
 161 00b0 06       		.uleb128 0x6
 162 00b1 0E000000 		.4byte	.LVL1
 163 00b5 E4000000 		.4byte	0xe4
 164 00b9 C7000000 		.4byte	0xc7
 165 00bd 07       		.uleb128 0x7
 166 00be 01       		.uleb128 0x1
 167 00bf 50       		.byte	0x50
 168 00c0 05       		.uleb128 0x5
 169 00c1 03       		.byte	0x3
 170 00c2 00000000 		.4byte	.LC0
 171 00c6 00       		.byte	0
 172 00c7 08       		.uleb128 0x8
 173 00c8 16000000 		.4byte	.LVL2
 174 00cc F0000000 		.4byte	0xf0
 175 00d0 07       		.uleb128 0x7
 176 00d1 01       		.uleb128 0x1
 177 00d2 50       		.byte	0x50
 178 00d3 03       		.uleb128 0x3
 179 00d4 0A       		.byte	0xa
 180 00d5 E803     		.2byte	0x3e8
 181 00d7 00       		.byte	0
 182 00d8 00       		.byte	0
 183 00d9 09       		.uleb128 0x9
 184 00da 73000000 		.4byte	.LASF14
 185 00de 73000000 		.4byte	.LASF14
 186 00e2 02       		.byte	0x2
 187 00e3 72       		.byte	0x72
 188 00e4 0A       		.uleb128 0xa
 189 00e5 2F000000 		.4byte	.LASF15
 190 00e9 2F000000 		.4byte	.LASF15
 191 00ed 03       		.byte	0x3
 192 00ee 2A03     		.2byte	0x32a
 193 00f0 09       		.uleb128 0x9
 194 00f1 27000000 		.4byte	.LASF16
 195 00f5 27000000 		.4byte	.LASF16
 196 00f9 04       		.byte	0x4
 197 00fa EC       		.byte	0xec
 198 00fb 00       		.byte	0
 199              		.section	.debug_abbrev,"",%progbits
 200              	.Ldebug_abbrev0:
 201 0000 01       		.uleb128 0x1
 202 0001 11       		.uleb128 0x11
 203 0002 01       		.byte	0x1
 204 0003 25       		.uleb128 0x25
 205 0004 0E       		.uleb128 0xe
 206 0005 13       		.uleb128 0x13
 207 0006 0B       		.uleb128 0xb
 208 0007 03       		.uleb128 0x3
 209 0008 0E       		.uleb128 0xe
ARM GAS  C:\Users\oggih\AppData\Local\Temp\ccGwDKBT.s 			page 5


 210 0009 1B       		.uleb128 0x1b
 211 000a 0E       		.uleb128 0xe
 212 000b 55       		.uleb128 0x55
 213 000c 17       		.uleb128 0x17
 214 000d 11       		.uleb128 0x11
 215 000e 01       		.uleb128 0x1
 216 000f 10       		.uleb128 0x10
 217 0010 17       		.uleb128 0x17
 218 0011 00       		.byte	0
 219 0012 00       		.byte	0
 220 0013 02       		.uleb128 0x2
 221 0014 24       		.uleb128 0x24
 222 0015 00       		.byte	0
 223 0016 0B       		.uleb128 0xb
 224 0017 0B       		.uleb128 0xb
 225 0018 3E       		.uleb128 0x3e
 226 0019 0B       		.uleb128 0xb
 227 001a 03       		.uleb128 0x3
 228 001b 0E       		.uleb128 0xe
 229 001c 00       		.byte	0
 230 001d 00       		.byte	0
 231 001e 03       		.uleb128 0x3
 232 001f 24       		.uleb128 0x24
 233 0020 00       		.byte	0
 234 0021 0B       		.uleb128 0xb
 235 0022 0B       		.uleb128 0xb
 236 0023 3E       		.uleb128 0x3e
 237 0024 0B       		.uleb128 0xb
 238 0025 03       		.uleb128 0x3
 239 0026 08       		.uleb128 0x8
 240 0027 00       		.byte	0
 241 0028 00       		.byte	0
 242 0029 04       		.uleb128 0x4
 243 002a 2E       		.uleb128 0x2e
 244 002b 01       		.byte	0x1
 245 002c 3F       		.uleb128 0x3f
 246 002d 19       		.uleb128 0x19
 247 002e 03       		.uleb128 0x3
 248 002f 0E       		.uleb128 0xe
 249 0030 3A       		.uleb128 0x3a
 250 0031 0B       		.uleb128 0xb
 251 0032 3B       		.uleb128 0x3b
 252 0033 0B       		.uleb128 0xb
 253 0034 27       		.uleb128 0x27
 254 0035 19       		.uleb128 0x19
 255 0036 49       		.uleb128 0x49
 256 0037 13       		.uleb128 0x13
 257 0038 8701     		.uleb128 0x87
 258 003a 19       		.uleb128 0x19
 259 003b 11       		.uleb128 0x11
 260 003c 01       		.uleb128 0x1
 261 003d 12       		.uleb128 0x12
 262 003e 06       		.uleb128 0x6
 263 003f 40       		.uleb128 0x40
 264 0040 18       		.uleb128 0x18
 265 0041 9742     		.uleb128 0x2117
 266 0043 19       		.uleb128 0x19
ARM GAS  C:\Users\oggih\AppData\Local\Temp\ccGwDKBT.s 			page 6


 267 0044 01       		.uleb128 0x1
 268 0045 13       		.uleb128 0x13
 269 0046 00       		.byte	0
 270 0047 00       		.byte	0
 271 0048 05       		.uleb128 0x5
 272 0049 898201   		.uleb128 0x4109
 273 004c 00       		.byte	0
 274 004d 11       		.uleb128 0x11
 275 004e 01       		.uleb128 0x1
 276 004f 31       		.uleb128 0x31
 277 0050 13       		.uleb128 0x13
 278 0051 00       		.byte	0
 279 0052 00       		.byte	0
 280 0053 06       		.uleb128 0x6
 281 0054 898201   		.uleb128 0x4109
 282 0057 01       		.byte	0x1
 283 0058 11       		.uleb128 0x11
 284 0059 01       		.uleb128 0x1
 285 005a 31       		.uleb128 0x31
 286 005b 13       		.uleb128 0x13
 287 005c 01       		.uleb128 0x1
 288 005d 13       		.uleb128 0x13
 289 005e 00       		.byte	0
 290 005f 00       		.byte	0
 291 0060 07       		.uleb128 0x7
 292 0061 8A8201   		.uleb128 0x410a
 293 0064 00       		.byte	0
 294 0065 02       		.uleb128 0x2
 295 0066 18       		.uleb128 0x18
 296 0067 9142     		.uleb128 0x2111
 297 0069 18       		.uleb128 0x18
 298 006a 00       		.byte	0
 299 006b 00       		.byte	0
 300 006c 08       		.uleb128 0x8
 301 006d 898201   		.uleb128 0x4109
 302 0070 01       		.byte	0x1
 303 0071 11       		.uleb128 0x11
 304 0072 01       		.uleb128 0x1
 305 0073 31       		.uleb128 0x31
 306 0074 13       		.uleb128 0x13
 307 0075 00       		.byte	0
 308 0076 00       		.byte	0
 309 0077 09       		.uleb128 0x9
 310 0078 2E       		.uleb128 0x2e
 311 0079 00       		.byte	0
 312 007a 3F       		.uleb128 0x3f
 313 007b 19       		.uleb128 0x19
 314 007c 3C       		.uleb128 0x3c
 315 007d 19       		.uleb128 0x19
 316 007e 6E       		.uleb128 0x6e
 317 007f 0E       		.uleb128 0xe
 318 0080 03       		.uleb128 0x3
 319 0081 0E       		.uleb128 0xe
 320 0082 3A       		.uleb128 0x3a
 321 0083 0B       		.uleb128 0xb
 322 0084 3B       		.uleb128 0x3b
 323 0085 0B       		.uleb128 0xb
ARM GAS  C:\Users\oggih\AppData\Local\Temp\ccGwDKBT.s 			page 7


 324 0086 00       		.byte	0
 325 0087 00       		.byte	0
 326 0088 0A       		.uleb128 0xa
 327 0089 2E       		.uleb128 0x2e
 328 008a 00       		.byte	0
 329 008b 3F       		.uleb128 0x3f
 330 008c 19       		.uleb128 0x19
 331 008d 3C       		.uleb128 0x3c
 332 008e 19       		.uleb128 0x19
 333 008f 6E       		.uleb128 0x6e
 334 0090 0E       		.uleb128 0xe
 335 0091 03       		.uleb128 0x3
 336 0092 0E       		.uleb128 0xe
 337 0093 3A       		.uleb128 0x3a
 338 0094 0B       		.uleb128 0xb
 339 0095 3B       		.uleb128 0x3b
 340 0096 05       		.uleb128 0x5
 341 0097 00       		.byte	0
 342 0098 00       		.byte	0
 343 0099 00       		.byte	0
 344              		.section	.debug_aranges,"",%progbits
 345 0000 1C000000 		.4byte	0x1c
 346 0004 0200     		.2byte	0x2
 347 0006 00000000 		.4byte	.Ldebug_info0
 348 000a 04       		.byte	0x4
 349 000b 00       		.byte	0
 350 000c 0000     		.2byte	0
 351 000e 0000     		.2byte	0
 352 0010 00000000 		.4byte	.LFB32
 353 0014 1C000000 		.4byte	.LFE32-.LFB32
 354 0018 00000000 		.4byte	0
 355 001c 00000000 		.4byte	0
 356              		.section	.debug_ranges,"",%progbits
 357              	.Ldebug_ranges0:
 358 0000 00000000 		.4byte	.LFB32
 359 0004 1C000000 		.4byte	.LFE32
 360 0008 00000000 		.4byte	0
 361 000c 00000000 		.4byte	0
 362              		.section	.debug_line,"",%progbits
 363              	.Ldebug_line0:
 364 0000 7F000000 		.section	.debug_str,"MS",%progbits,1
 364      02006000 
 364      00000201 
 364      FB0E0D00 
 364      01010101 
 365              	.LASF6:
 366 0000 6C6F6E67 		.ascii	"long long int\000"
 366      206C6F6E 
 366      6720696E 
 366      7400
 367              	.LASF8:
 368 000e 756E7369 		.ascii	"unsigned int\000"
 368      676E6564 
 368      20696E74 
 368      00
 369              	.LASF18:
 370 001b 6D61696E 		.ascii	"main.c\000"
ARM GAS  C:\Users\oggih\AppData\Local\Temp\ccGwDKBT.s 			page 8


 370      2E6300
 371              	.LASF20:
 372 0022 6D61696E 		.ascii	"main\000"
 372      00
 373              	.LASF16:
 374 0027 43794465 		.ascii	"CyDelay\000"
 374      6C617900 
 375              	.LASF15:
 376 002f 55415254 		.ascii	"UART_1_UartPutString\000"
 376      5F315F55 
 376      61727450 
 376      75745374 
 376      72696E67 
 377              	.LASF5:
 378 0044 6C6F6E67 		.ascii	"long unsigned int\000"
 378      20756E73 
 378      69676E65 
 378      6420696E 
 378      7400
 379              	.LASF7:
 380 0056 6C6F6E67 		.ascii	"long long unsigned int\000"
 380      206C6F6E 
 380      6720756E 
 380      7369676E 
 380      65642069 
 381              	.LASF9:
 382 006d 666C6F61 		.ascii	"float\000"
 382      7400
 383              	.LASF14:
 384 0073 55415254 		.ascii	"UART_1_Start\000"
 384      5F315F53 
 384      74617274 
 384      00
 385              	.LASF19:
 386 0080 433A5C55 		.ascii	"C:\\Users\\oggih\\OneDrive\\Documents\\PSoC Creator"
 386      73657273 
 386      5C6F6767 
 386      69685C4F 
 386      6E654472 
 387 00ae 5C4C525C 		.ascii	"\\LR\\LR5.cydsn\000"
 387      4C52352E 
 387      63796473 
 387      6E00
 388              	.LASF1:
 389 00bc 756E7369 		.ascii	"unsigned char\000"
 389      676E6564 
 389      20636861 
 389      7200
 390              	.LASF11:
 391 00ca 63686172 		.ascii	"char\000"
 391      00
 392              	.LASF4:
 393 00cf 6C6F6E67 		.ascii	"long int\000"
 393      20696E74 
 393      00
 394              	.LASF10:
 395 00d8 646F7562 		.ascii	"double\000"
ARM GAS  C:\Users\oggih\AppData\Local\Temp\ccGwDKBT.s 			page 9


 395      6C6500
 396              	.LASF17:
 397 00df 474E5520 		.ascii	"GNU C11 5.4.1 20160609 (release) [ARM/embedded-5-br"
 397      43313120 
 397      352E342E 
 397      31203230 
 397      31363036 
 398 0112 616E6368 		.ascii	"anch revision 237715] -mcpu=cortex-m0 -mthumb -g -O"
 398      20726576 
 398      6973696F 
 398      6E203233 
 398      37373135 
 399 0145 67202D66 		.ascii	"g -ffunction-sections -ffat-lto-objects\000"
 399      66756E63 
 399      74696F6E 
 399      2D736563 
 399      74696F6E 
 400              	.LASF3:
 401 016d 73686F72 		.ascii	"short unsigned int\000"
 401      7420756E 
 401      7369676E 
 401      65642069 
 401      6E7400
 402              	.LASF0:
 403 0180 7369676E 		.ascii	"signed char\000"
 403      65642063 
 403      68617200 
 404              	.LASF12:
 405 018c 6C6F6E67 		.ascii	"long double\000"
 405      20646F75 
 405      626C6500 
 406              	.LASF2:
 407 0198 73686F72 		.ascii	"short int\000"
 407      7420696E 
 407      7400
 408              	.LASF13:
 409 01a2 73697A65 		.ascii	"sizetype\000"
 409      74797065 
 409      00
 410              		.ident	"GCC: (GNU Tools for ARM Embedded Processors) 5.4.1 20160609 (release) [ARM/embedded-5-bran
