Loading plugins phase: Elapsed time ==> 0s.202ms
<CYPRESSTAG name="CyDsfit arguments...">
cydsfit arguments: -.fdsnotice -.fdswarpdepfile=warp_dependencies.txt -.fdselabdepfile=elab_dependencies.txt -.fdsbldfile=generated_files.txt -.fdsreffile=referenced_files.txt -p C:\Users\oggih\OneDrive\Documents\PSoC Creator\LR\LR4.cydsn\LR4.cyprj -d CY8C4245AXI-483 -s C:\Users\oggih\OneDrive\Documents\PSoC Creator\LR\LR4.cydsn\Generated_Source\PSoC4 -- -yv2 -q10 -ygs -o2 -v3 -.fftcfgtype=LE
</CYPRESSTAG>
<CYPRESSTAG name="Design elaboration results...">
</CYPRESSTAG>
Elaboration phase: Elapsed time ==> 1s.307ms
<CYPRESSTAG name="HDL generation results...">
</CYPRESSTAG>
HDL generation phase: Elapsed time ==> 0s.027ms
<CYPRESSTAG name="Synthesis results...">

     | | | | | | |
   _________________
  -|               |-
  -|               |-
  -|               |-
  -|    CYPRESS    |-
  -|               |-
  -|               |-   Warp Verilog Synthesis Compiler: Version 6.3 IR 41
  -|               |-   Copyright (C) 1991-2001 Cypress Semiconductor
   |_______________|
     | | | | | | |

======================================================================
Compiling:  LR4.v
Program  :   C:\Program Files (x86)\Cypress\PSoC Creator\4.4\PSoC Creator\warp\bin\warp.exe
Options  :    -yv2 -q10 -ygs -o2 -v3 -.fftcfgtype=LE -ya -.fftprj=C:\Users\oggih\OneDrive\Documents\PSoC Creator\LR\LR4.cydsn\LR4.cyprj -dcpsoc3 LR4.v -verilog
======================================================================

======================================================================
Compiling:  LR4.v
Program  :   C:\Program Files (x86)\Cypress\PSoC Creator\4.4\PSoC Creator\warp\bin\warp.exe
Options  :    -yv2 -q10 -ygs -o2 -v3 -.fftcfgtype=LE -ya -.fftprj=C:\Users\oggih\OneDrive\Documents\PSoC Creator\LR\LR4.cydsn\LR4.cyprj -dcpsoc3 LR4.v -verilog
======================================================================

======================================================================
Compiling:  LR4.v
Program  :   vlogfe
Options  :    -yv2 -q10 -ygs -o2 -v3 -.fftcfgtype=LE -ya -.fftprj=C:\Users\oggih\OneDrive\Documents\PSoC Creator\LR\LR4.cydsn\LR4.cyprj -dcpsoc3 -verilog LR4.v
======================================================================

vlogfe V6.3 IR 41:  Verilog parser
Mon Jun 12 07:14:17 2023


======================================================================
Compiling:  LR4.v
Program  :   vpp
Options  :    -yv2 -q10 LR4.v
======================================================================

vpp V6.3 IR 41:  Verilog Pre-Processor
Mon Jun 12 07:14:17 2023

Flattening file 'C:\Program Files (x86)\Cypress\PSoC Creator\4.4\PSoC Creator\psoc\content\CyPrimitives\cyprimitives.cylib\OneTerminal\OneTerminal.v'
Flattening file 'C:\Program Files (x86)\Cypress\PSoC Creator\4.4\PSoC Creator\psoc\content\CyPrimitives\cyprimitives.cylib\ZeroTerminal\ZeroTerminal.v'
Flattening file 'C:\Program Files (x86)\Cypress\PSoC Creator\4.4\PSoC Creator\psoc\content\CyComponentLibrary\CyComponentLibrary.cylib\B_Timer_v2_80\B_Timer_v2_80.v'
Flattening file 'C:\Program Files (x86)\Cypress\PSoC Creator\4.4\PSoC Creator\warp\lib\common\cypress.v'
Flattening file 'C:\Program Files (x86)\Cypress\PSoC Creator\4.4\PSoC Creator\warp\lib\common\cy_psoc3_inc.v'

vpp:  No errors.

Library 'work' => directory 'lcpsoc3'
General_symbol_table
General_symbol_table
Linking 'C:\Program Files (x86)\Cypress\PSoC Creator\4.4\PSoC Creator\warp\lib\common\std.vhd'.
Linking 'C:\Program Files (x86)\Cypress\PSoC Creator\4.4\PSoC Creator\warp\lib\common\cypress.vhd'.
Linking 'C:\Program Files (x86)\Cypress\PSoC Creator\4.4\PSoC Creator\warp\lib\common\work\cypress.vif'.
Linking 'C:\Program Files (x86)\Cypress\PSoC Creator\4.4\PSoC Creator\warp\lib\ieee\work\stdlogic.vif'.
Linking 'C:\Program Files (x86)\Cypress\PSoC Creator\4.4\PSoC Creator\warp\lib\common\stdlogic\lpmpkg.vif'.
Linking 'C:\Program Files (x86)\Cypress\PSoC Creator\4.4\PSoC Creator\warp\lib\common\stdlogic\rtlpkg.vif'.
Linking 'C:\Program Files (x86)\Cypress\PSoC Creator\4.4\PSoC Creator\warp\lib\common\stdlogic\mod_cnst.vif'.
Linking 'C:\Program Files (x86)\Cypress\PSoC Creator\4.4\PSoC Creator\warp\lib\common\stdlogic\mod_mthv.vif'.
Linking 'C:\Program Files (x86)\Cypress\PSoC Creator\4.4\PSoC Creator\warp\lib\common\stdlogic\mod_genv.vif'.
Using control file 'LR4.ctl'.
C:\Program Files (x86)\Cypress\PSoC Creator\4.4\PSoC Creator\psoc\content\CyComponentLibrary\CyComponentLibrary.cylib\B_Timer_v2_80\B_Timer_v2_80.v (line 368, col 46):  Note: Substituting module 'cmp_vv_vv' for '='.
C:\Program Files (x86)\Cypress\PSoC Creator\4.4\PSoC Creator\psoc\content\CyComponentLibrary\CyComponentLibrary.cylib\B_Timer_v2_80\B_Timer_v2_80.v (line 374, col 62):  Note: Substituting module 'add_vv_vv' for '+'.
Linking 'C:\Program Files (x86)\Cypress\PSoC Creator\4.4\PSoC Creator\warp\lib\common\stdlogic\cy_psoc3pkg.vif'.
Linking 'C:\Program Files (x86)\Cypress\PSoC Creator\4.4\PSoC Creator\warp\lib\common\stdlogic\cy_psoc3.vif'.

vlogfe:  No errors.


======================================================================
Compiling:  LR4.v
Program  :   tovif
Options  :    -yv2 -q10 -ygs -o2 -v3 -.fftcfgtype=LE -ya -.fftprj=C:\Users\oggih\OneDrive\Documents\PSoC Creator\LR\LR4.cydsn\LR4.cyprj -dcpsoc3 -verilog LR4.v
======================================================================

tovif V6.3 IR 41:  High-level synthesis
Mon Jun 12 07:14:17 2023

Linking 'C:\Program Files (x86)\Cypress\PSoC Creator\4.4\PSoC Creator\warp\lib\common\std.vhd'.
Linking 'C:\Program Files (x86)\Cypress\PSoC Creator\4.4\PSoC Creator\warp\lib\common\cypress.vhd'.
Linking 'C:\Program Files (x86)\Cypress\PSoC Creator\4.4\PSoC Creator\warp\lib\common\work\cypress.vif'.
Linking 'C:\Program Files (x86)\Cypress\PSoC Creator\4.4\PSoC Creator\warp\lib\ieee\work\stdlogic.vif'.
Linking 'C:\Program Files (x86)\Cypress\PSoC Creator\4.4\PSoC Creator\warp\lib\common\stdlogic\lpmpkg.vif'.
Linking 'C:\Program Files (x86)\Cypress\PSoC Creator\4.4\PSoC Creator\warp\lib\common\stdlogic\rtlpkg.vif'.
Linking 'C:\Program Files (x86)\Cypress\PSoC Creator\4.4\PSoC Creator\warp\lib\common\stdlogic\mod_cnst.vif'.
Linking 'C:\Program Files (x86)\Cypress\PSoC Creator\4.4\PSoC Creator\warp\lib\common\stdlogic\mod_mthv.vif'.
Linking 'C:\Program Files (x86)\Cypress\PSoC Creator\4.4\PSoC Creator\warp\lib\common\stdlogic\mod_genv.vif'.
Linking 'C:\Users\oggih\OneDrive\Documents\PSoC Creator\LR\LR4.cydsn\codegentemp\LR4.ctl'.
Linking 'C:\Program Files (x86)\Cypress\PSoC Creator\4.4\PSoC Creator\psoc\content\CyPrimitives\cyprimitives.cylib\OneTerminal\OneTerminal.v'.
Linking 'C:\Users\oggih\OneDrive\Documents\PSoC Creator\LR\LR4.cydsn\codegentemp\LR4.v'.
Linking 'C:\Program Files (x86)\Cypress\PSoC Creator\4.4\PSoC Creator\psoc\content\CyPrimitives\cyprimitives.cylib\ZeroTerminal\ZeroTerminal.v'.
Linking 'C:\Program Files (x86)\Cypress\PSoC Creator\4.4\PSoC Creator\psoc\content\CyComponentLibrary\CyComponentLibrary.cylib\B_Timer_v2_80\B_Timer_v2_80.v'.
Linking 'C:\Program Files (x86)\Cypress\PSoC Creator\4.4\PSoC Creator\warp\lib\common\cypress.v'.
Linking 'C:\Program Files (x86)\Cypress\PSoC Creator\4.4\PSoC Creator\warp\lib\common\cy_psoc3_inc.v'.
Linking 'C:\Program Files (x86)\Cypress\PSoC Creator\4.4\PSoC Creator\warp\lib\common\stdlogic\cy_psoc3pkg.vif'.
Linking 'C:\Program Files (x86)\Cypress\PSoC Creator\4.4\PSoC Creator\warp\lib\common\stdlogic\cy_psoc3.vif'.

tovif:  No errors.


======================================================================
Compiling:  LR4.v
Program  :   topld
Options  :    -yv2 -q10 -ygs -o2 -v3 -.fftcfgtype=LE -ya -.fftprj=C:\Users\oggih\OneDrive\Documents\PSoC Creator\LR\LR4.cydsn\LR4.cyprj -dcpsoc3 -verilog LR4.v
======================================================================

topld V6.3 IR 41:  Synthesis and optimization
Mon Jun 12 07:14:18 2023

Linking 'C:\Program Files (x86)\Cypress\PSoC Creator\4.4\PSoC Creator\warp\lib\common\std.vhd'.
Linking 'C:\Program Files (x86)\Cypress\PSoC Creator\4.4\PSoC Creator\warp\lib\common\cypress.vhd'.
Linking 'C:\Program Files (x86)\Cypress\PSoC Creator\4.4\PSoC Creator\warp\lib\common\work\cypress.vif'.
Linking 'C:\Program Files (x86)\Cypress\PSoC Creator\4.4\PSoC Creator\warp\lib\ieee\work\stdlogic.vif'.
Linking 'C:\Program Files (x86)\Cypress\PSoC Creator\4.4\PSoC Creator\warp\lib\common\stdlogic\lpmpkg.vif'.
Linking 'C:\Program Files (x86)\Cypress\PSoC Creator\4.4\PSoC Creator\warp\lib\common\stdlogic\rtlpkg.vif'.
Linking 'C:\Program Files (x86)\Cypress\PSoC Creator\4.4\PSoC Creator\warp\lib\common\stdlogic\mod_cnst.vif'.
Linking 'C:\Program Files (x86)\Cypress\PSoC Creator\4.4\PSoC Creator\warp\lib\common\stdlogic\mod_mthv.vif'.
Linking 'C:\Program Files (x86)\Cypress\PSoC Creator\4.4\PSoC Creator\warp\lib\common\stdlogic\mod_genv.vif'.
Linking 'C:\Users\oggih\OneDrive\Documents\PSoC Creator\LR\LR4.cydsn\codegentemp\LR4.ctl'.
Linking 'C:\Program Files (x86)\Cypress\PSoC Creator\4.4\PSoC Creator\psoc\content\CyPrimitives\cyprimitives.cylib\OneTerminal\OneTerminal.v'.
Linking 'C:\Users\oggih\OneDrive\Documents\PSoC Creator\LR\LR4.cydsn\codegentemp\LR4.v'.
Linking 'C:\Program Files (x86)\Cypress\PSoC Creator\4.4\PSoC Creator\psoc\content\CyPrimitives\cyprimitives.cylib\ZeroTerminal\ZeroTerminal.v'.
Linking 'C:\Program Files (x86)\Cypress\PSoC Creator\4.4\PSoC Creator\psoc\content\CyComponentLibrary\CyComponentLibrary.cylib\B_Timer_v2_80\B_Timer_v2_80.v'.
Linking 'C:\Program Files (x86)\Cypress\PSoC Creator\4.4\PSoC Creator\warp\lib\common\cypress.v'.
Linking 'C:\Program Files (x86)\Cypress\PSoC Creator\4.4\PSoC Creator\warp\lib\common\cy_psoc3_inc.v'.
Linking 'C:\Program Files (x86)\Cypress\PSoC Creator\4.4\PSoC Creator\warp\lib\common\stdlogic\cy_psoc3pkg.vif'.
Linking 'C:\Program Files (x86)\Cypress\PSoC Creator\4.4\PSoC Creator\warp\lib\common\stdlogic\cy_psoc3.vif'.
Linking 'C:\Program Files (x86)\Cypress\PSoC Creator\4.4\PSoC Creator\warp\lib\lcpsoc3\stdlogic\cpsoc3.vif'.

----------------------------------------------------------
Detecting unused logic.
----------------------------------------------------------
    User names
	\Timer:TimerUDB:ctrl_ten\
	\Timer:TimerUDB:ctrl_cmode_0\
	\Timer:TimerUDB:ctrl_tmode_1\
	\Timer:TimerUDB:ctrl_tmode_0\
	\Timer:TimerUDB:ctrl_ic_1\
	\Timer:TimerUDB:ctrl_ic_0\
	Net_4
	\Timer:TimerUDB:zeros_3\
	\Timer:TimerUDB:zeros_2\


Deleted 9 User equations/components.
Deleted 0 Synthesized equations/components.

------------------------------------------------------
Alias Detection
------------------------------------------------------
Aliasing one to \IDAC:Net_3\
Aliasing zero to Net_12
Aliasing \Timer:TimerUDB:ctrl_cmode_1\ to Net_12
Aliasing \Timer:TimerUDB:trigger_enable\ to \IDAC:Net_3\
Aliasing \Timer:TimerUDB:status_6\ to Net_12
Aliasing \Timer:TimerUDB:status_5\ to Net_12
Aliasing \Timer:TimerUDB:status_4\ to Net_12
Aliasing \Timer:TimerUDB:status_0\ to \Timer:TimerUDB:tc_i\
Aliasing tmpOE__Pin_net_0 to \IDAC:Net_3\
Aliasing \Timer:TimerUDB:capture_last\\D\ to Net_12
Aliasing \Timer:TimerUDB:hwEnable_reg\\D\ to \Timer:TimerUDB:run_mode\
Aliasing \Timer:TimerUDB:capture_out_reg_i\\D\ to \Timer:TimerUDB:capt_fifo_load_int\
Removing Rhs of wire one[7] = \IDAC:Net_3\[2]
Removing Lhs of wire zero[12] = Net_12[5]
Removing Lhs of wire \Timer:TimerUDB:ctrl_enable\[21] = \Timer:TimerUDB:control_7\[13]
Removing Lhs of wire \Timer:TimerUDB:ctrl_cmode_1\[23] = Net_12[5]
Removing Rhs of wire \Timer:TimerUDB:timer_enable\[32] = \Timer:TimerUDB:runmode_enable\[45]
Removing Rhs of wire \Timer:TimerUDB:run_mode\[33] = \Timer:TimerUDB:hwEnable\[34]
Removing Lhs of wire \Timer:TimerUDB:run_mode\[33] = \Timer:TimerUDB:control_7\[13]
Removing Lhs of wire \Timer:TimerUDB:trigger_enable\[36] = one[7]
Removing Lhs of wire \Timer:TimerUDB:tc_i\[38] = \Timer:TimerUDB:status_tc\[35]
Removing Rhs of wire Net_7[41] = \Timer:TimerUDB:tc_reg_i\[39]
Removing Lhs of wire \Timer:TimerUDB:capt_fifo_load_int\[44] = \Timer:TimerUDB:capt_fifo_load\[31]
Removing Lhs of wire \Timer:TimerUDB:status_6\[47] = Net_12[5]
Removing Lhs of wire \Timer:TimerUDB:status_5\[48] = Net_12[5]
Removing Lhs of wire \Timer:TimerUDB:status_4\[49] = Net_12[5]
Removing Lhs of wire \Timer:TimerUDB:status_0\[50] = \Timer:TimerUDB:status_tc\[35]
Removing Lhs of wire \Timer:TimerUDB:status_1\[51] = \Timer:TimerUDB:capt_fifo_load\[31]
Removing Rhs of wire \Timer:TimerUDB:status_2\[52] = \Timer:TimerUDB:fifo_full\[53]
Removing Rhs of wire \Timer:TimerUDB:status_3\[54] = \Timer:TimerUDB:fifo_nempty\[55]
Removing Lhs of wire \Timer:TimerUDB:cs_addr_2\[58] = Net_12[5]
Removing Lhs of wire \Timer:TimerUDB:cs_addr_1\[59] = \Timer:TimerUDB:trig_reg\[46]
Removing Lhs of wire \Timer:TimerUDB:cs_addr_0\[60] = \Timer:TimerUDB:per_zero\[37]
Removing Lhs of wire tmpOE__Pin_net_0[142] = one[7]
Removing Lhs of wire \Timer:TimerUDB:capture_last\\D\[148] = Net_12[5]
Removing Lhs of wire \Timer:TimerUDB:tc_reg_i\\D\[149] = \Timer:TimerUDB:status_tc\[35]
Removing Lhs of wire \Timer:TimerUDB:hwEnable_reg\\D\[150] = \Timer:TimerUDB:control_7\[13]
Removing Lhs of wire \Timer:TimerUDB:capture_out_reg_i\\D\[151] = \Timer:TimerUDB:capt_fifo_load\[31]

------------------------------------------------------
Aliased 0 equations, 26 wires.
------------------------------------------------------

----------------------------------------------------------
Circuit simplification
----------------------------------------------------------

Substituting virtuals - pass 1:

Note:  Expanding virtual equation for 'one' (cost = 0):
one <=  ('1') ;

Note:  Expanding virtual equation for 'Net_12' (cost = 0):
Net_12 <=  ('0') ;

Note:  Expanding virtual equation for '\Timer:TimerUDB:fifo_load_polarized\' (cost = 0):
\Timer:TimerUDB:fifo_load_polarized\ <=  ('0') ;

Note:  Expanding virtual equation for '\Timer:TimerUDB:timer_enable\' (cost = 0):
\Timer:TimerUDB:timer_enable\ <= (\Timer:TimerUDB:control_7\);


Substituting virtuals - pass 2:


----------------------------------------------------------
Circuit simplification results:

	Expanded 4 signals.
	Turned 0 signals into soft nodes.
	Maximum default expansion cost was set at 3.
----------------------------------------------------------

------------------------------------------------------
Alias Detection
------------------------------------------------------
Aliasing \Timer:TimerUDB:capt_fifo_load\ to Net_12
Removing Lhs of wire \Timer:TimerUDB:capt_fifo_load\[31] = Net_12[5]
Removing Lhs of wire \Timer:TimerUDB:trig_reg\[46] = \Timer:TimerUDB:control_7\[13]

------------------------------------------------------
Aliased 0 equations, 2 wires.
------------------------------------------------------

----------------------------------------------------------
Circuit simplification
----------------------------------------------------------

Eliminating unused logic - pass 1:


Eliminating unused logic - pass 2:


Substituting virtuals - pass 1:


----------------------------------------------------------
Circuit simplification results:

	Expanded 0 signals.
	Turned 0 signals into soft nodes.
	Maximum default expansion cost was set at 3.
----------------------------------------------------------

topld:  No errors.

CYPRESS_DIR    : C:\Program Files (x86)\Cypress\PSoC Creator\4.4\PSoC Creator\warp
Warp Program   : C:\Program Files (x86)\Cypress\PSoC Creator\4.4\PSoC Creator\warp\bin\warp.exe
Warp Arguments : -yv2 -q10 -ygs -o2 -v3 -.fftcfgtype=LE -ya "-.fftprj=C:\Users\oggih\OneDrive\Documents\PSoC Creator\LR\LR4.cydsn\LR4.cyprj" -dcpsoc3 LR4.v -verilog
</CYPRESSTAG>
Warp synthesis phase: Elapsed time ==> 0s.722ms
<CYPRESSTAG name="Fitter results...">
<CYPRESSTAG name="Fitter startup details...">
cyp3fit: V4.4.0.80, Family: PSoC3, Started at: Monday, 12 June 2023 07:14:18
Options: -yv2 -q10 -ygs -o2 -v3 -.fftcfgtype=LE -ya -.fftprj=C:\Users\oggih\OneDrive\Documents\PSoC Creator\LR\LR4.cydsn\LR4.cyprj -d CY8C4245AXI-483 LR4.v -verilog
</CYPRESSTAG>
<CYPRESSTAG name="Design parsing">
Design parsing phase: Elapsed time ==> 0s.009ms
</CYPRESSTAG>
<CYPRESSTAG name="Tech Mapping">
<CYPRESSTAG name="Initial Mapping" icon="FILE_RPT_TECHM">
    Converted constant MacroCell: \Timer:TimerUDB:capture_last\ from registered to combinatorial
    Converted constant MacroCell: \Timer:TimerUDB:capture_out_reg_i\ from registered to combinatorial
Assigning clock timer_clock to clock HFClk because it is a pass-through

Removing unused cells resulting from optimization
Done removing unused cells.
<CYPRESSTAG name="Global Clock Selection" icon="FILE_RPT_TECHM">
<CYPRESSTAG name="UDB Clock/Enable Remapping Results">
    UDB Clk/Enable \Timer:TimerUDB:clock_enable_block\: with output requested to be synchronous
        ClockIn: HFClk was determined to be a global clock that is synchronous to HFClk
        EnableIn: Constant 1 was determined to be synchronous to ClockIn
        ClockOut: HFClk, EnableOut: Constant 1
    UDB Clk/Enable \Timer:TimerUDB:sCTRLReg:SyncCtl:cy_psoc3_udb_Ctl_Clk_Sync\: with output requested to be synchronous
        ClockIn: HFClk was determined to be a global clock that is synchronous to HFClk
        EnableIn: Constant 1 was determined to be synchronous to ClockIn
        ClockOut: HFClk, EnableOut: Constant 1
</CYPRESSTAG>
</CYPRESSTAG>

Removing unused cells resulting from optimization
Done removing unused cells.
<CYPRESSTAG name="Duplicate Macrocell detection">
</CYPRESSTAG>
</CYPRESSTAG>
<CYPRESSTAG name="Duplicate Macrocell detection">
</CYPRESSTAG>
<CYPRESSTAG name="Design Equations" icon="FILE_RPT_EQUATION">

------------------------------------------------------------
Design Equations
------------------------------------------------------------
    <CYPRESSTAG name="Pin listing">

    ------------------------------------------------------------
    Pin listing
    ------------------------------------------------------------

    Pin : Name = Pin(0)
        Attributes:
            In Group/Port: True
            In Sync Option: AUTO
            Out Sync Option: AUTO
            Interrupt generated: False
            Interrupt mode: NONE
            Drive mode: HI_Z_ANALOG
            VTrip: EITHER
            Slew: FAST
            Input Sync needed: False
            Output Sync needed: False
            SC shield enabled: False
            POR State: ANY
            LCD Mode: COMMON
            Register Mode: RegComb
            CaSense Mode: NEITHER
            Treat as pin: True
            Is OE Registered: False
            Uses Analog: True
            Can contain Digital: False
            Is SIO: False
            SIO Output Buf: NONREGULATED
            SIO Input Buf: SINGLE_ENDED
            SIO HiFreq: LOW
            SIO Hyst: DISABLED
            SIO Vtrip: MULTIPLIER_0_5
            SIO Multiplier Index: 0
            SIO RefSel: VCC_IO
            Required Capabilities: ANALOG
            Initial Value: 1
            IO Voltage: 0
        PORT MAP (
            pa_out => Pin(0)__PA ,
            analog_term => Net_1 ,
            pad => Pin(0)_PAD );
        Properties:
        {
        }
    </CYPRESSTAG>
    <CYPRESSTAG name="Macrocell listing" icon="FILE_RPT_EQUATION">

    ------------------------------------------------------------
    Macrocell listing
    ------------------------------------------------------------

    MacroCell: Name=\Timer:TimerUDB:status_tc\, Mode=(Combinatorial)
        Total # of inputs        : 2
        Total # of product terms : 1
            Clock Enable: True
        Main Equation            : 1 pterm
        (
              \Timer:TimerUDB:control_7\ * \Timer:TimerUDB:per_zero\
        );
        Output = \Timer:TimerUDB:status_tc\ (fanout=1)

    MacroCell: Name=__ONE__, Mode=(Combinatorial)
        Total # of inputs        : 0
        Total # of product terms : 0
            Clock Enable: True
        Main Equation            : 0 pterms
        !(
            0
        );
        Output = __ONE__ (fanout=1)

    MacroCell: Name=Net_7, Mode=(D-Register)
        Total # of inputs        : 2
        Total # of product terms : 1
        List of special equations: 
            Clock  = (ClockBlock_HFClk) => Global
            Clock Enable: True
        Main Equation            : 1 pterm
        (
              \Timer:TimerUDB:control_7\ * \Timer:TimerUDB:per_zero\
        );
        Output = Net_7 (fanout=1)
    </CYPRESSTAG>
    <CYPRESSTAG name="Datapath listing">

    ------------------------------------------------------------
    Datapath listing
    ------------------------------------------------------------

    datapathcell: Name =\Timer:TimerUDB:sT16:timerdp:u0\
        PORT MAP (
            clock => ClockBlock_HFClk ,
            cs_addr_1 => \Timer:TimerUDB:control_7\ ,
            cs_addr_0 => \Timer:TimerUDB:per_zero\ ,
            chain_out => \Timer:TimerUDB:sT16:timerdp:carry\ );
        Properties:
        {
            a0_init = "00000000"
            a1_init = "00000000"
            ce0_sync = 1
            ce1_sync = 1
            cl0_sync = 1
            cl1_sync = 1
            cmsb_sync = 1
            co_msb_sync = 1
            cy_dpconfig = "0000000001000000000000000100000001000000010000000000000010000000000000001000000000000000100000000000000010000000000000001000000011111111000000001111111111111111000000000000000000000001000000000000000000011000"
            d0_init = "00000000"
            d1_init = "00000000"
            f0_blk_sync = 1
            f0_bus_sync = 1
            f1_blk_sync = 1
            f1_bus_sync = 1
            ff0_sync = 1
            ff1_sync = 1
            ov_msb_sync = 1
            so_sync = 1
            z0_sync = 1
            z1_sync = 1
        }
        Clock Polarity: Active High
        Clock Enable: True
        Next in chain : \Timer:TimerUDB:sT16:timerdp:u1\

    datapathcell: Name =\Timer:TimerUDB:sT16:timerdp:u1\
        PORT MAP (
            clock => ClockBlock_HFClk ,
            cs_addr_1 => \Timer:TimerUDB:control_7\ ,
            cs_addr_0 => \Timer:TimerUDB:per_zero\ ,
            z0_comb => \Timer:TimerUDB:per_zero\ ,
            f0_bus_stat_comb => \Timer:TimerUDB:status_3\ ,
            f0_blk_stat_comb => \Timer:TimerUDB:status_2\ ,
            chain_in => \Timer:TimerUDB:sT16:timerdp:carry\ );
        Properties:
        {
            a0_init = "00000000"
            a1_init = "00000000"
            ce0_sync = 1
            ce1_sync = 1
            cl0_sync = 1
            cl1_sync = 1
            cmsb_sync = 1
            co_msb_sync = 1
            cy_dpconfig = "0000000001000000000000000100000001000000010000000000000010000000000000001000000000000000100000000000000010000000000000001000000011111111000000001111111111111111100000110000000000000001000000110000000000011000"
            d0_init = "00000000"
            d1_init = "00000000"
            f0_blk_sync = 1
            f0_bus_sync = 1
            f1_blk_sync = 1
            f1_bus_sync = 1
            ff0_sync = 1
            ff1_sync = 1
            ov_msb_sync = 1
            so_sync = 1
            z0_sync = 1
            z1_sync = 1
        }
        Clock Polarity: Active High
        Clock Enable: True
        Previous in chain : \Timer:TimerUDB:sT16:timerdp:u0\
    </CYPRESSTAG>
    <CYPRESSTAG name="Status register listing">
    </CYPRESSTAG>
    <CYPRESSTAG name="StatusI register listing">

    ------------------------------------------------------------
    StatusI register listing
    ------------------------------------------------------------

    statusicell: Name =\Timer:TimerUDB:rstSts:stsreg\
        PORT MAP (
            clock => ClockBlock_HFClk ,
            status_3 => \Timer:TimerUDB:status_3\ ,
            status_2 => \Timer:TimerUDB:status_2\ ,
            status_0 => \Timer:TimerUDB:status_tc\ );
        Properties:
        {
            cy_force_order = 1
            cy_int_mask = "1111111"
            cy_md_select = "0000011"
        }
        Clock Polarity: Active High
        Clock Enable: True
    </CYPRESSTAG>
    <CYPRESSTAG name="Sync listing">
    </CYPRESSTAG>
    <CYPRESSTAG name="Control register listing">

    ------------------------------------------------------------
    Control register listing
    ------------------------------------------------------------

    controlcell: Name =\Timer:TimerUDB:sCTRLReg:SyncCtl:ctrlreg\
        PORT MAP (
            clock => ClockBlock_HFClk ,
            control_7 => \Timer:TimerUDB:control_7\ ,
            control_6 => \Timer:TimerUDB:control_6\ ,
            control_5 => \Timer:TimerUDB:control_5\ ,
            control_4 => \Timer:TimerUDB:control_4\ ,
            control_3 => \Timer:TimerUDB:control_3\ ,
            control_2 => \Timer:TimerUDB:control_2\ ,
            control_1 => \Timer:TimerUDB:control_1\ ,
            control_0 => \Timer:TimerUDB:control_0\ );
        Properties:
        {
            cy_ctrl_mode_0 = "11111111"
            cy_ctrl_mode_1 = "00000000"
            cy_ext_reset = 0
            cy_force_order = 1
            cy_init_value = "00000000"
        }
        Clock Polarity: Active High
        Clock Enable: True
    </CYPRESSTAG>
    <CYPRESSTAG name="Count7 listing">
    </CYPRESSTAG>
    <CYPRESSTAG name="DRQ listing">
    </CYPRESSTAG>
    <CYPRESSTAG name="Interrupt listing">

    ------------------------------------------------------------
    Interrupt listing
    ------------------------------------------------------------

    interrupt: Name =isr
        PORT MAP (
            interrupt => Net_7 );
        Properties:
        {
            int_type = "10"
            is_nmi = 0
        }
    </CYPRESSTAG>
</CYPRESSTAG>
<CYPRESSTAG name="Technology mapping summary" expanded>

------------------------------------------------------------
Technology mapping summary
------------------------------------------------------------

Resource Type                 : Used : Free :  Max :  % Used
============================================================
Digital Clocks                :    0 :    4 :    4 :  0.00 %
Interrupts                    :    1 :   31 :   32 :  3.13 %
IO                            :    3 :   33 :   36 :  8.33 %
Segment LCD                   :    0 :    1 :    1 :  0.00 %
CapSense                      :    0 :    1 :    1 :  0.00 %
Die Temp                      :    0 :    1 :    1 :  0.00 %
Serial Communication (SCB)    :    0 :    2 :    2 :  0.00 %
Timer/Counter/PWM             :    0 :    4 :    4 :  0.00 %
UDB                           :      :      :      :        
  Macrocells                  :    3 :   29 :   32 :  9.38 %
  Unique P-terms              :    1 :   63 :   64 :  1.56 %
  Total P-terms               :    2 :      :      :        
  Datapath Cells              :    2 :    2 :    4 : 50.00 %
  Status Cells                :    1 :    3 :    4 : 25.00 %
    StatusI Registers         :    1 :      :      :        
  Control Cells               :    1 :    3 :    4 : 25.00 %
    Control Registers         :    1 :      :      :        
Comparator/Opamp              :    0 :    2 :    2 :  0.00 %
LP Comparator                 :    0 :    2 :    2 :  0.00 %
SAR ADC                       :    0 :    1 :    1 :  0.00 %
DAC                           :      :      :      :        
  7-bit IDAC                  :    0 :    1 :    1 :  0.00 %
  8-bit IDAC                  :    1 :    0 :    1 : 100.00 %
</CYPRESSTAG>
Technology Mapping: Elapsed time ==> 0s.062ms
Tech Mapping phase: Elapsed time ==> 0s.092ms
</CYPRESSTAG>
<CYPRESSTAG name="Analog Placement">
<CYPRESSTAG name="FFB & IO Pre Placement">
<CYPRESSTAG name="Placement" icon="FILE_RPT_PLACEMENT">

Cell                                : Block                              
=========================================================================
Pin(0)                              : [IOP=(3)][IoId=(1)]                
ClockGenBlock                       : CLK_GEN_[FFB(CLK_GEN,0)]           
\IDAC:cy_psoc4_idac\                : CSIDAC8_[FFB(CSIDAC8,0)]           

</CYPRESSTAG>
</CYPRESSTAG>
<CYPRESSTAG name="Real Analog Placement">
Elapsed time ==> 0.1729962s
</CYPRESSTAG>
Analog Placement phase: Elapsed time ==> 0s.370ms
</CYPRESSTAG>
<CYPRESSTAG name="Analog Routing">
<CYPRESSTAG name="Analog Routing">
Route success=True, Iterations=1 Elapsed=0.0020813 secs
</CYPRESSTAG>
Analog Routing phase: Elapsed time ==> 0s.002ms
</CYPRESSTAG>
<CYPRESSTAG name="Analog Code Generation">
============ Analog Final Answer Routes ============
Dump of CyAnalogRoutingResultsDB
Map of net to items {
  Net: Net_1 {
    idac0_out
    swhv_1
    amuxbusa
    P3_P41
    p3_1
  }
}
Map of item to net {
  idac0_out                                        -> Net_1
  swhv_1                                           -> Net_1
  amuxbusa                                         -> Net_1
  P3_P41                                           -> Net_1
  p3_1                                             -> Net_1
}
Mux Info {
}
Analog Code Generation phase: Elapsed time ==> 0s.017ms
</CYPRESSTAG>
<CYPRESSTAG name="Digital Placement">
<CYPRESSTAG name="Detailed placement messages">
I2076: Total run-time: 0.6 sec.

</CYPRESSTAG>
<CYPRESSTAG name="PLD Packing">
<CYPRESSTAG name="PLD Packing Summary" expanded>

------------------------------------------------------------
PLD Packing Summary
------------------------------------------------------------
            Resource Type : Used : Free :  Max :  % Used
    ====================================================
                     PLDs :    2 :    6 :    8 :  25.00%

<CYPRESSTAG name="PLD Statistics">

        PLD Resource Type :     Average/LAB
    =======================================
                   Inputs :            1.00
                   Pterms :            0.50
               Macrocells :            1.50
</CYPRESSTAG>
<CYPRESSTAG name="Packed PLD Contents">
Packed PLD Contents not displayed at this verbose level.</CYPRESSTAG>
</CYPRESSTAG>
PLD Packing: Elapsed time ==> 0s.000ms
</CYPRESSTAG>
<CYPRESSTAG name="Partitioning">
<CYPRESSTAG name="Initial Partitioning Summary">
Initial Partitioning Summary not displayed at this verbose level.</CYPRESSTAG>
<CYPRESSTAG name="Final Partitioning Summary">
Final Partitioning Summary not displayed at this verbose level.</CYPRESSTAG>
Partitioning: Elapsed time ==> 0s.010ms
</CYPRESSTAG>
<CYPRESSTAG name="Final Placement Summary">

------------------------------------------------------------
Final Placement Summary
------------------------------------------------------------

       Resource Type :      Count : Avg Inputs : Avg Outputs
    ========================================================
                 UDB :          3 :       0.67 :       1.00
<CYPRESSTAG name="Final Placement Details">
<CYPRESSTAG name="Component Details">

------------------------------------------------------------
Component Placement Details
------------------------------------------------------------
UDB [UDB=(0,0)] contents:
LAB@[UDB=(0,0)][LB=0] #macrocells=2, #inputs=2, #pterms=1
{
    [McSlotId=0]:     MacroCell: Name=Net_7, Mode=(D-Register) @ [UDB=(0,0)][LB=0][MC=0]
        Total # of inputs        : 2
        Total # of product terms : 1
        List of special equations: 
            Clock  = (ClockBlock_HFClk) => Global
            Clock Enable: True
        Main Equation            : 1 pterm
        (
              \Timer:TimerUDB:control_7\ * \Timer:TimerUDB:per_zero\
        );
        Output = Net_7 (fanout=1)
        Properties               : 
        {
        }

    [McSlotId=1]:     MacroCell: Name=\Timer:TimerUDB:status_tc\, Mode=(Combinatorial) @ [UDB=(0,0)][LB=0][MC=1]
        Total # of inputs        : 2
        Total # of product terms : 1
            Clock Enable: True
        Main Equation            : 1 pterm
        (
              \Timer:TimerUDB:control_7\ * \Timer:TimerUDB:per_zero\
        );
        Output = \Timer:TimerUDB:status_tc\ (fanout=1)
        Properties               : 
        {
        }

    [McSlotId=2]: (empty)
    [McSlotId=3]: (empty)
}

datapathcell: Name =\Timer:TimerUDB:sT16:timerdp:u1\
    PORT MAP (
        clock => ClockBlock_HFClk ,
        cs_addr_1 => \Timer:TimerUDB:control_7\ ,
        cs_addr_0 => \Timer:TimerUDB:per_zero\ ,
        z0_comb => \Timer:TimerUDB:per_zero\ ,
        f0_bus_stat_comb => \Timer:TimerUDB:status_3\ ,
        f0_blk_stat_comb => \Timer:TimerUDB:status_2\ ,
        chain_in => \Timer:TimerUDB:sT16:timerdp:carry\ );
    Properties:
    {
        a0_init = "00000000"
        a1_init = "00000000"
        ce0_sync = 1
        ce1_sync = 1
        cl0_sync = 1
        cl1_sync = 1
        cmsb_sync = 1
        co_msb_sync = 1
        cy_dpconfig = "0000000001000000000000000100000001000000010000000000000010000000000000001000000000000000100000000000000010000000000000001000000011111111000000001111111111111111100000110000000000000001000000110000000000011000"
        d0_init = "00000000"
        d1_init = "00000000"
        f0_blk_sync = 1
        f0_bus_sync = 1
        f1_blk_sync = 1
        f1_bus_sync = 1
        ff0_sync = 1
        ff1_sync = 1
        ov_msb_sync = 1
        so_sync = 1
        z0_sync = 1
        z1_sync = 1
    }
    Clock Polarity: Active High
    Clock Enable: True
    Previous in chain : \Timer:TimerUDB:sT16:timerdp:u0\

statusicell: Name =\Timer:TimerUDB:rstSts:stsreg\
    PORT MAP (
        clock => ClockBlock_HFClk ,
        status_3 => \Timer:TimerUDB:status_3\ ,
        status_2 => \Timer:TimerUDB:status_2\ ,
        status_0 => \Timer:TimerUDB:status_tc\ );
    Properties:
    {
        cy_force_order = 1
        cy_int_mask = "1111111"
        cy_md_select = "0000011"
    }
    Clock Polarity: Active High
    Clock Enable: True

controlcell: Name =\Timer:TimerUDB:sCTRLReg:SyncCtl:ctrlreg\
    PORT MAP (
        clock => ClockBlock_HFClk ,
        control_7 => \Timer:TimerUDB:control_7\ ,
        control_6 => \Timer:TimerUDB:control_6\ ,
        control_5 => \Timer:TimerUDB:control_5\ ,
        control_4 => \Timer:TimerUDB:control_4\ ,
        control_3 => \Timer:TimerUDB:control_3\ ,
        control_2 => \Timer:TimerUDB:control_2\ ,
        control_1 => \Timer:TimerUDB:control_1\ ,
        control_0 => \Timer:TimerUDB:control_0\ );
    Properties:
    {
        cy_ctrl_mode_0 = "11111111"
        cy_ctrl_mode_1 = "00000000"
        cy_ext_reset = 0
        cy_force_order = 1
        cy_init_value = "00000000"
    }
    Clock Polarity: Active High
    Clock Enable: True

UDB [UDB=(0,1)] is empty.
UDB [UDB=(1,0)] contents:
datapathcell: Name =\Timer:TimerUDB:sT16:timerdp:u0\
    PORT MAP (
        clock => ClockBlock_HFClk ,
        cs_addr_1 => \Timer:TimerUDB:control_7\ ,
        cs_addr_0 => \Timer:TimerUDB:per_zero\ ,
        chain_out => \Timer:TimerUDB:sT16:timerdp:carry\ );
    Properties:
    {
        a0_init = "00000000"
        a1_init = "00000000"
        ce0_sync = 1
        ce1_sync = 1
        cl0_sync = 1
        cl1_sync = 1
        cmsb_sync = 1
        co_msb_sync = 1
        cy_dpconfig = "0000000001000000000000000100000001000000010000000000000010000000000000001000000000000000100000000000000010000000000000001000000011111111000000001111111111111111000000000000000000000001000000000000000000011000"
        d0_init = "00000000"
        d1_init = "00000000"
        f0_blk_sync = 1
        f0_bus_sync = 1
        f1_blk_sync = 1
        f1_bus_sync = 1
        ff0_sync = 1
        ff1_sync = 1
        ov_msb_sync = 1
        so_sync = 1
        z0_sync = 1
        z1_sync = 1
    }
    Clock Polarity: Active High
    Clock Enable: True
    Next in chain : \Timer:TimerUDB:sT16:timerdp:u1\

UDB [UDB=(1,1)] contents:
LAB@[UDB=(1,1)][LB=0] #macrocells=1, #inputs=0, #pterms=0
{
    [McSlotId=0]:     MacroCell: Name=__ONE__, Mode=(Combinatorial) @ [UDB=(1,1)][LB=0][MC=0]
        Total # of inputs        : 0
        Total # of product terms : 0
            Clock Enable: True
        Main Equation            : 0 pterms
        !(
            0
        );
        Output = __ONE__ (fanout=2)
        Properties               : 
        {
        }

    [McSlotId=1]: (empty)
    [McSlotId=2]: (empty)
    [McSlotId=3]: (empty)
}

Intr container @ [IntrContainer=(0)]: 
  Intr@ [IntrContainer=(0)][IntrId=(0)] 
    interrupt: Name =isr
        PORT MAP (
            interrupt => Net_7 );
        Properties:
        {
            int_type = "10"
            is_nmi = 0
        }
Port 0 contains the following IO cells:
Port 1 contains the following IO cells:
Port 2 contains the following IO cells:
Port 3 contains the following IO cells:
[IoId=1]: 
Pin : Name = Pin(0)
    Attributes:
        In Group/Port: True
        In Sync Option: AUTO
        Out Sync Option: AUTO
        Interrupt generated: False
        Interrupt mode: NONE
        Drive mode: HI_Z_ANALOG
        VTrip: EITHER
        Slew: FAST
        Input Sync needed: False
        Output Sync needed: False
        SC shield enabled: False
        POR State: ANY
        LCD Mode: COMMON
        Register Mode: RegComb
        CaSense Mode: NEITHER
        Treat as pin: True
        Is OE Registered: False
        Uses Analog: True
        Can contain Digital: False
        Is SIO: False
        SIO Output Buf: NONREGULATED
        SIO Input Buf: SINGLE_ENDED
        SIO HiFreq: LOW
        SIO Hyst: DISABLED
        SIO Vtrip: MULTIPLIER_0_5
        SIO Multiplier Index: 0
        SIO RefSel: VCC_IO
        Required Capabilities: ANALOG
        Initial Value: 1
        IO Voltage: 0
    PORT MAP (
        pa_out => Pin(0)__PA ,
        analog_term => Net_1 ,
        pad => Pin(0)_PAD ,
        pin_input => __ONE__ );
    Properties:
    {
    }

Port 4 contains the following IO cells:
ARM group 0: empty
Clock group 0: 
    Clock Block @ F(Clock,0): 
    m0s8clockblockcell: Name =ClockBlock
        PORT MAP (
            hfclk => ClockBlock_HFClk ,
            imo => ClockBlock_IMO ,
            ext => ClockBlock_ExtClk ,
            sysclk => ClockBlock_SysClk ,
            ilo => ClockBlock_ILO ,
            lfclk => ClockBlock_LFClk ,
            dsi_in_0 => ClockBlock_Routed1 );
        Properties:
        {
        }
LCD group 0: empty
PICU group 0: empty
LPCOMP group 0: empty
SCB group 0: empty
CSD group 0: empty
CSIDAC8 group 0: 
    8-bit IDAC @ F(CSIDAC8,0): 
    p4csidac8cell: Name =\IDAC:cy_psoc4_idac\
        PORT MAP (
            iout => Net_1 ,
            en => __ONE__ );
        Properties:
        {
            cy_registers = ""
            resolution = 8
        }
CSIDAC7 group 0: empty
TCPWM group 0: empty
OA group 0: empty
TEMP group 0: empty
SARADC group 0: empty
CLK_GEN group 0: 
    M0S8 Clock Gen Block @ F(CLK_GEN,0): 
    m0s8clockgenblockcell: Name =ClockGenBlock
        PORT MAP (
             );
        Properties:
        {
        }
LPCOMPBLOCK group 0: empty
PASSBLOCK group 0: empty
WCO group 0: empty
SRSS group 0: empty
CPUSS group 0: empty
EXCO group 0: empty
</CYPRESSTAG>
<CYPRESSTAG name="Port Configuration Details">

------------------------------------------------------------
Port Configuration report
------------------------------------------------------------
     |     |       | Interrupt |                  |        | 
Port | Pin | Fixed |      Type |       Drive Mode |   Name | Connections
-----+-----+-------+-----------+------------------+--------+---------------------------
   3 |   1 |     * |      NONE |      HI_Z_ANALOG | Pin(0) | In(__ONE__), Analog(Net_1)
---------------------------------------------------------------------------------------
</CYPRESSTAG>
</CYPRESSTAG>
</CYPRESSTAG>
Digital component placer commit/Report: Elapsed time ==> 0s.013ms
Digital Placement phase: Elapsed time ==> 0s.818ms
</CYPRESSTAG>
<CYPRESSTAG name="Digital Routing">
"C:\Program Files (x86)\Cypress\PSoC Creator\4.4\PSoC Creator\bin/sjrouter.exe" --xml-path "C:\Program Files (x86)\Cypress\PSoC Creator\4.4\PSoC Creator\dev\psoc4/psoc4a/route_arch-rrg.cydata" --vh2-path "LR4_r.vh2" --pcf-path "LR4.pco" --des-name "LR4" --dsf-path "LR4.dsf" --sdc-path "LR4.sdc" --lib-path "LR4_r.lib"
Routing successful.
Digital Routing phase: Elapsed time ==> 0s.786ms
</CYPRESSTAG>
<CYPRESSTAG name="Bitstream Generation">
Bitstream Generation phase: Elapsed time ==> 0s.164ms
</CYPRESSTAG>
<CYPRESSTAG name="Bitstream Verification">
Bitstream Verification phase: Elapsed time ==> 0s.024ms
</CYPRESSTAG>
<CYPRESSTAG name="Static timing analysis">
Timing report is in LR4_timing.html.
Static timing analysis phase: Elapsed time ==> 0s.186ms
</CYPRESSTAG>
<CYPRESSTAG name="Data reporting">
Data reporting phase: Elapsed time ==> 0s.000ms
</CYPRESSTAG>
<CYPRESSTAG name="Database update...">
Design database save phase: Elapsed time ==> 0s.237ms
</CYPRESSTAG>
cydsfit: Elapsed time ==> 2s.789ms
</CYPRESSTAG>
Fitter phase: Elapsed time ==> 2s.791ms
API generation phase: Elapsed time ==> 0s.805ms
Dependency generation phase: Elapsed time ==> 0s.011ms
Cleanup phase: Elapsed time ==> 0s.000ms
